[2023-10-08 10:45:15] local.EMERGENCY: array (
  'notifsRappelCount' => 0,
  'notifsValidationCount' => 0,
  'notifsMessageCount' => 0,
)  
[2023-10-08 10:45:16] local.ALERT: DossierAchats Request Params from view  
[2023-10-08 10:45:16] local.INFO: array (
  'annee_gestion' => '2023',
  'situation_dossier' => 'all',
  'type_demande' => 'all',
  'type_dossier' => 'all',
)  
[2023-10-08 10:45:16] local.INFO: Result of query DossierAchats : [{"id":20,"annee_gestion":"2023","code_projet":"PA00001\/2023","code_dossier":"CA0001\/2023","situation_dossier":1,"objet_dossier":"\u0627\u0642\u062a\u0646\u0627\u0621 \u062d\u0648\u0627\u0633\u064a\u0628","organisme_financier":"dgsdgsdgsgs","source_finance":1,"nature_finance":"FIXE","type_dossier":"CONSULTATION","type_demande":"1","type_commission":null,"date_cloture":null,"dossiers_debut_travaux":null,"created_at":"2023-09-22T11:18:47.000000Z","updated_at":"2023-09-22T11:18:47.000000Z","deleted_at":null,"created_by":30011,"updated_by":30011,"soumissionaire_id":null}]  
[2023-10-08 10:46:45] local.INFO: الشادلي الحاج علي  
[2023-10-08 10:46:46] local.ERROR: Failed to authenticate on SMTP server with username "echedli1@gmail.com" using 3 possible authenticators. Authenticator LOGIN returned Expected response code 235 but got code "535", with message "535-5.7.8 Username and Password not accepted. Learn more at
535 5.7.8  https://support.google.com/mail/?p=BadCredentials s11-20020a5d424b000000b003248a490e3asm6526064wrr.39 - gsmtp
". Authenticator PLAIN returned Expected response code 235 but got code "535", with message "535-5.7.8 Username and Password not accepted. Learn more at
535 5.7.8  https://support.google.com/mail/?p=BadCredentials s11-20020a5d424b000000b003248a490e3asm6526064wrr.39 - gsmtp
". Authenticator XOAUTH2 returned Expected response code 250 but got code "535", with message "535-5.7.8 Username and Password not accepted. Learn more at
535 5.7.8  https://support.google.com/mail/?p=BadCredentials s11-20020a5d424b000000b003248a490e3asm6526064wrr.39 - gsmtp
". {"userId":30011,"exception":"[object] (Swift_TransportException(code: 0): Failed to authenticate on SMTP server with username \"echedli1@gmail.com\" using 3 possible authenticators. Authenticator LOGIN returned Expected response code 235 but got code \"535\", with message \"535-5.7.8 Username and Password not accepted. Learn more at
535 5.7.8  https://support.google.com/mail/?p=BadCredentials s11-20020a5d424b000000b003248a490e3asm6526064wrr.39 - gsmtp
\". Authenticator PLAIN returned Expected response code 235 but got code \"535\", with message \"535-5.7.8 Username and Password not accepted. Learn more at
535 5.7.8  https://support.google.com/mail/?p=BadCredentials s11-20020a5d424b000000b003248a490e3asm6526064wrr.39 - gsmtp
\". Authenticator XOAUTH2 returned Expected response code 250 but got code \"535\", with message \"535-5.7.8 Username and Password not accepted. Learn more at
535 5.7.8  https://support.google.com/mail/?p=BadCredentials s11-20020a5d424b000000b003248a490e3asm6526064wrr.39 - gsmtp
\". at D:\\MesProjetsLaravel\\elite-marche\\elite-marche\\vendor\\swiftmailer\\swiftmailer\\lib\\classes\\Swift\\Transport\\Esmtp\\AuthHandler.php:191)
[stacktrace]
#0 D:\\MesProjetsLaravel\\elite-marche\\elite-marche\\vendor\\swiftmailer\\swiftmailer\\lib\\classes\\Swift\\Transport\\EsmtpTransport.php(371): Swift_Transport_Esmtp_AuthHandler->afterEhlo()
#1 D:\\MesProjetsLaravel\\elite-marche\\elite-marche\\vendor\\swiftmailer\\swiftmailer\\lib\\classes\\Swift\\Transport\\AbstractSmtpTransport.php(148): Swift_Transport_EsmtpTransport->doHeloCommand()
#2 D:\\MesProjetsLaravel\\elite-marche\\elite-marche\\vendor\\swiftmailer\\swiftmailer\\lib\\classes\\Swift\\Mailer.php(65): Swift_Transport_AbstractSmtpTransport->start()
#3 D:\\MesProjetsLaravel\\elite-marche\\elite-marche\\vendor\\laravel\\framework\\src\\Illuminate\\Mail\\Mailer.php(521): Swift_Mailer->send()
#4 D:\\MesProjetsLaravel\\elite-marche\\elite-marche\\vendor\\laravel\\framework\\src\\Illuminate\\Mail\\Mailer.php(288): Illuminate\\Mail\\Mailer->sendSwiftMessage()
#5 D:\\MesProjetsLaravel\\elite-marche\\elite-marche\\vendor\\laravel\\framework\\src\\Illuminate\\Notifications\\Channels\\MailChannel.php(65): Illuminate\\Mail\\Mailer->send()
#6 D:\\MesProjetsLaravel\\elite-marche\\elite-marche\\vendor\\laravel\\framework\\src\\Illuminate\\Notifications\\NotificationSender.php(148): Illuminate\\Notifications\\Channels\\MailChannel->send()
#7 D:\\MesProjetsLaravel\\elite-marche\\elite-marche\\vendor\\laravel\\framework\\src\\Illuminate\\Notifications\\NotificationSender.php(106): Illuminate\\Notifications\\NotificationSender->sendToNotifiable()
#8 D:\\MesProjetsLaravel\\elite-marche\\elite-marche\\vendor\\laravel\\framework\\src\\Illuminate\\Support\\Traits\\Localizable.php(19): Illuminate\\Notifications\\NotificationSender->Illuminate\\Notifications\\{closure}()
#9 D:\\MesProjetsLaravel\\elite-marche\\elite-marche\\vendor\\laravel\\framework\\src\\Illuminate\\Notifications\\NotificationSender.php(109): Illuminate\\Notifications\\NotificationSender->withLocale()
#10 D:\\MesProjetsLaravel\\elite-marche\\elite-marche\\vendor\\laravel\\framework\\src\\Illuminate\\Notifications\\NotificationSender.php(79): Illuminate\\Notifications\\NotificationSender->sendNow()
#11 D:\\MesProjetsLaravel\\elite-marche\\elite-marche\\vendor\\laravel\\framework\\src\\Illuminate\\Notifications\\ChannelManager.php(39): Illuminate\\Notifications\\NotificationSender->send()
#12 D:\\MesProjetsLaravel\\elite-marche\\elite-marche\\vendor\\laravel\\framework\\src\\Illuminate\\Notifications\\RoutesNotifications.php(18): Illuminate\\Notifications\\ChannelManager->send()
#13 D:\\MesProjetsLaravel\\elite-marche\\elite-marche\\app\\Repositories\\UserRepository.php(78): App\\Models\\User->notify()
#14 D:\\MesProjetsLaravel\\elite-marche\\elite-marche\\app\\Http\\Controllers\\UserController.php(78): App\\Repositories\\UserRepository->create()
#15 D:\\MesProjetsLaravel\\elite-marche\\elite-marche\\vendor\\laravel\\framework\\src\\Illuminate\\Routing\\Controller.php(54): App\\Http\\Controllers\\UserController->store()
#16 D:\\MesProjetsLaravel\\elite-marche\\elite-marche\\vendor\\laravel\\framework\\src\\Illuminate\\Routing\\ControllerDispatcher.php(45): Illuminate\\Routing\\Controller->callAction()
#17 D:\\MesProjetsLaravel\\elite-marche\\elite-marche\\vendor\\laravel\\framework\\src\\Illuminate\\Routing\\Route.php(262): Illuminate\\Routing\\ControllerDispatcher->dispatch()
#18 D:\\MesProjetsLaravel\\elite-marche\\elite-marche\\vendor\\laravel\\framework\\src\\Illuminate\\Routing\\Route.php(205): Illuminate\\Routing\\Route->runController()
#19 D:\\MesProjetsLaravel\\elite-marche\\elite-marche\\vendor\\laravel\\framework\\src\\Illuminate\\Routing\\Router.php(721): Illuminate\\Routing\\Route->run()
#20 D:\\MesProjetsLaravel\\elite-marche\\elite-marche\\vendor\\laravel\\framework\\src\\Illuminate\\Pipeline\\Pipeline.php(128): Illuminate\\Routing\\Router->Illuminate\\Routing\\{closure}()
#21 D:\\MesProjetsLaravel\\elite-marche\\elite-marche\\app\\Http\\Middleware\\SecureHeaders.php(20): Illuminate\\Pipeline\\Pipeline->Illuminate\\Pipeline\\{closure}()
#22 D:\\MesProjetsLaravel\\elite-marche\\elite-marche\\vendor\\laravel\\framework\\src\\Illuminate\\Pipeline\\Pipeline.php(167): App\\Http\\Middleware\\SecureHeaders->handle()
#23 D:\\MesProjetsLaravel\\elite-marche\\elite-marche\\vendor\\laravel\\framework\\src\\Illuminate\\Routing\\Middleware\\SubstituteBindings.php(50): Illuminate\\Pipeline\\Pipeline->Illuminate\\Pipeline\\{closure}()
#24 D:\\MesProjetsLaravel\\elite-marche\\elite-marche\\vendor\\laravel\\framework\\src\\Illuminate\\Pipeline\\Pipeline.php(167): Illuminate\\Routing\\Middleware\\SubstituteBindings->handle()
#25 D:\\MesProjetsLaravel\\elite-marche\\elite-marche\\vendor\\laravel\\framework\\src\\Illuminate\\Auth\\Middleware\\Authenticate.php(44): Illuminate\\Pipeline\\Pipeline->Illuminate\\Pipeline\\{closure}()
#26 D:\\MesProjetsLaravel\\elite-marche\\elite-marche\\vendor\\laravel\\framework\\src\\Illuminate\\Pipeline\\Pipeline.php(167): Illuminate\\Auth\\Middleware\\Authenticate->handle()
#27 D:\\MesProjetsLaravel\\elite-marche\\elite-marche\\vendor\\laravel\\framework\\src\\Illuminate\\Foundation\\Http\\Middleware\\VerifyCsrfToken.php(78): Illuminate\\Pipeline\\Pipeline->Illuminate\\Pipeline\\{closure}()
#28 D:\\MesProjetsLaravel\\elite-marche\\elite-marche\\vendor\\laravel\\framework\\src\\Illuminate\\Pipeline\\Pipeline.php(167): Illuminate\\Foundation\\Http\\Middleware\\VerifyCsrfToken->handle()
#29 D:\\MesProjetsLaravel\\elite-marche\\elite-marche\\vendor\\laravel\\framework\\src\\Illuminate\\View\\Middleware\\ShareErrorsFromSession.php(49): Illuminate\\Pipeline\\Pipeline->Illuminate\\Pipeline\\{closure}()
#30 D:\\MesProjetsLaravel\\elite-marche\\elite-marche\\vendor\\laravel\\framework\\src\\Illuminate\\Pipeline\\Pipeline.php(167): Illuminate\\View\\Middleware\\ShareErrorsFromSession->handle()
#31 D:\\MesProjetsLaravel\\elite-marche\\elite-marche\\vendor\\laravel\\framework\\src\\Illuminate\\Session\\Middleware\\StartSession.php(121): Illuminate\\Pipeline\\Pipeline->Illuminate\\Pipeline\\{closure}()
#32 D:\\MesProjetsLaravel\\elite-marche\\elite-marche\\vendor\\laravel\\framework\\src\\Illuminate\\Session\\Middleware\\StartSession.php(64): Illuminate\\Session\\Middleware\\StartSession->handleStatefulRequest()
#33 D:\\MesProjetsLaravel\\elite-marche\\elite-marche\\vendor\\laravel\\framework\\src\\Illuminate\\Pipeline\\Pipeline.php(167): Illuminate\\Session\\Middleware\\StartSession->handle()
#34 D:\\MesProjetsLaravel\\elite-marche\\elite-marche\\vendor\\laravel\\framework\\src\\Illuminate\\Cookie\\Middleware\\AddQueuedCookiesToResponse.php(37): Illuminate\\Pipeline\\Pipeline->Illuminate\\Pipeline\\{closure}()
#35 D:\\MesProjetsLaravel\\elite-marche\\elite-marche\\vendor\\laravel\\framework\\src\\Illuminate\\Pipeline\\Pipeline.php(167): Illuminate\\Cookie\\Middleware\\AddQueuedCookiesToResponse->handle()
#36 D:\\MesProjetsLaravel\\elite-marche\\elite-marche\\vendor\\laravel\\framework\\src\\Illuminate\\Cookie\\Middleware\\EncryptCookies.php(67): Illuminate\\Pipeline\\Pipeline->Illuminate\\Pipeline\\{closure}()
#37 D:\\MesProjetsLaravel\\elite-marche\\elite-marche\\vendor\\laravel\\framework\\src\\Illuminate\\Pipeline\\Pipeline.php(167): Illuminate\\Cookie\\Middleware\\EncryptCookies->handle()
#38 D:\\MesProjetsLaravel\\elite-marche\\elite-marche\\vendor\\laravel\\framework\\src\\Illuminate\\Pipeline\\Pipeline.php(103): Illuminate\\Pipeline\\Pipeline->Illuminate\\Pipeline\\{closure}()
#39 D:\\MesProjetsLaravel\\elite-marche\\elite-marche\\vendor\\laravel\\framework\\src\\Illuminate\\Routing\\Router.php(723): Illuminate\\Pipeline\\Pipeline->then()
#40 D:\\MesProjetsLaravel\\elite-marche\\elite-marche\\vendor\\laravel\\framework\\src\\Illuminate\\Routing\\Router.php(698): Illuminate\\Routing\\Router->runRouteWithinStack()
#41 D:\\MesProjetsLaravel\\elite-marche\\elite-marche\\vendor\\laravel\\framework\\src\\Illuminate\\Routing\\Router.php(662): Illuminate\\Routing\\Router->runRoute()
#42 D:\\MesProjetsLaravel\\elite-marche\\elite-marche\\vendor\\laravel\\framework\\src\\Illuminate\\Routing\\Router.php(651): Illuminate\\Routing\\Router->dispatchToRoute()
#43 D:\\MesProjetsLaravel\\elite-marche\\elite-marche\\vendor\\laravel\\framework\\src\\Illuminate\\Foundation\\Http\\Kernel.php(167): Illuminate\\Routing\\Router->dispatch()
#44 D:\\MesProjetsLaravel\\elite-marche\\elite-marche\\vendor\\laravel\\framework\\src\\Illuminate\\Pipeline\\Pipeline.php(128): Illuminate\\Foundation\\Http\\Kernel->Illuminate\\Foundation\\Http\\{closure}()
#45 D:\\MesProjetsLaravel\\elite-marche\\elite-marche\\vendor\\laravel\\framework\\src\\Illuminate\\Foundation\\Http\\Middleware\\TransformsRequest.php(21): Illuminate\\Pipeline\\Pipeline->Illuminate\\Pipeline\\{closure}()
#46 D:\\MesProjetsLaravel\\elite-marche\\elite-marche\\vendor\\laravel\\framework\\src\\Illuminate\\Foundation\\Http\\Middleware\\ConvertEmptyStringsToNull.php(31): Illuminate\\Foundation\\Http\\Middleware\\TransformsRequest->handle()
#47 D:\\MesProjetsLaravel\\elite-marche\\elite-marche\\vendor\\laravel\\framework\\src\\Illuminate\\Pipeline\\Pipeline.php(167): Illuminate\\Foundation\\Http\\Middleware\\ConvertEmptyStringsToNull->handle()
#48 D:\\MesProjetsLaravel\\elite-marche\\elite-marche\\vendor\\laravel\\framework\\src\\Illuminate\\Foundation\\Http\\Middleware\\TransformsRequest.php(21): Illuminate\\Pipeline\\Pipeline->Illuminate\\Pipeline\\{closure}()
#49 D:\\MesProjetsLaravel\\elite-marche\\elite-marche\\vendor\\laravel\\framework\\src\\Illuminate\\Foundation\\Http\\Middleware\\TrimStrings.php(40): Illuminate\\Foundation\\Http\\Middleware\\TransformsRequest->handle()
#50 D:\\MesProjetsLaravel\\elite-marche\\elite-marche\\vendor\\laravel\\framework\\src\\Illuminate\\Pipeline\\Pipeline.php(167): Illuminate\\Foundation\\Http\\Middleware\\TrimStrings->handle()
#51 D:\\MesProjetsLaravel\\elite-marche\\elite-marche\\vendor\\laravel\\framework\\src\\Illuminate\\Foundation\\Http\\Middleware\\ValidatePostSize.php(27): Illuminate\\Pipeline\\Pipeline->Illuminate\\Pipeline\\{closure}()
#52 D:\\MesProjetsLaravel\\elite-marche\\elite-marche\\vendor\\laravel\\framework\\src\\Illuminate\\Pipeline\\Pipeline.php(167): Illuminate\\Foundation\\Http\\Middleware\\ValidatePostSize->handle()
#53 D:\\MesProjetsLaravel\\elite-marche\\elite-marche\\vendor\\laravel\\framework\\src\\Illuminate\\Foundation\\Http\\Middleware\\PreventRequestsDuringMaintenance.php(86): Illuminate\\Pipeline\\Pipeline->Illuminate\\Pipeline\\{closure}()
#54 D:\\MesProjetsLaravel\\elite-marche\\elite-marche\\vendor\\laravel\\framework\\src\\Illuminate\\Pipeline\\Pipeline.php(167): Illuminate\\Foundation\\Http\\Middleware\\PreventRequestsDuringMaintenance->handle()
#55 D:\\MesProjetsLaravel\\elite-marche\\elite-marche\\vendor\\fruitcake\\laravel-cors\\src\\HandleCors.php(38): Illuminate\\Pipeline\\Pipeline->Illuminate\\Pipeline\\{closure}()
#56 D:\\MesProjetsLaravel\\elite-marche\\elite-marche\\vendor\\laravel\\framework\\src\\Illuminate\\Pipeline\\Pipeline.php(167): Fruitcake\\Cors\\HandleCors->handle()
#57 D:\\MesProjetsLaravel\\elite-marche\\elite-marche\\vendor\\fideloper\\proxy\\src\\TrustProxies.php(57): Illuminate\\Pipeline\\Pipeline->Illuminate\\Pipeline\\{closure}()
#58 D:\\MesProjetsLaravel\\elite-marche\\elite-marche\\vendor\\laravel\\framework\\src\\Illuminate\\Pipeline\\Pipeline.php(167): Fideloper\\Proxy\\TrustProxies->handle()
#59 D:\\MesProjetsLaravel\\elite-marche\\elite-marche\\vendor\\laravel\\framework\\src\\Illuminate\\Http\\Middleware\\TrustHosts.php(48): Illuminate\\Pipeline\\Pipeline->Illuminate\\Pipeline\\{closure}()
#60 D:\\MesProjetsLaravel\\elite-marche\\elite-marche\\vendor\\laravel\\framework\\src\\Illuminate\\Pipeline\\Pipeline.php(167): Illuminate\\Http\\Middleware\\TrustHosts->handle()
#61 D:\\MesProjetsLaravel\\elite-marche\\elite-marche\\vendor\\laravel\\framework\\src\\Illuminate\\Pipeline\\Pipeline.php(103): Illuminate\\Pipeline\\Pipeline->Illuminate\\Pipeline\\{closure}()
#62 D:\\MesProjetsLaravel\\elite-marche\\elite-marche\\vendor\\laravel\\framework\\src\\Illuminate\\Foundation\\Http\\Kernel.php(142): Illuminate\\Pipeline\\Pipeline->then()
#63 D:\\MesProjetsLaravel\\elite-marche\\elite-marche\\vendor\\laravel\\framework\\src\\Illuminate\\Foundation\\Http\\Kernel.php(111): Illuminate\\Foundation\\Http\\Kernel->sendRequestThroughRouter()
#64 D:\\MesProjetsLaravel\\elite-marche\\elite-marche\\public\\index.php(52): Illuminate\\Foundation\\Http\\Kernel->handle()
#65 D:\\MesProjetsLaravel\\elite-marche\\elite-marche\\server.php(21): require_once('D:\\\\MesProjetsLa...')
#66 {main}
"} 
[2023-10-08 10:58:40] local.ERROR: SQLSTATE[23000]: Integrity constraint violation: 1062 Duplicate entry 'echedli1@gmail.com' for key 'users.users_email_unique' (SQL: insert into `users` (`name`, `active`, `email`, `phone_num`, `adress`, `user_type`, `services_id`, `password`, `full_name`, `updated_at`, `created_at`) values (الشادلي الحاج علي, 1, echedli1@gmail.com, +33758656327, , user, 2, $2y$10$HXkIMEAqK6/FS6v7y3ygTepYaYvZ5WEnKhLfhvws1zVx7T3yx4HyO, الشادلي الحاج علي, 2023-10-08 10:58:40, 2023-10-08 10:58:40)) {"userId":30011,"exception":"[object] (Illuminate\\Database\\QueryException(code: 23000): SQLSTATE[23000]: Integrity constraint violation: 1062 Duplicate entry 'echedli1@gmail.com' for key 'users.users_email_unique' (SQL: insert into `users` (`name`, `active`, `email`, `phone_num`, `adress`, `user_type`, `services_id`, `password`, `full_name`, `updated_at`, `created_at`) values (الشادلي الحاج علي, 1, echedli1@gmail.com, +33758656327, , user, 2, $2y$10$HXkIMEAqK6/FS6v7y3ygTepYaYvZ5WEnKhLfhvws1zVx7T3yx4HyO, الشادلي الحاج علي, 2023-10-08 10:58:40, 2023-10-08 10:58:40)) at D:\\MesProjetsLaravel\\elite-marche\\elite-marche\\vendor\\laravel\\framework\\src\\Illuminate\\Database\\Connection.php:712)
[stacktrace]
#0 D:\\MesProjetsLaravel\\elite-marche\\elite-marche\\vendor\\laravel\\framework\\src\\Illuminate\\Database\\Connection.php(672): Illuminate\\Database\\Connection->runQueryCallback()
#1 D:\\MesProjetsLaravel\\elite-marche\\elite-marche\\vendor\\laravel\\framework\\src\\Illuminate\\Database\\Connection.php(502): Illuminate\\Database\\Connection->run()
#2 D:\\MesProjetsLaravel\\elite-marche\\elite-marche\\vendor\\laravel\\framework\\src\\Illuminate\\Database\\Connection.php(454): Illuminate\\Database\\Connection->statement()
#3 D:\\MesProjetsLaravel\\elite-marche\\elite-marche\\vendor\\laravel\\framework\\src\\Illuminate\\Database\\Query\\Processors\\Processor.php(32): Illuminate\\Database\\Connection->insert()
#4 D:\\MesProjetsLaravel\\elite-marche\\elite-marche\\vendor\\laravel\\framework\\src\\Illuminate\\Database\\Query\\Builder.php(3028): Illuminate\\Database\\Query\\Processors\\Processor->processInsertGetId()
#5 D:\\MesProjetsLaravel\\elite-marche\\elite-marche\\vendor\\laravel\\framework\\src\\Illuminate\\Database\\Eloquent\\Builder.php(1657): Illuminate\\Database\\Query\\Builder->insertGetId()
#6 D:\\MesProjetsLaravel\\elite-marche\\elite-marche\\vendor\\laravel\\framework\\src\\Illuminate\\Database\\Eloquent\\Model.php(1188): Illuminate\\Database\\Eloquent\\Builder->__call()
#7 D:\\MesProjetsLaravel\\elite-marche\\elite-marche\\vendor\\laravel\\framework\\src\\Illuminate\\Database\\Eloquent\\Model.php(1153): Illuminate\\Database\\Eloquent\\Model->insertAndSetId()
#8 D:\\MesProjetsLaravel\\elite-marche\\elite-marche\\vendor\\laravel\\framework\\src\\Illuminate\\Database\\Eloquent\\Model.php(994): Illuminate\\Database\\Eloquent\\Model->performInsert()
#9 D:\\MesProjetsLaravel\\elite-marche\\elite-marche\\vendor\\laravel\\framework\\src\\Illuminate\\Database\\Eloquent\\Builder.php(896): Illuminate\\Database\\Eloquent\\Model->save()
#10 D:\\MesProjetsLaravel\\elite-marche\\elite-marche\\vendor\\laravel\\framework\\src\\Illuminate\\Support\\helpers.php(263): Illuminate\\Database\\Eloquent\\Builder->Illuminate\\Database\\Eloquent\\{closure}()
#11 D:\\MesProjetsLaravel\\elite-marche\\elite-marche\\vendor\\laravel\\framework\\src\\Illuminate\\Database\\Eloquent\\Builder.php(897): tap()
#12 D:\\MesProjetsLaravel\\elite-marche\\elite-marche\\vendor\\laravel\\framework\\src\\Illuminate\\Support\\Traits\\ForwardsCalls.php(23): Illuminate\\Database\\Eloquent\\Builder->create()
#13 D:\\MesProjetsLaravel\\elite-marche\\elite-marche\\vendor\\laravel\\framework\\src\\Illuminate\\Database\\Eloquent\\Model.php(2132): Illuminate\\Database\\Eloquent\\Model->forwardCallTo()
#14 D:\\MesProjetsLaravel\\elite-marche\\elite-marche\\vendor\\laravel\\framework\\src\\Illuminate\\Database\\Eloquent\\Model.php(2144): Illuminate\\Database\\Eloquent\\Model->__call()
#15 D:\\MesProjetsLaravel\\elite-marche\\elite-marche\\app\\Repositories\\UserRepository.php(70): Illuminate\\Database\\Eloquent\\Model::__callStatic()
#16 D:\\MesProjetsLaravel\\elite-marche\\elite-marche\\app\\Http\\Controllers\\UserController.php(78): App\\Repositories\\UserRepository->create()
#17 D:\\MesProjetsLaravel\\elite-marche\\elite-marche\\vendor\\laravel\\framework\\src\\Illuminate\\Routing\\Controller.php(54): App\\Http\\Controllers\\UserController->store()
#18 D:\\MesProjetsLaravel\\elite-marche\\elite-marche\\vendor\\laravel\\framework\\src\\Illuminate\\Routing\\ControllerDispatcher.php(45): Illuminate\\Routing\\Controller->callAction()
#19 D:\\MesProjetsLaravel\\elite-marche\\elite-marche\\vendor\\laravel\\framework\\src\\Illuminate\\Routing\\Route.php(262): Illuminate\\Routing\\ControllerDispatcher->dispatch()
#20 D:\\MesProjetsLaravel\\elite-marche\\elite-marche\\vendor\\laravel\\framework\\src\\Illuminate\\Routing\\Route.php(205): Illuminate\\Routing\\Route->runController()
#21 D:\\MesProjetsLaravel\\elite-marche\\elite-marche\\vendor\\laravel\\framework\\src\\Illuminate\\Routing\\Router.php(721): Illuminate\\Routing\\Route->run()
#22 D:\\MesProjetsLaravel\\elite-marche\\elite-marche\\vendor\\laravel\\framework\\src\\Illuminate\\Pipeline\\Pipeline.php(128): Illuminate\\Routing\\Router->Illuminate\\Routing\\{closure}()
#23 D:\\MesProjetsLaravel\\elite-marche\\elite-marche\\app\\Http\\Middleware\\SecureHeaders.php(20): Illuminate\\Pipeline\\Pipeline->Illuminate\\Pipeline\\{closure}()
#24 D:\\MesProjetsLaravel\\elite-marche\\elite-marche\\vendor\\laravel\\framework\\src\\Illuminate\\Pipeline\\Pipeline.php(167): App\\Http\\Middleware\\SecureHeaders->handle()
#25 D:\\MesProjetsLaravel\\elite-marche\\elite-marche\\vendor\\laravel\\framework\\src\\Illuminate\\Routing\\Middleware\\SubstituteBindings.php(50): Illuminate\\Pipeline\\Pipeline->Illuminate\\Pipeline\\{closure}()
#26 D:\\MesProjetsLaravel\\elite-marche\\elite-marche\\vendor\\laravel\\framework\\src\\Illuminate\\Pipeline\\Pipeline.php(167): Illuminate\\Routing\\Middleware\\SubstituteBindings->handle()
#27 D:\\MesProjetsLaravel\\elite-marche\\elite-marche\\vendor\\laravel\\framework\\src\\Illuminate\\Auth\\Middleware\\Authenticate.php(44): Illuminate\\Pipeline\\Pipeline->Illuminate\\Pipeline\\{closure}()
#28 D:\\MesProjetsLaravel\\elite-marche\\elite-marche\\vendor\\laravel\\framework\\src\\Illuminate\\Pipeline\\Pipeline.php(167): Illuminate\\Auth\\Middleware\\Authenticate->handle()
#29 D:\\MesProjetsLaravel\\elite-marche\\elite-marche\\vendor\\laravel\\framework\\src\\Illuminate\\Foundation\\Http\\Middleware\\VerifyCsrfToken.php(78): Illuminate\\Pipeline\\Pipeline->Illuminate\\Pipeline\\{closure}()
#30 D:\\MesProjetsLaravel\\elite-marche\\elite-marche\\vendor\\laravel\\framework\\src\\Illuminate\\Pipeline\\Pipeline.php(167): Illuminate\\Foundation\\Http\\Middleware\\VerifyCsrfToken->handle()
#31 D:\\MesProjetsLaravel\\elite-marche\\elite-marche\\vendor\\laravel\\framework\\src\\Illuminate\\View\\Middleware\\ShareErrorsFromSession.php(49): Illuminate\\Pipeline\\Pipeline->Illuminate\\Pipeline\\{closure}()
#32 D:\\MesProjetsLaravel\\elite-marche\\elite-marche\\vendor\\laravel\\framework\\src\\Illuminate\\Pipeline\\Pipeline.php(167): Illuminate\\View\\Middleware\\ShareErrorsFromSession->handle()
#33 D:\\MesProjetsLaravel\\elite-marche\\elite-marche\\vendor\\laravel\\framework\\src\\Illuminate\\Session\\Middleware\\StartSession.php(121): Illuminate\\Pipeline\\Pipeline->Illuminate\\Pipeline\\{closure}()
#34 D:\\MesProjetsLaravel\\elite-marche\\elite-marche\\vendor\\laravel\\framework\\src\\Illuminate\\Session\\Middleware\\StartSession.php(64): Illuminate\\Session\\Middleware\\StartSession->handleStatefulRequest()
#35 D:\\MesProjetsLaravel\\elite-marche\\elite-marche\\vendor\\laravel\\framework\\src\\Illuminate\\Pipeline\\Pipeline.php(167): Illuminate\\Session\\Middleware\\StartSession->handle()
#36 D:\\MesProjetsLaravel\\elite-marche\\elite-marche\\vendor\\laravel\\framework\\src\\Illuminate\\Cookie\\Middleware\\AddQueuedCookiesToResponse.php(37): Illuminate\\Pipeline\\Pipeline->Illuminate\\Pipeline\\{closure}()
#37 D:\\MesProjetsLaravel\\elite-marche\\elite-marche\\vendor\\laravel\\framework\\src\\Illuminate\\Pipeline\\Pipeline.php(167): Illuminate\\Cookie\\Middleware\\AddQueuedCookiesToResponse->handle()
#38 D:\\MesProjetsLaravel\\elite-marche\\elite-marche\\vendor\\laravel\\framework\\src\\Illuminate\\Cookie\\Middleware\\EncryptCookies.php(67): Illuminate\\Pipeline\\Pipeline->Illuminate\\Pipeline\\{closure}()
#39 D:\\MesProjetsLaravel\\elite-marche\\elite-marche\\vendor\\laravel\\framework\\src\\Illuminate\\Pipeline\\Pipeline.php(167): Illuminate\\Cookie\\Middleware\\EncryptCookies->handle()
#40 D:\\MesProjetsLaravel\\elite-marche\\elite-marche\\vendor\\laravel\\framework\\src\\Illuminate\\Pipeline\\Pipeline.php(103): Illuminate\\Pipeline\\Pipeline->Illuminate\\Pipeline\\{closure}()
#41 D:\\MesProjetsLaravel\\elite-marche\\elite-marche\\vendor\\laravel\\framework\\src\\Illuminate\\Routing\\Router.php(723): Illuminate\\Pipeline\\Pipeline->then()
#42 D:\\MesProjetsLaravel\\elite-marche\\elite-marche\\vendor\\laravel\\framework\\src\\Illuminate\\Routing\\Router.php(698): Illuminate\\Routing\\Router->runRouteWithinStack()
#43 D:\\MesProjetsLaravel\\elite-marche\\elite-marche\\vendor\\laravel\\framework\\src\\Illuminate\\Routing\\Router.php(662): Illuminate\\Routing\\Router->runRoute()
#44 D:\\MesProjetsLaravel\\elite-marche\\elite-marche\\vendor\\laravel\\framework\\src\\Illuminate\\Routing\\Router.php(651): Illuminate\\Routing\\Router->dispatchToRoute()
#45 D:\\MesProjetsLaravel\\elite-marche\\elite-marche\\vendor\\laravel\\framework\\src\\Illuminate\\Foundation\\Http\\Kernel.php(167): Illuminate\\Routing\\Router->dispatch()
#46 D:\\MesProjetsLaravel\\elite-marche\\elite-marche\\vendor\\laravel\\framework\\src\\Illuminate\\Pipeline\\Pipeline.php(128): Illuminate\\Foundation\\Http\\Kernel->Illuminate\\Foundation\\Http\\{closure}()
#47 D:\\MesProjetsLaravel\\elite-marche\\elite-marche\\vendor\\laravel\\framework\\src\\Illuminate\\Foundation\\Http\\Middleware\\TransformsRequest.php(21): Illuminate\\Pipeline\\Pipeline->Illuminate\\Pipeline\\{closure}()
#48 D:\\MesProjetsLaravel\\elite-marche\\elite-marche\\vendor\\laravel\\framework\\src\\Illuminate\\Foundation\\Http\\Middleware\\ConvertEmptyStringsToNull.php(31): Illuminate\\Foundation\\Http\\Middleware\\TransformsRequest->handle()
#49 D:\\MesProjetsLaravel\\elite-marche\\elite-marche\\vendor\\laravel\\framework\\src\\Illuminate\\Pipeline\\Pipeline.php(167): Illuminate\\Foundation\\Http\\Middleware\\ConvertEmptyStringsToNull->handle()
#50 D:\\MesProjetsLaravel\\elite-marche\\elite-marche\\vendor\\laravel\\framework\\src\\Illuminate\\Foundation\\Http\\Middleware\\TransformsRequest.php(21): Illuminate\\Pipeline\\Pipeline->Illuminate\\Pipeline\\{closure}()
#51 D:\\MesProjetsLaravel\\elite-marche\\elite-marche\\vendor\\laravel\\framework\\src\\Illuminate\\Foundation\\Http\\Middleware\\TrimStrings.php(40): Illuminate\\Foundation\\Http\\Middleware\\TransformsRequest->handle()
#52 D:\\MesProjetsLaravel\\elite-marche\\elite-marche\\vendor\\laravel\\framework\\src\\Illuminate\\Pipeline\\Pipeline.php(167): Illuminate\\Foundation\\Http\\Middleware\\TrimStrings->handle()
#53 D:\\MesProjetsLaravel\\elite-marche\\elite-marche\\vendor\\laravel\\framework\\src\\Illuminate\\Foundation\\Http\\Middleware\\ValidatePostSize.php(27): Illuminate\\Pipeline\\Pipeline->Illuminate\\Pipeline\\{closure}()
#54 D:\\MesProjetsLaravel\\elite-marche\\elite-marche\\vendor\\laravel\\framework\\src\\Illuminate\\Pipeline\\Pipeline.php(167): Illuminate\\Foundation\\Http\\Middleware\\ValidatePostSize->handle()
#55 D:\\MesProjetsLaravel\\elite-marche\\elite-marche\\vendor\\laravel\\framework\\src\\Illuminate\\Foundation\\Http\\Middleware\\PreventRequestsDuringMaintenance.php(86): Illuminate\\Pipeline\\Pipeline->Illuminate\\Pipeline\\{closure}()
#56 D:\\MesProjetsLaravel\\elite-marche\\elite-marche\\vendor\\laravel\\framework\\src\\Illuminate\\Pipeline\\Pipeline.php(167): Illuminate\\Foundation\\Http\\Middleware\\PreventRequestsDuringMaintenance->handle()
#57 D:\\MesProjetsLaravel\\elite-marche\\elite-marche\\vendor\\fruitcake\\laravel-cors\\src\\HandleCors.php(38): Illuminate\\Pipeline\\Pipeline->Illuminate\\Pipeline\\{closure}()
#58 D:\\MesProjetsLaravel\\elite-marche\\elite-marche\\vendor\\laravel\\framework\\src\\Illuminate\\Pipeline\\Pipeline.php(167): Fruitcake\\Cors\\HandleCors->handle()
#59 D:\\MesProjetsLaravel\\elite-marche\\elite-marche\\vendor\\fideloper\\proxy\\src\\TrustProxies.php(57): Illuminate\\Pipeline\\Pipeline->Illuminate\\Pipeline\\{closure}()
#60 D:\\MesProjetsLaravel\\elite-marche\\elite-marche\\vendor\\laravel\\framework\\src\\Illuminate\\Pipeline\\Pipeline.php(167): Fideloper\\Proxy\\TrustProxies->handle()
#61 D:\\MesProjetsLaravel\\elite-marche\\elite-marche\\vendor\\laravel\\framework\\src\\Illuminate\\Http\\Middleware\\TrustHosts.php(48): Illuminate\\Pipeline\\Pipeline->Illuminate\\Pipeline\\{closure}()
#62 D:\\MesProjetsLaravel\\elite-marche\\elite-marche\\vendor\\laravel\\framework\\src\\Illuminate\\Pipeline\\Pipeline.php(167): Illuminate\\Http\\Middleware\\TrustHosts->handle()
#63 D:\\MesProjetsLaravel\\elite-marche\\elite-marche\\vendor\\laravel\\framework\\src\\Illuminate\\Pipeline\\Pipeline.php(103): Illuminate\\Pipeline\\Pipeline->Illuminate\\Pipeline\\{closure}()
#64 D:\\MesProjetsLaravel\\elite-marche\\elite-marche\\vendor\\laravel\\framework\\src\\Illuminate\\Foundation\\Http\\Kernel.php(142): Illuminate\\Pipeline\\Pipeline->then()
#65 D:\\MesProjetsLaravel\\elite-marche\\elite-marche\\vendor\\laravel\\framework\\src\\Illuminate\\Foundation\\Http\\Kernel.php(111): Illuminate\\Foundation\\Http\\Kernel->sendRequestThroughRouter()
#66 D:\\MesProjetsLaravel\\elite-marche\\elite-marche\\public\\index.php(52): Illuminate\\Foundation\\Http\\Kernel->handle()
#67 D:\\MesProjetsLaravel\\elite-marche\\elite-marche\\server.php(21): require_once('D:\\\\MesProjetsLa...')
#68 {main}

[previous exception] [object] (Doctrine\\DBAL\\Driver\\PDO\\Exception(code: 23000): SQLSTATE[23000]: Integrity constraint violation: 1062 Duplicate entry 'echedli1@gmail.com' for key 'users.users_email_unique' at D:\\MesProjetsLaravel\\elite-marche\\elite-marche\\vendor\\doctrine\\dbal\\lib\\Doctrine\\DBAL\\Driver\\PDO\\Exception.php:18)
[stacktrace]
#0 D:\\MesProjetsLaravel\\elite-marche\\elite-marche\\vendor\\doctrine\\dbal\\lib\\Doctrine\\DBAL\\Driver\\PDOStatement.php(119): Doctrine\\DBAL\\Driver\\PDO\\Exception::new()
#1 D:\\MesProjetsLaravel\\elite-marche\\elite-marche\\vendor\\laravel\\framework\\src\\Illuminate\\Database\\Connection.php(501): Doctrine\\DBAL\\Driver\\PDOStatement->execute()
#2 D:\\MesProjetsLaravel\\elite-marche\\elite-marche\\vendor\\laravel\\framework\\src\\Illuminate\\Database\\Connection.php(705): Illuminate\\Database\\Connection->Illuminate\\Database\\{closure}()
#3 D:\\MesProjetsLaravel\\elite-marche\\elite-marche\\vendor\\laravel\\framework\\src\\Illuminate\\Database\\Connection.php(672): Illuminate\\Database\\Connection->runQueryCallback()
#4 D:\\MesProjetsLaravel\\elite-marche\\elite-marche\\vendor\\laravel\\framework\\src\\Illuminate\\Database\\Connection.php(502): Illuminate\\Database\\Connection->run()
#5 D:\\MesProjetsLaravel\\elite-marche\\elite-marche\\vendor\\laravel\\framework\\src\\Illuminate\\Database\\Connection.php(454): Illuminate\\Database\\Connection->statement()
#6 D:\\MesProjetsLaravel\\elite-marche\\elite-marche\\vendor\\laravel\\framework\\src\\Illuminate\\Database\\Query\\Processors\\Processor.php(32): Illuminate\\Database\\Connection->insert()
#7 D:\\MesProjetsLaravel\\elite-marche\\elite-marche\\vendor\\laravel\\framework\\src\\Illuminate\\Database\\Query\\Builder.php(3028): Illuminate\\Database\\Query\\Processors\\Processor->processInsertGetId()
#8 D:\\MesProjetsLaravel\\elite-marche\\elite-marche\\vendor\\laravel\\framework\\src\\Illuminate\\Database\\Eloquent\\Builder.php(1657): Illuminate\\Database\\Query\\Builder->insertGetId()
#9 D:\\MesProjetsLaravel\\elite-marche\\elite-marche\\vendor\\laravel\\framework\\src\\Illuminate\\Database\\Eloquent\\Model.php(1188): Illuminate\\Database\\Eloquent\\Builder->__call()
#10 D:\\MesProjetsLaravel\\elite-marche\\elite-marche\\vendor\\laravel\\framework\\src\\Illuminate\\Database\\Eloquent\\Model.php(1153): Illuminate\\Database\\Eloquent\\Model->insertAndSetId()
#11 D:\\MesProjetsLaravel\\elite-marche\\elite-marche\\vendor\\laravel\\framework\\src\\Illuminate\\Database\\Eloquent\\Model.php(994): Illuminate\\Database\\Eloquent\\Model->performInsert()
#12 D:\\MesProjetsLaravel\\elite-marche\\elite-marche\\vendor\\laravel\\framework\\src\\Illuminate\\Database\\Eloquent\\Builder.php(896): Illuminate\\Database\\Eloquent\\Model->save()
#13 D:\\MesProjetsLaravel\\elite-marche\\elite-marche\\vendor\\laravel\\framework\\src\\Illuminate\\Support\\helpers.php(263): Illuminate\\Database\\Eloquent\\Builder->Illuminate\\Database\\Eloquent\\{closure}()
#14 D:\\MesProjetsLaravel\\elite-marche\\elite-marche\\vendor\\laravel\\framework\\src\\Illuminate\\Database\\Eloquent\\Builder.php(897): tap()
#15 D:\\MesProjetsLaravel\\elite-marche\\elite-marche\\vendor\\laravel\\framework\\src\\Illuminate\\Support\\Traits\\ForwardsCalls.php(23): Illuminate\\Database\\Eloquent\\Builder->create()
#16 D:\\MesProjetsLaravel\\elite-marche\\elite-marche\\vendor\\laravel\\framework\\src\\Illuminate\\Database\\Eloquent\\Model.php(2132): Illuminate\\Database\\Eloquent\\Model->forwardCallTo()
#17 D:\\MesProjetsLaravel\\elite-marche\\elite-marche\\vendor\\laravel\\framework\\src\\Illuminate\\Database\\Eloquent\\Model.php(2144): Illuminate\\Database\\Eloquent\\Model->__call()
#18 D:\\MesProjetsLaravel\\elite-marche\\elite-marche\\app\\Repositories\\UserRepository.php(70): Illuminate\\Database\\Eloquent\\Model::__callStatic()
#19 D:\\MesProjetsLaravel\\elite-marche\\elite-marche\\app\\Http\\Controllers\\UserController.php(78): App\\Repositories\\UserRepository->create()
#20 D:\\MesProjetsLaravel\\elite-marche\\elite-marche\\vendor\\laravel\\framework\\src\\Illuminate\\Routing\\Controller.php(54): App\\Http\\Controllers\\UserController->store()
#21 D:\\MesProjetsLaravel\\elite-marche\\elite-marche\\vendor\\laravel\\framework\\src\\Illuminate\\Routing\\ControllerDispatcher.php(45): Illuminate\\Routing\\Controller->callAction()
#22 D:\\MesProjetsLaravel\\elite-marche\\elite-marche\\vendor\\laravel\\framework\\src\\Illuminate\\Routing\\Route.php(262): Illuminate\\Routing\\ControllerDispatcher->dispatch()
#23 D:\\MesProjetsLaravel\\elite-marche\\elite-marche\\vendor\\laravel\\framework\\src\\Illuminate\\Routing\\Route.php(205): Illuminate\\Routing\\Route->runController()
#24 D:\\MesProjetsLaravel\\elite-marche\\elite-marche\\vendor\\laravel\\framework\\src\\Illuminate\\Routing\\Router.php(721): Illuminate\\Routing\\Route->run()
#25 D:\\MesProjetsLaravel\\elite-marche\\elite-marche\\vendor\\laravel\\framework\\src\\Illuminate\\Pipeline\\Pipeline.php(128): Illuminate\\Routing\\Router->Illuminate\\Routing\\{closure}()
#26 D:\\MesProjetsLaravel\\elite-marche\\elite-marche\\app\\Http\\Middleware\\SecureHeaders.php(20): Illuminate\\Pipeline\\Pipeline->Illuminate\\Pipeline\\{closure}()
#27 D:\\MesProjetsLaravel\\elite-marche\\elite-marche\\vendor\\laravel\\framework\\src\\Illuminate\\Pipeline\\Pipeline.php(167): App\\Http\\Middleware\\SecureHeaders->handle()
#28 D:\\MesProjetsLaravel\\elite-marche\\elite-marche\\vendor\\laravel\\framework\\src\\Illuminate\\Routing\\Middleware\\SubstituteBindings.php(50): Illuminate\\Pipeline\\Pipeline->Illuminate\\Pipeline\\{closure}()
#29 D:\\MesProjetsLaravel\\elite-marche\\elite-marche\\vendor\\laravel\\framework\\src\\Illuminate\\Pipeline\\Pipeline.php(167): Illuminate\\Routing\\Middleware\\SubstituteBindings->handle()
#30 D:\\MesProjetsLaravel\\elite-marche\\elite-marche\\vendor\\laravel\\framework\\src\\Illuminate\\Auth\\Middleware\\Authenticate.php(44): Illuminate\\Pipeline\\Pipeline->Illuminate\\Pipeline\\{closure}()
#31 D:\\MesProjetsLaravel\\elite-marche\\elite-marche\\vendor\\laravel\\framework\\src\\Illuminate\\Pipeline\\Pipeline.php(167): Illuminate\\Auth\\Middleware\\Authenticate->handle()
#32 D:\\MesProjetsLaravel\\elite-marche\\elite-marche\\vendor\\laravel\\framework\\src\\Illuminate\\Foundation\\Http\\Middleware\\VerifyCsrfToken.php(78): Illuminate\\Pipeline\\Pipeline->Illuminate\\Pipeline\\{closure}()
#33 D:\\MesProjetsLaravel\\elite-marche\\elite-marche\\vendor\\laravel\\framework\\src\\Illuminate\\Pipeline\\Pipeline.php(167): Illuminate\\Foundation\\Http\\Middleware\\VerifyCsrfToken->handle()
#34 D:\\MesProjetsLaravel\\elite-marche\\elite-marche\\vendor\\laravel\\framework\\src\\Illuminate\\View\\Middleware\\ShareErrorsFromSession.php(49): Illuminate\\Pipeline\\Pipeline->Illuminate\\Pipeline\\{closure}()
#35 D:\\MesProjetsLaravel\\elite-marche\\elite-marche\\vendor\\laravel\\framework\\src\\Illuminate\\Pipeline\\Pipeline.php(167): Illuminate\\View\\Middleware\\ShareErrorsFromSession->handle()
#36 D:\\MesProjetsLaravel\\elite-marche\\elite-marche\\vendor\\laravel\\framework\\src\\Illuminate\\Session\\Middleware\\StartSession.php(121): Illuminate\\Pipeline\\Pipeline->Illuminate\\Pipeline\\{closure}()
#37 D:\\MesProjetsLaravel\\elite-marche\\elite-marche\\vendor\\laravel\\framework\\src\\Illuminate\\Session\\Middleware\\StartSession.php(64): Illuminate\\Session\\Middleware\\StartSession->handleStatefulRequest()
#38 D:\\MesProjetsLaravel\\elite-marche\\elite-marche\\vendor\\laravel\\framework\\src\\Illuminate\\Pipeline\\Pipeline.php(167): Illuminate\\Session\\Middleware\\StartSession->handle()
#39 D:\\MesProjetsLaravel\\elite-marche\\elite-marche\\vendor\\laravel\\framework\\src\\Illuminate\\Cookie\\Middleware\\AddQueuedCookiesToResponse.php(37): Illuminate\\Pipeline\\Pipeline->Illuminate\\Pipeline\\{closure}()
#40 D:\\MesProjetsLaravel\\elite-marche\\elite-marche\\vendor\\laravel\\framework\\src\\Illuminate\\Pipeline\\Pipeline.php(167): Illuminate\\Cookie\\Middleware\\AddQueuedCookiesToResponse->handle()
#41 D:\\MesProjetsLaravel\\elite-marche\\elite-marche\\vendor\\laravel\\framework\\src\\Illuminate\\Cookie\\Middleware\\EncryptCookies.php(67): Illuminate\\Pipeline\\Pipeline->Illuminate\\Pipeline\\{closure}()
#42 D:\\MesProjetsLaravel\\elite-marche\\elite-marche\\vendor\\laravel\\framework\\src\\Illuminate\\Pipeline\\Pipeline.php(167): Illuminate\\Cookie\\Middleware\\EncryptCookies->handle()
#43 D:\\MesProjetsLaravel\\elite-marche\\elite-marche\\vendor\\laravel\\framework\\src\\Illuminate\\Pipeline\\Pipeline.php(103): Illuminate\\Pipeline\\Pipeline->Illuminate\\Pipeline\\{closure}()
#44 D:\\MesProjetsLaravel\\elite-marche\\elite-marche\\vendor\\laravel\\framework\\src\\Illuminate\\Routing\\Router.php(723): Illuminate\\Pipeline\\Pipeline->then()
#45 D:\\MesProjetsLaravel\\elite-marche\\elite-marche\\vendor\\laravel\\framework\\src\\Illuminate\\Routing\\Router.php(698): Illuminate\\Routing\\Router->runRouteWithinStack()
#46 D:\\MesProjetsLaravel\\elite-marche\\elite-marche\\vendor\\laravel\\framework\\src\\Illuminate\\Routing\\Router.php(662): Illuminate\\Routing\\Router->runRoute()
#47 D:\\MesProjetsLaravel\\elite-marche\\elite-marche\\vendor\\laravel\\framework\\src\\Illuminate\\Routing\\Router.php(651): Illuminate\\Routing\\Router->dispatchToRoute()
#48 D:\\MesProjetsLaravel\\elite-marche\\elite-marche\\vendor\\laravel\\framework\\src\\Illuminate\\Foundation\\Http\\Kernel.php(167): Illuminate\\Routing\\Router->dispatch()
#49 D:\\MesProjetsLaravel\\elite-marche\\elite-marche\\vendor\\laravel\\framework\\src\\Illuminate\\Pipeline\\Pipeline.php(128): Illuminate\\Foundation\\Http\\Kernel->Illuminate\\Foundation\\Http\\{closure}()
#50 D:\\MesProjetsLaravel\\elite-marche\\elite-marche\\vendor\\laravel\\framework\\src\\Illuminate\\Foundation\\Http\\Middleware\\TransformsRequest.php(21): Illuminate\\Pipeline\\Pipeline->Illuminate\\Pipeline\\{closure}()
#51 D:\\MesProjetsLaravel\\elite-marche\\elite-marche\\vendor\\laravel\\framework\\src\\Illuminate\\Foundation\\Http\\Middleware\\ConvertEmptyStringsToNull.php(31): Illuminate\\Foundation\\Http\\Middleware\\TransformsRequest->handle()
#52 D:\\MesProjetsLaravel\\elite-marche\\elite-marche\\vendor\\laravel\\framework\\src\\Illuminate\\Pipeline\\Pipeline.php(167): Illuminate\\Foundation\\Http\\Middleware\\ConvertEmptyStringsToNull->handle()
#53 D:\\MesProjetsLaravel\\elite-marche\\elite-marche\\vendor\\laravel\\framework\\src\\Illuminate\\Foundation\\Http\\Middleware\\TransformsRequest.php(21): Illuminate\\Pipeline\\Pipeline->Illuminate\\Pipeline\\{closure}()
#54 D:\\MesProjetsLaravel\\elite-marche\\elite-marche\\vendor\\laravel\\framework\\src\\Illuminate\\Foundation\\Http\\Middleware\\TrimStrings.php(40): Illuminate\\Foundation\\Http\\Middleware\\TransformsRequest->handle()
#55 D:\\MesProjetsLaravel\\elite-marche\\elite-marche\\vendor\\laravel\\framework\\src\\Illuminate\\Pipeline\\Pipeline.php(167): Illuminate\\Foundation\\Http\\Middleware\\TrimStrings->handle()
#56 D:\\MesProjetsLaravel\\elite-marche\\elite-marche\\vendor\\laravel\\framework\\src\\Illuminate\\Foundation\\Http\\Middleware\\ValidatePostSize.php(27): Illuminate\\Pipeline\\Pipeline->Illuminate\\Pipeline\\{closure}()
#57 D:\\MesProjetsLaravel\\elite-marche\\elite-marche\\vendor\\laravel\\framework\\src\\Illuminate\\Pipeline\\Pipeline.php(167): Illuminate\\Foundation\\Http\\Middleware\\ValidatePostSize->handle()
#58 D:\\MesProjetsLaravel\\elite-marche\\elite-marche\\vendor\\laravel\\framework\\src\\Illuminate\\Foundation\\Http\\Middleware\\PreventRequestsDuringMaintenance.php(86): Illuminate\\Pipeline\\Pipeline->Illuminate\\Pipeline\\{closure}()
#59 D:\\MesProjetsLaravel\\elite-marche\\elite-marche\\vendor\\laravel\\framework\\src\\Illuminate\\Pipeline\\Pipeline.php(167): Illuminate\\Foundation\\Http\\Middleware\\PreventRequestsDuringMaintenance->handle()
#60 D:\\MesProjetsLaravel\\elite-marche\\elite-marche\\vendor\\fruitcake\\laravel-cors\\src\\HandleCors.php(38): Illuminate\\Pipeline\\Pipeline->Illuminate\\Pipeline\\{closure}()
#61 D:\\MesProjetsLaravel\\elite-marche\\elite-marche\\vendor\\laravel\\framework\\src\\Illuminate\\Pipeline\\Pipeline.php(167): Fruitcake\\Cors\\HandleCors->handle()
#62 D:\\MesProjetsLaravel\\elite-marche\\elite-marche\\vendor\\fideloper\\proxy\\src\\TrustProxies.php(57): Illuminate\\Pipeline\\Pipeline->Illuminate\\Pipeline\\{closure}()
#63 D:\\MesProjetsLaravel\\elite-marche\\elite-marche\\vendor\\laravel\\framework\\src\\Illuminate\\Pipeline\\Pipeline.php(167): Fideloper\\Proxy\\TrustProxies->handle()
#64 D:\\MesProjetsLaravel\\elite-marche\\elite-marche\\vendor\\laravel\\framework\\src\\Illuminate\\Http\\Middleware\\TrustHosts.php(48): Illuminate\\Pipeline\\Pipeline->Illuminate\\Pipeline\\{closure}()
#65 D:\\MesProjetsLaravel\\elite-marche\\elite-marche\\vendor\\laravel\\framework\\src\\Illuminate\\Pipeline\\Pipeline.php(167): Illuminate\\Http\\Middleware\\TrustHosts->handle()
#66 D:\\MesProjetsLaravel\\elite-marche\\elite-marche\\vendor\\laravel\\framework\\src\\Illuminate\\Pipeline\\Pipeline.php(103): Illuminate\\Pipeline\\Pipeline->Illuminate\\Pipeline\\{closure}()
#67 D:\\MesProjetsLaravel\\elite-marche\\elite-marche\\vendor\\laravel\\framework\\src\\Illuminate\\Foundation\\Http\\Kernel.php(142): Illuminate\\Pipeline\\Pipeline->then()
#68 D:\\MesProjetsLaravel\\elite-marche\\elite-marche\\vendor\\laravel\\framework\\src\\Illuminate\\Foundation\\Http\\Kernel.php(111): Illuminate\\Foundation\\Http\\Kernel->sendRequestThroughRouter()
#69 D:\\MesProjetsLaravel\\elite-marche\\elite-marche\\public\\index.php(52): Illuminate\\Foundation\\Http\\Kernel->handle()
#70 D:\\MesProjetsLaravel\\elite-marche\\elite-marche\\server.php(21): require_once('D:\\\\MesProjetsLa...')
#71 {main}

[previous exception] [object] (PDOException(code: 23000): SQLSTATE[23000]: Integrity constraint violation: 1062 Duplicate entry 'echedli1@gmail.com' for key 'users.users_email_unique' at D:\\MesProjetsLaravel\\elite-marche\\elite-marche\\vendor\\doctrine\\dbal\\lib\\Doctrine\\DBAL\\Driver\\PDOStatement.php:117)
[stacktrace]
#0 D:\\MesProjetsLaravel\\elite-marche\\elite-marche\\vendor\\doctrine\\dbal\\lib\\Doctrine\\DBAL\\Driver\\PDOStatement.php(117): PDOStatement->execute()
#1 D:\\MesProjetsLaravel\\elite-marche\\elite-marche\\vendor\\laravel\\framework\\src\\Illuminate\\Database\\Connection.php(501): Doctrine\\DBAL\\Driver\\PDOStatement->execute()
#2 D:\\MesProjetsLaravel\\elite-marche\\elite-marche\\vendor\\laravel\\framework\\src\\Illuminate\\Database\\Connection.php(705): Illuminate\\Database\\Connection->Illuminate\\Database\\{closure}()
#3 D:\\MesProjetsLaravel\\elite-marche\\elite-marche\\vendor\\laravel\\framework\\src\\Illuminate\\Database\\Connection.php(672): Illuminate\\Database\\Connection->runQueryCallback()
#4 D:\\MesProjetsLaravel\\elite-marche\\elite-marche\\vendor\\laravel\\framework\\src\\Illuminate\\Database\\Connection.php(502): Illuminate\\Database\\Connection->run()
#5 D:\\MesProjetsLaravel\\elite-marche\\elite-marche\\vendor\\laravel\\framework\\src\\Illuminate\\Database\\Connection.php(454): Illuminate\\Database\\Connection->statement()
#6 D:\\MesProjetsLaravel\\elite-marche\\elite-marche\\vendor\\laravel\\framework\\src\\Illuminate\\Database\\Query\\Processors\\Processor.php(32): Illuminate\\Database\\Connection->insert()
#7 D:\\MesProjetsLaravel\\elite-marche\\elite-marche\\vendor\\laravel\\framework\\src\\Illuminate\\Database\\Query\\Builder.php(3028): Illuminate\\Database\\Query\\Processors\\Processor->processInsertGetId()
#8 D:\\MesProjetsLaravel\\elite-marche\\elite-marche\\vendor\\laravel\\framework\\src\\Illuminate\\Database\\Eloquent\\Builder.php(1657): Illuminate\\Database\\Query\\Builder->insertGetId()
#9 D:\\MesProjetsLaravel\\elite-marche\\elite-marche\\vendor\\laravel\\framework\\src\\Illuminate\\Database\\Eloquent\\Model.php(1188): Illuminate\\Database\\Eloquent\\Builder->__call()
#10 D:\\MesProjetsLaravel\\elite-marche\\elite-marche\\vendor\\laravel\\framework\\src\\Illuminate\\Database\\Eloquent\\Model.php(1153): Illuminate\\Database\\Eloquent\\Model->insertAndSetId()
#11 D:\\MesProjetsLaravel\\elite-marche\\elite-marche\\vendor\\laravel\\framework\\src\\Illuminate\\Database\\Eloquent\\Model.php(994): Illuminate\\Database\\Eloquent\\Model->performInsert()
#12 D:\\MesProjetsLaravel\\elite-marche\\elite-marche\\vendor\\laravel\\framework\\src\\Illuminate\\Database\\Eloquent\\Builder.php(896): Illuminate\\Database\\Eloquent\\Model->save()
#13 D:\\MesProjetsLaravel\\elite-marche\\elite-marche\\vendor\\laravel\\framework\\src\\Illuminate\\Support\\helpers.php(263): Illuminate\\Database\\Eloquent\\Builder->Illuminate\\Database\\Eloquent\\{closure}()
#14 D:\\MesProjetsLaravel\\elite-marche\\elite-marche\\vendor\\laravel\\framework\\src\\Illuminate\\Database\\Eloquent\\Builder.php(897): tap()
#15 D:\\MesProjetsLaravel\\elite-marche\\elite-marche\\vendor\\laravel\\framework\\src\\Illuminate\\Support\\Traits\\ForwardsCalls.php(23): Illuminate\\Database\\Eloquent\\Builder->create()
#16 D:\\MesProjetsLaravel\\elite-marche\\elite-marche\\vendor\\laravel\\framework\\src\\Illuminate\\Database\\Eloquent\\Model.php(2132): Illuminate\\Database\\Eloquent\\Model->forwardCallTo()
#17 D:\\MesProjetsLaravel\\elite-marche\\elite-marche\\vendor\\laravel\\framework\\src\\Illuminate\\Database\\Eloquent\\Model.php(2144): Illuminate\\Database\\Eloquent\\Model->__call()
#18 D:\\MesProjetsLaravel\\elite-marche\\elite-marche\\app\\Repositories\\UserRepository.php(70): Illuminate\\Database\\Eloquent\\Model::__callStatic()
#19 D:\\MesProjetsLaravel\\elite-marche\\elite-marche\\app\\Http\\Controllers\\UserController.php(78): App\\Repositories\\UserRepository->create()
#20 D:\\MesProjetsLaravel\\elite-marche\\elite-marche\\vendor\\laravel\\framework\\src\\Illuminate\\Routing\\Controller.php(54): App\\Http\\Controllers\\UserController->store()
#21 D:\\MesProjetsLaravel\\elite-marche\\elite-marche\\vendor\\laravel\\framework\\src\\Illuminate\\Routing\\ControllerDispatcher.php(45): Illuminate\\Routing\\Controller->callAction()
#22 D:\\MesProjetsLaravel\\elite-marche\\elite-marche\\vendor\\laravel\\framework\\src\\Illuminate\\Routing\\Route.php(262): Illuminate\\Routing\\ControllerDispatcher->dispatch()
#23 D:\\MesProjetsLaravel\\elite-marche\\elite-marche\\vendor\\laravel\\framework\\src\\Illuminate\\Routing\\Route.php(205): Illuminate\\Routing\\Route->runController()
#24 D:\\MesProjetsLaravel\\elite-marche\\elite-marche\\vendor\\laravel\\framework\\src\\Illuminate\\Routing\\Router.php(721): Illuminate\\Routing\\Route->run()
#25 D:\\MesProjetsLaravel\\elite-marche\\elite-marche\\vendor\\laravel\\framework\\src\\Illuminate\\Pipeline\\Pipeline.php(128): Illuminate\\Routing\\Router->Illuminate\\Routing\\{closure}()
#26 D:\\MesProjetsLaravel\\elite-marche\\elite-marche\\app\\Http\\Middleware\\SecureHeaders.php(20): Illuminate\\Pipeline\\Pipeline->Illuminate\\Pipeline\\{closure}()
#27 D:\\MesProjetsLaravel\\elite-marche\\elite-marche\\vendor\\laravel\\framework\\src\\Illuminate\\Pipeline\\Pipeline.php(167): App\\Http\\Middleware\\SecureHeaders->handle()
#28 D:\\MesProjetsLaravel\\elite-marche\\elite-marche\\vendor\\laravel\\framework\\src\\Illuminate\\Routing\\Middleware\\SubstituteBindings.php(50): Illuminate\\Pipeline\\Pipeline->Illuminate\\Pipeline\\{closure}()
#29 D:\\MesProjetsLaravel\\elite-marche\\elite-marche\\vendor\\laravel\\framework\\src\\Illuminate\\Pipeline\\Pipeline.php(167): Illuminate\\Routing\\Middleware\\SubstituteBindings->handle()
#30 D:\\MesProjetsLaravel\\elite-marche\\elite-marche\\vendor\\laravel\\framework\\src\\Illuminate\\Auth\\Middleware\\Authenticate.php(44): Illuminate\\Pipeline\\Pipeline->Illuminate\\Pipeline\\{closure}()
#31 D:\\MesProjetsLaravel\\elite-marche\\elite-marche\\vendor\\laravel\\framework\\src\\Illuminate\\Pipeline\\Pipeline.php(167): Illuminate\\Auth\\Middleware\\Authenticate->handle()
#32 D:\\MesProjetsLaravel\\elite-marche\\elite-marche\\vendor\\laravel\\framework\\src\\Illuminate\\Foundation\\Http\\Middleware\\VerifyCsrfToken.php(78): Illuminate\\Pipeline\\Pipeline->Illuminate\\Pipeline\\{closure}()
#33 D:\\MesProjetsLaravel\\elite-marche\\elite-marche\\vendor\\laravel\\framework\\src\\Illuminate\\Pipeline\\Pipeline.php(167): Illuminate\\Foundation\\Http\\Middleware\\VerifyCsrfToken->handle()
#34 D:\\MesProjetsLaravel\\elite-marche\\elite-marche\\vendor\\laravel\\framework\\src\\Illuminate\\View\\Middleware\\ShareErrorsFromSession.php(49): Illuminate\\Pipeline\\Pipeline->Illuminate\\Pipeline\\{closure}()
#35 D:\\MesProjetsLaravel\\elite-marche\\elite-marche\\vendor\\laravel\\framework\\src\\Illuminate\\Pipeline\\Pipeline.php(167): Illuminate\\View\\Middleware\\ShareErrorsFromSession->handle()
#36 D:\\MesProjetsLaravel\\elite-marche\\elite-marche\\vendor\\laravel\\framework\\src\\Illuminate\\Session\\Middleware\\StartSession.php(121): Illuminate\\Pipeline\\Pipeline->Illuminate\\Pipeline\\{closure}()
#37 D:\\MesProjetsLaravel\\elite-marche\\elite-marche\\vendor\\laravel\\framework\\src\\Illuminate\\Session\\Middleware\\StartSession.php(64): Illuminate\\Session\\Middleware\\StartSession->handleStatefulRequest()
#38 D:\\MesProjetsLaravel\\elite-marche\\elite-marche\\vendor\\laravel\\framework\\src\\Illuminate\\Pipeline\\Pipeline.php(167): Illuminate\\Session\\Middleware\\StartSession->handle()
#39 D:\\MesProjetsLaravel\\elite-marche\\elite-marche\\vendor\\laravel\\framework\\src\\Illuminate\\Cookie\\Middleware\\AddQueuedCookiesToResponse.php(37): Illuminate\\Pipeline\\Pipeline->Illuminate\\Pipeline\\{closure}()
#40 D:\\MesProjetsLaravel\\elite-marche\\elite-marche\\vendor\\laravel\\framework\\src\\Illuminate\\Pipeline\\Pipeline.php(167): Illuminate\\Cookie\\Middleware\\AddQueuedCookiesToResponse->handle()
#41 D:\\MesProjetsLaravel\\elite-marche\\elite-marche\\vendor\\laravel\\framework\\src\\Illuminate\\Cookie\\Middleware\\EncryptCookies.php(67): Illuminate\\Pipeline\\Pipeline->Illuminate\\Pipeline\\{closure}()
#42 D:\\MesProjetsLaravel\\elite-marche\\elite-marche\\vendor\\laravel\\framework\\src\\Illuminate\\Pipeline\\Pipeline.php(167): Illuminate\\Cookie\\Middleware\\EncryptCookies->handle()
#43 D:\\MesProjetsLaravel\\elite-marche\\elite-marche\\vendor\\laravel\\framework\\src\\Illuminate\\Pipeline\\Pipeline.php(103): Illuminate\\Pipeline\\Pipeline->Illuminate\\Pipeline\\{closure}()
#44 D:\\MesProjetsLaravel\\elite-marche\\elite-marche\\vendor\\laravel\\framework\\src\\Illuminate\\Routing\\Router.php(723): Illuminate\\Pipeline\\Pipeline->then()
#45 D:\\MesProjetsLaravel\\elite-marche\\elite-marche\\vendor\\laravel\\framework\\src\\Illuminate\\Routing\\Router.php(698): Illuminate\\Routing\\Router->runRouteWithinStack()
#46 D:\\MesProjetsLaravel\\elite-marche\\elite-marche\\vendor\\laravel\\framework\\src\\Illuminate\\Routing\\Router.php(662): Illuminate\\Routing\\Router->runRoute()
#47 D:\\MesProjetsLaravel\\elite-marche\\elite-marche\\vendor\\laravel\\framework\\src\\Illuminate\\Routing\\Router.php(651): Illuminate\\Routing\\Router->dispatchToRoute()
#48 D:\\MesProjetsLaravel\\elite-marche\\elite-marche\\vendor\\laravel\\framework\\src\\Illuminate\\Foundation\\Http\\Kernel.php(167): Illuminate\\Routing\\Router->dispatch()
#49 D:\\MesProjetsLaravel\\elite-marche\\elite-marche\\vendor\\laravel\\framework\\src\\Illuminate\\Pipeline\\Pipeline.php(128): Illuminate\\Foundation\\Http\\Kernel->Illuminate\\Foundation\\Http\\{closure}()
#50 D:\\MesProjetsLaravel\\elite-marche\\elite-marche\\vendor\\laravel\\framework\\src\\Illuminate\\Foundation\\Http\\Middleware\\TransformsRequest.php(21): Illuminate\\Pipeline\\Pipeline->Illuminate\\Pipeline\\{closure}()
#51 D:\\MesProjetsLaravel\\elite-marche\\elite-marche\\vendor\\laravel\\framework\\src\\Illuminate\\Foundation\\Http\\Middleware\\ConvertEmptyStringsToNull.php(31): Illuminate\\Foundation\\Http\\Middleware\\TransformsRequest->handle()
#52 D:\\MesProjetsLaravel\\elite-marche\\elite-marche\\vendor\\laravel\\framework\\src\\Illuminate\\Pipeline\\Pipeline.php(167): Illuminate\\Foundation\\Http\\Middleware\\ConvertEmptyStringsToNull->handle()
#53 D:\\MesProjetsLaravel\\elite-marche\\elite-marche\\vendor\\laravel\\framework\\src\\Illuminate\\Foundation\\Http\\Middleware\\TransformsRequest.php(21): Illuminate\\Pipeline\\Pipeline->Illuminate\\Pipeline\\{closure}()
#54 D:\\MesProjetsLaravel\\elite-marche\\elite-marche\\vendor\\laravel\\framework\\src\\Illuminate\\Foundation\\Http\\Middleware\\TrimStrings.php(40): Illuminate\\Foundation\\Http\\Middleware\\TransformsRequest->handle()
#55 D:\\MesProjetsLaravel\\elite-marche\\elite-marche\\vendor\\laravel\\framework\\src\\Illuminate\\Pipeline\\Pipeline.php(167): Illuminate\\Foundation\\Http\\Middleware\\TrimStrings->handle()
#56 D:\\MesProjetsLaravel\\elite-marche\\elite-marche\\vendor\\laravel\\framework\\src\\Illuminate\\Foundation\\Http\\Middleware\\ValidatePostSize.php(27): Illuminate\\Pipeline\\Pipeline->Illuminate\\Pipeline\\{closure}()
#57 D:\\MesProjetsLaravel\\elite-marche\\elite-marche\\vendor\\laravel\\framework\\src\\Illuminate\\Pipeline\\Pipeline.php(167): Illuminate\\Foundation\\Http\\Middleware\\ValidatePostSize->handle()
#58 D:\\MesProjetsLaravel\\elite-marche\\elite-marche\\vendor\\laravel\\framework\\src\\Illuminate\\Foundation\\Http\\Middleware\\PreventRequestsDuringMaintenance.php(86): Illuminate\\Pipeline\\Pipeline->Illuminate\\Pipeline\\{closure}()
#59 D:\\MesProjetsLaravel\\elite-marche\\elite-marche\\vendor\\laravel\\framework\\src\\Illuminate\\Pipeline\\Pipeline.php(167): Illuminate\\Foundation\\Http\\Middleware\\PreventRequestsDuringMaintenance->handle()
#60 D:\\MesProjetsLaravel\\elite-marche\\elite-marche\\vendor\\fruitcake\\laravel-cors\\src\\HandleCors.php(38): Illuminate\\Pipeline\\Pipeline->Illuminate\\Pipeline\\{closure}()
#61 D:\\MesProjetsLaravel\\elite-marche\\elite-marche\\vendor\\laravel\\framework\\src\\Illuminate\\Pipeline\\Pipeline.php(167): Fruitcake\\Cors\\HandleCors->handle()
#62 D:\\MesProjetsLaravel\\elite-marche\\elite-marche\\vendor\\fideloper\\proxy\\src\\TrustProxies.php(57): Illuminate\\Pipeline\\Pipeline->Illuminate\\Pipeline\\{closure}()
#63 D:\\MesProjetsLaravel\\elite-marche\\elite-marche\\vendor\\laravel\\framework\\src\\Illuminate\\Pipeline\\Pipeline.php(167): Fideloper\\Proxy\\TrustProxies->handle()
#64 D:\\MesProjetsLaravel\\elite-marche\\elite-marche\\vendor\\laravel\\framework\\src\\Illuminate\\Http\\Middleware\\TrustHosts.php(48): Illuminate\\Pipeline\\Pipeline->Illuminate\\Pipeline\\{closure}()
#65 D:\\MesProjetsLaravel\\elite-marche\\elite-marche\\vendor\\laravel\\framework\\src\\Illuminate\\Pipeline\\Pipeline.php(167): Illuminate\\Http\\Middleware\\TrustHosts->handle()
#66 D:\\MesProjetsLaravel\\elite-marche\\elite-marche\\vendor\\laravel\\framework\\src\\Illuminate\\Pipeline\\Pipeline.php(103): Illuminate\\Pipeline\\Pipeline->Illuminate\\Pipeline\\{closure}()
#67 D:\\MesProjetsLaravel\\elite-marche\\elite-marche\\vendor\\laravel\\framework\\src\\Illuminate\\Foundation\\Http\\Kernel.php(142): Illuminate\\Pipeline\\Pipeline->then()
#68 D:\\MesProjetsLaravel\\elite-marche\\elite-marche\\vendor\\laravel\\framework\\src\\Illuminate\\Foundation\\Http\\Kernel.php(111): Illuminate\\Foundation\\Http\\Kernel->sendRequestThroughRouter()
#69 D:\\MesProjetsLaravel\\elite-marche\\elite-marche\\public\\index.php(52): Illuminate\\Foundation\\Http\\Kernel->handle()
#70 D:\\MesProjetsLaravel\\elite-marche\\elite-marche\\server.php(21): require_once('D:\\\\MesProjetsLa...')
#71 {main}
"} 
[2023-10-08 11:02:55] local.INFO: الشادلي الحاج علي  
[2023-10-08 11:07:53] local.INFO: الشادلي الحاج علي  
[2023-10-08 11:08:59] local.EMERGENCY: array (
  'notifsRappelCount' => 0,
  'notifsValidationCount' => 0,
  'notifsMessageCount' => 0,
)  
[2023-10-08 11:09:00] local.ALERT: DossierAchats Request Params from view  
[2023-10-08 11:09:00] local.INFO: array (
  'annee_gestion' => '2023',
  'situation_dossier' => 'all',
  'type_demande' => 'all',
  'type_dossier' => 'all',
)  
[2023-10-08 11:09:00] local.INFO: Result of query DossierAchats : [{"id":20,"annee_gestion":"2023","code_projet":"PA00001\/2023","code_dossier":"CA0001\/2023","situation_dossier":1,"objet_dossier":"\u0627\u0642\u062a\u0646\u0627\u0621 \u062d\u0648\u0627\u0633\u064a\u0628","organisme_financier":"dgsdgsdgsgs","source_finance":1,"nature_finance":"FIXE","type_dossier":"CONSULTATION","type_demande":"1","type_commission":null,"date_cloture":null,"dossiers_debut_travaux":null,"created_at":"2023-09-22T11:18:47.000000Z","updated_at":"2023-09-22T11:18:47.000000Z","deleted_at":null,"created_by":30011,"updated_by":30011,"soumissionaire_id":null}]  
[2023-10-08 11:09:28] local.EMERGENCY: array (
  'notifsRappelCount' => 0,
  'notifsValidationCount' => 0,
  'notifsMessageCount' => 0,
)  
[2023-10-08 11:09:38] local.INFO: array (
  'services_id' => '1',
  'annee_gestion' => '2023',
  'status' => 'all',
  'mode' => 'all',
)  
[2023-10-08 11:09:38] local.INFO: status is : all  
[2023-10-08 11:09:38] local.ALERT: query besoins  
[2023-10-08 11:10:01] local.INFO: Ligne besoin datatable  
[2023-10-08 11:10:01] local.INFO: array (
  'besoins_id' => '21',
  'mode' => 'all',
)  
[2023-10-08 11:10:01] local.INFO: mode ligne besoin is all  
[2023-10-08 11:10:01] local.INFO: query result is  [{"id":1,"libelle":"\u0625\u0642\u062a\u0646\u0627\u0621 \u062d\u0648\u0627\u0633\u064a\u0628","articles_id":31,"qte_demande":6,"cout_unite_ttc":1000,"cout_total_ttc":6000,"qte_valide":6,"description":"DDDDD","docs_id":1,"besoins_id":21,"projets_id":43,"type_demande":1,"nature_demandes_id":1,"created_at":"2023-09-22T00:51:21.000000Z","updated_at":"2023-09-24T14:52:13.000000Z","deleted_at":null,"created_by":30011,"updated_by":30011,"besoin":{"id":21,"annee_gestion":"2023","date_besoin":"2023-09-07","valider":false,"date_validation":null,"doc_validation":"app\/documents\/besoin_documents\/21\/besoin_doc_validation1695567229.txt","services_id":1,"created_at":"2023-09-07","updated_at":"2023-09-24T14:53:49.000000Z","deleted_at":null,"created_by":30011,"updated_by":30011},"nature_demande":{"id":1,"libelle":"\u0625\u0639\u0644\u0627\u0645\u064a\u0629","type":1,"created_at":"2023-09-07T14:53:05.000000Z","updated_at":"2023-09-07T14:53:05.000000Z","deleted_at":null,"created_by":30011,"updated_by":null}}]  
[2023-10-08 11:10:05] local.INFO: array (
  'type' => '1',
)  
[2023-10-08 11:10:05] local.INFO: Filter Nature demande by :1  
[2023-10-08 11:10:11] local.ALERT: Article store from besoin request  
[2023-10-08 11:10:11] local.INFO: array (
  'natures_demande_id' => '1',
  'libelle' => 'kkkkk',
)  
[2023-10-08 11:10:11] local.ALERT: Generate Notif from repository  
[2023-10-08 11:10:15] local.INFO: array (
  'type' => '1',
)  
[2023-10-08 11:10:15] local.INFO: Filter Nature demande by :1  
[2023-10-08 11:10:17] local.INFO: array (
  'natures_demande_id' => '1',
)  
[2023-10-08 11:10:36] local.INFO: Store Ligne besoin  
[2023-10-08 11:10:36] local.INFO: array (
  'type_demande' => '1',
  'nature_demandes_id' => '1',
  'articles_id' => '35',
  'description' => 'JJJJJJJJJJJJJJJJJJJJ',
  'file_name' => '',
  'qte_demande' => '8',
  'qte_valide' => '8',
  'cout_unite_ttc' => '120',
  'besoins_id' => '21',
  'id' => '0',
  'file' => 'undefined',
)  
[2023-10-08 11:10:36] local.INFO: []  
[2023-10-08 11:10:36] local.INFO: Store Ligne besoin  
[2023-10-08 11:10:36] local.INFO: array (
  'type_demande' => '1',
  'nature_demandes_id' => '1',
  'articles_id' => '35',
  'description' => 'JJJJJJJJJJJJJJJJJJJJ',
  'file_name' => '',
  'qte_demande' => '8',
  'qte_valide' => '8',
  'cout_unite_ttc' => '120',
  'besoins_id' => '21',
  'id' => '0',
  'file' => 'undefined',
)  
[2023-10-08 11:10:36] local.INFO: Exist Ligne besoin   
[2023-10-08 11:10:37] local.INFO: Ligne besoin datatable  
[2023-10-08 11:10:37] local.INFO: array (
  'besoins_id' => '21',
  'mode' => 'all',
)  
[2023-10-08 11:10:37] local.INFO: mode ligne besoin is all  
[2023-10-08 11:10:37] local.INFO: query result is  [{"id":1,"libelle":"\u0625\u0642\u062a\u0646\u0627\u0621 \u062d\u0648\u0627\u0633\u064a\u0628","articles_id":31,"qte_demande":6,"cout_unite_ttc":1000,"cout_total_ttc":6000,"qte_valide":6,"description":"DDDDD","docs_id":1,"besoins_id":21,"projets_id":43,"type_demande":1,"nature_demandes_id":1,"created_at":"2023-09-22T00:51:21.000000Z","updated_at":"2023-09-24T14:52:13.000000Z","deleted_at":null,"created_by":30011,"updated_by":30011,"besoin":{"id":21,"annee_gestion":"2023","date_besoin":"2023-09-07","valider":false,"date_validation":null,"doc_validation":"app\/documents\/besoin_documents\/21\/besoin_doc_validation1695567229.txt","services_id":1,"created_at":"2023-09-07","updated_at":"2023-09-24T14:53:49.000000Z","deleted_at":null,"created_by":30011,"updated_by":30011},"nature_demande":{"id":1,"libelle":"\u0625\u0639\u0644\u0627\u0645\u064a\u0629","type":1,"created_at":"2023-09-07T14:53:05.000000Z","updated_at":"2023-09-07T14:53:05.000000Z","deleted_at":null,"created_by":30011,"updated_by":null}},{"id":2,"libelle":"kkkkk","articles_id":35,"qte_demande":8,"cout_unite_ttc":120,"cout_total_ttc":960,"qte_valide":8,"description":"JJJJJJJJJJJJJJJJJJJJ","docs_id":null,"besoins_id":21,"projets_id":null,"type_demande":1,"nature_demandes_id":1,"created_at":"2023-10-08T11:10:36.000000Z","updated_at":"2023-10-08T11:10:36.000000Z","deleted_at":null,"created_by":30015,"updated_by":null,"besoin":{"id":21,"annee_gestion":"2023","date_besoin":"2023-09-07","valider":false,"date_validation":null,"doc_validation":"app\/documents\/besoin_documents\/21\/besoin_doc_validation1695567229.txt","services_id":1,"created_at":"2023-09-07","updated_at":"2023-09-24T14:53:49.000000Z","deleted_at":null,"created_by":30011,"updated_by":30011},"nature_demande":{"id":1,"libelle":"\u0625\u0639\u0644\u0627\u0645\u064a\u0629","type":1,"created_at":"2023-09-07T14:53:05.000000Z","updated_at":"2023-09-07T14:53:05.000000Z","deleted_at":null,"created_by":30011,"updated_by":null}}]  
[2023-10-08 11:10:47] local.INFO: array (
  'services_id' => '1',
  'annee_gestion' => '2023',
  'status' => 'all',
  'mode' => 'all',
)  
[2023-10-08 11:10:47] local.INFO: status is : all  
[2023-10-08 11:10:47] local.ALERT: query besoins  
[2023-10-08 11:10:53] local.INFO: array (
  'services_id' => '1',
  'annee_gestion' => '2023',
  'status' => 'false',
  'mode' => 'validation',
)  
[2023-10-08 11:10:53] local.ALERT: query besoins  
[2023-10-08 11:11:05] local.ALERT: Pai Request Params from view  
[2023-10-08 11:11:05] local.INFO: array (
  'annee_gestion' => '2023',
  'services_id' => '1',
  'type_demande' => 'all',
  'nature_demande' => 'all',
  'mode' => 'pais',
)  
[2023-10-08 11:11:05] local.INFO: Mode in repository is : pais  
[2023-10-08 11:11:05] local.ALERT: Pai grouped query  
[2023-10-08 11:11:05] local.INFO: select libelle,type_demande,nature_demandes_id,cout_unite_ttc,
            description,besoins_id,projets_id,docs_id,qte_demande,qte_valide,cout_total_ttc,
            SUM(qte_demande) AS sumqte_demande,
            SUM(qte_valide) AS sumqte_valide,
            SUM(cout_total_ttc) AS sumcout_total_ttc
             from `lignes_besoins` inner join `besoins` on `besoins`.`id` = `lignes_besoins`.`besoins_id` where `besoins_id` in (select `id` from `besoins` where `services_id` = ? and `annee_gestion` = ?) group by libelle  
[2023-10-08 11:11:05] local.INFO: [{"libelle":"\u0625\u0642\u062a\u0646\u0627\u0621 \u062d\u0648\u0627\u0633\u064a\u0628","type_demande":1,"nature_demandes_id":1,"cout_unite_ttc":"1000.000","description":"DDDDD","besoins_id":21,"projets_id":43,"docs_id":1,"qte_demande":6,"qte_valide":6,"cout_total_ttc":"6000.000","sumqte_demande":"6","sumqte_valide":"6","sumcout_total_ttc":"6000.000"},{"libelle":"kkkkk","type_demande":1,"nature_demandes_id":1,"cout_unite_ttc":"120.000","description":"JJJJJJJJJJJJJJJJJJJJ","besoins_id":21,"projets_id":null,"docs_id":null,"qte_demande":8,"qte_valide":8,"cout_total_ttc":"960.000","sumqte_demande":"8","sumqte_valide":"8","sumcout_total_ttc":"960.000"}]  
[2023-10-08 11:11:18] local.EMERGENCY: array (
  'notifsRappelCount' => 0,
  'notifsValidationCount' => 1,
  'notifsMessageCount' => 0,
)  
[2023-10-08 11:18:23] local.EMERGENCY: array (
  'notifsRappelCount' => 0,
  'notifsValidationCount' => 1,
  'notifsMessageCount' => 0,
)  
[2023-10-08 11:23:19] local.EMERGENCY: array (
  'notifsRappelCount' => 0,
  'notifsValidationCount' => 1,
  'notifsMessageCount' => 0,
)  
[2023-10-08 11:27:36] local.EMERGENCY: array (
  'notifsRappelCount' => 0,
  'notifsValidationCount' => 1,
  'notifsMessageCount' => 0,
)  
[2023-10-08 11:31:31] local.EMERGENCY: array (
  'notifsRappelCount' => 0,
  'notifsValidationCount' => 1,
  'notifsMessageCount' => 0,
)  
[2023-10-08 11:32:20] local.EMERGENCY: array (
  'notifsRappelCount' => 0,
  'notifsValidationCount' => 1,
  'notifsMessageCount' => 0,
)  
[2023-10-08 11:40:31] local.EMERGENCY: array (
  'notifsRappelCount' => 0,
  'notifsValidationCount' => 1,
  'notifsMessageCount' => 0,
)  
[2023-10-08 11:56:38] local.EMERGENCY: array (
  'notifsRappelCount' => 0,
  'notifsValidationCount' => 1,
  'notifsMessageCount' => 0,
)  
[2023-10-08 11:56:40] local.EMERGENCY: array (
  'notifsRappelCount' => 0,
  'notifsValidationCount' => 1,
  'notifsMessageCount' => 0,
)  
[2023-10-08 12:00:07] local.EMERGENCY: array (
  'notifsRappelCount' => 0,
  'notifsValidationCount' => 1,
  'notifsMessageCount' => 0,
)  
[2023-10-08 12:00:09] local.EMERGENCY: array (
  'notifsRappelCount' => 0,
  'notifsValidationCount' => 1,
  'notifsMessageCount' => 0,
)  
[2023-10-08 12:05:08] local.EMERGENCY: array (
  'notifsRappelCount' => 0,
  'notifsValidationCount' => 1,
  'notifsMessageCount' => 0,
)  
[2023-10-08 12:05:45] local.EMERGENCY: array (
  'notifsRappelCount' => 0,
  'notifsValidationCount' => 1,
  'notifsMessageCount' => 0,
)  
[2023-10-08 12:05:47] local.EMERGENCY: array (
  'notifsRappelCount' => 0,
  'notifsValidationCount' => 1,
  'notifsMessageCount' => 0,
)  
[2023-10-08 12:10:46] local.EMERGENCY: array (
  'notifsRappelCount' => 0,
  'notifsValidationCount' => 1,
  'notifsMessageCount' => 0,
)  
[2023-10-08 12:15:45] local.EMERGENCY: array (
  'notifsRappelCount' => 0,
  'notifsValidationCount' => 1,
  'notifsMessageCount' => 0,
)  
[2023-10-08 12:15:46] local.EMERGENCY: array (
  'notifsRappelCount' => 0,
  'notifsValidationCount' => 1,
  'notifsMessageCount' => 0,
)  
[2023-10-08 12:24:42] local.EMERGENCY: array (
  'notifsRappelCount' => 0,
  'notifsValidationCount' => 1,
  'notifsMessageCount' => 0,
)  
[2023-10-08 12:24:44] local.EMERGENCY: array (
  'notifsRappelCount' => 0,
  'notifsValidationCount' => 1,
  'notifsMessageCount' => 0,
)  
[2023-10-08 12:25:15] local.EMERGENCY: array (
  'notifsRappelCount' => 0,
  'notifsValidationCount' => 1,
  'notifsMessageCount' => 0,
)  
[2023-10-08 12:25:16] local.EMERGENCY: array (
  'notifsRappelCount' => 0,
  'notifsValidationCount' => 1,
  'notifsMessageCount' => 0,
)  
[2023-10-08 12:27:00] local.EMERGENCY: array (
  'notifsRappelCount' => 0,
  'notifsValidationCount' => 1,
  'notifsMessageCount' => 0,
)  
[2023-10-08 12:27:03] local.EMERGENCY: array (
  'notifsRappelCount' => 0,
  'notifsValidationCount' => 1,
  'notifsMessageCount' => 0,
)  
[2023-10-08 12:29:17] local.EMERGENCY: array (
  'notifsRappelCount' => 0,
  'notifsValidationCount' => 1,
  'notifsMessageCount' => 0,
)  
[2023-10-08 12:29:19] local.EMERGENCY: array (
  'notifsRappelCount' => 0,
  'notifsValidationCount' => 1,
  'notifsMessageCount' => 0,
)  
[2023-10-08 12:34:16] local.EMERGENCY: array (
  'notifsRappelCount' => 0,
  'notifsValidationCount' => 1,
  'notifsMessageCount' => 0,
)  
[2023-10-08 12:35:24] local.EMERGENCY: array (
  'notifsRappelCount' => 0,
  'notifsValidationCount' => 1,
  'notifsMessageCount' => 0,
)  
[2023-10-08 12:35:25] local.EMERGENCY: array (
  'notifsRappelCount' => 0,
  'notifsValidationCount' => 1,
  'notifsMessageCount' => 0,
)  
[2023-10-08 12:40:24] local.EMERGENCY: array (
  'notifsRappelCount' => 0,
  'notifsValidationCount' => 1,
  'notifsMessageCount' => 0,
)  
[2023-10-08 12:42:36] local.EMERGENCY: array (
  'notifsRappelCount' => 0,
  'notifsValidationCount' => 1,
  'notifsMessageCount' => 0,
)  
[2023-10-08 12:42:38] local.EMERGENCY: array (
  'notifsRappelCount' => 0,
  'notifsValidationCount' => 1,
  'notifsMessageCount' => 0,
)  
[2023-10-08 12:47:37] local.EMERGENCY: array (
  'notifsRappelCount' => 0,
  'notifsValidationCount' => 1,
  'notifsMessageCount' => 0,
)  
[2023-10-08 12:52:36] local.EMERGENCY: array (
  'notifsRappelCount' => 0,
  'notifsValidationCount' => 1,
  'notifsMessageCount' => 0,
)  
[2023-10-08 12:52:37] local.EMERGENCY: array (
  'notifsRappelCount' => 0,
  'notifsValidationCount' => 1,
  'notifsMessageCount' => 0,
)  
[2023-10-08 12:59:00] local.EMERGENCY: array (
  'notifsRappelCount' => 0,
  'notifsValidationCount' => 1,
  'notifsMessageCount' => 0,
)  
[2023-10-08 13:02:36] local.EMERGENCY: array (
  'notifsRappelCount' => 0,
  'notifsValidationCount' => 1,
  'notifsMessageCount' => 0,
)  
[2023-10-08 13:02:37] local.EMERGENCY: array (
  'notifsRappelCount' => 0,
  'notifsValidationCount' => 1,
  'notifsMessageCount' => 0,
)  
[2023-10-08 13:08:25] local.EMERGENCY: array (
  'notifsRappelCount' => 0,
  'notifsValidationCount' => 1,
  'notifsMessageCount' => 0,
)  
[2023-10-08 13:12:37] local.EMERGENCY: array (
  'notifsRappelCount' => 0,
  'notifsValidationCount' => 1,
  'notifsMessageCount' => 0,
)  
[2023-10-08 13:17:26] local.EMERGENCY: array (
  'notifsRappelCount' => 0,
  'notifsValidationCount' => 1,
  'notifsMessageCount' => 0,
)  
[2023-10-08 23:19:49] local.EMERGENCY: array (
  'notifsRappelCount' => 0,
  'notifsValidationCount' => 1,
  'notifsMessageCount' => 0,
)  
[2023-10-08 23:20:21] local.EMERGENCY: array (
  'notifsRappelCount' => 0,
  'notifsValidationCount' => 1,
  'notifsMessageCount' => 0,
)  
[2023-10-08 23:25:22] local.EMERGENCY: array (
  'notifsRappelCount' => 0,
  'notifsValidationCount' => 1,
  'notifsMessageCount' => 0,
)  
[2023-10-08 23:26:13] local.EMERGENCY: array (
  'notifsRappelCount' => 0,
  'notifsValidationCount' => 1,
  'notifsMessageCount' => 0,
)  
[2023-10-08 23:31:13] local.EMERGENCY: array (
  'notifsRappelCount' => 0,
  'notifsValidationCount' => 1,
  'notifsMessageCount' => 0,
)  
[2023-10-08 23:33:56] local.EMERGENCY: array (
  'notifsRappelCount' => 0,
  'notifsValidationCount' => 1,
  'notifsMessageCount' => 0,
)  
[2023-10-08 23:36:51] local.EMERGENCY: array (
  'notifsRappelCount' => 0,
  'notifsValidationCount' => 1,
  'notifsMessageCount' => 0,
)  
[2023-10-08 23:41:51] local.EMERGENCY: array (
  'notifsRappelCount' => 0,
  'notifsValidationCount' => 1,
  'notifsMessageCount' => 0,
)  
[2023-10-08 23:45:33] local.EMERGENCY: array (
  'notifsRappelCount' => 0,
  'notifsValidationCount' => 1,
  'notifsMessageCount' => 0,
)  
[2023-10-08 23:48:09] local.EMERGENCY: array (
  'notifsRappelCount' => 0,
  'notifsValidationCount' => 1,
  'notifsMessageCount' => 0,
)  
[2023-10-08 23:50:13] local.EMERGENCY: array (
  'notifsRappelCount' => 0,
  'notifsValidationCount' => 1,
  'notifsMessageCount' => 0,
)  
[2023-10-08 23:51:15] local.EMERGENCY: array (
  'notifsRappelCount' => 0,
  'notifsValidationCount' => 1,
  'notifsMessageCount' => 0,
)  
[2023-10-08 23:52:47] local.EMERGENCY: array (
  'notifsRappelCount' => 0,
  'notifsValidationCount' => 1,
  'notifsMessageCount' => 0,
)  
[2023-10-08 23:54:04] local.EMERGENCY: array (
  'notifsRappelCount' => 0,
  'notifsValidationCount' => 1,
  'notifsMessageCount' => 0,
)  
[2023-10-08 23:56:34] local.ERROR: syntax error, unexpected ';', expecting ')' {"exception":"[object] (ParseError(code: 0): syntax error, unexpected ';', expecting ')' at D:\\MesProjetsLaravel\\elite-marche\\elite-marche\\app\\Repositories\\Services\\NotifRepository.php:139)
[stacktrace]
#0 D:\\MesProjetsLaravel\\elite-marche\\elite-marche\\vendor\\composer\\ClassLoader.php(432): Composer\\Autoload\\ClassLoader::Composer\\Autoload\\{closure}()
#1 [internal function]: Composer\\Autoload\\ClassLoader->loadClass()
#2 [internal function]: spl_autoload_call()
#3 D:\\MesProjetsLaravel\\elite-marche\\elite-marche\\vendor\\laravel\\framework\\src\\Illuminate\\Container\\Container.php(877): ReflectionClass->__construct()
#4 D:\\MesProjetsLaravel\\elite-marche\\elite-marche\\vendor\\laravel\\framework\\src\\Illuminate\\Container\\Container.php(758): Illuminate\\Container\\Container->build()
#5 D:\\MesProjetsLaravel\\elite-marche\\elite-marche\\vendor\\laravel\\framework\\src\\Illuminate\\Foundation\\Application.php(851): Illuminate\\Container\\Container->resolve()
#6 D:\\MesProjetsLaravel\\elite-marche\\elite-marche\\vendor\\laravel\\framework\\src\\Illuminate\\Container\\Container.php(296): Illuminate\\Foundation\\Application->resolve()
#7 D:\\MesProjetsLaravel\\elite-marche\\elite-marche\\vendor\\laravel\\framework\\src\\Illuminate\\Container\\Container.php(873): Illuminate\\Container\\Container->Illuminate\\Container\\{closure}()
#8 D:\\MesProjetsLaravel\\elite-marche\\elite-marche\\vendor\\laravel\\framework\\src\\Illuminate\\Container\\Container.php(758): Illuminate\\Container\\Container->build()
#9 D:\\MesProjetsLaravel\\elite-marche\\elite-marche\\vendor\\laravel\\framework\\src\\Illuminate\\Foundation\\Application.php(851): Illuminate\\Container\\Container->resolve()
#10 D:\\MesProjetsLaravel\\elite-marche\\elite-marche\\vendor\\laravel\\framework\\src\\Illuminate\\Container\\Container.php(694): Illuminate\\Foundation\\Application->resolve()
#11 D:\\MesProjetsLaravel\\elite-marche\\elite-marche\\vendor\\laravel\\framework\\src\\Illuminate\\Foundation\\Application.php(836): Illuminate\\Container\\Container->make()
#12 D:\\MesProjetsLaravel\\elite-marche\\elite-marche\\vendor\\laravel\\framework\\src\\Illuminate\\Container\\Container.php(1027): Illuminate\\Foundation\\Application->make()
#13 D:\\MesProjetsLaravel\\elite-marche\\elite-marche\\vendor\\laravel\\framework\\src\\Illuminate\\Container\\Container.php(947): Illuminate\\Container\\Container->resolveClass()
#14 D:\\MesProjetsLaravel\\elite-marche\\elite-marche\\vendor\\laravel\\framework\\src\\Illuminate\\Container\\Container.php(908): Illuminate\\Container\\Container->resolveDependencies()
#15 D:\\MesProjetsLaravel\\elite-marche\\elite-marche\\vendor\\laravel\\framework\\src\\Illuminate\\Container\\Container.php(758): Illuminate\\Container\\Container->build()
#16 D:\\MesProjetsLaravel\\elite-marche\\elite-marche\\vendor\\laravel\\framework\\src\\Illuminate\\Foundation\\Application.php(851): Illuminate\\Container\\Container->resolve()
#17 D:\\MesProjetsLaravel\\elite-marche\\elite-marche\\vendor\\laravel\\framework\\src\\Illuminate\\Container\\Container.php(694): Illuminate\\Foundation\\Application->resolve()
#18 D:\\MesProjetsLaravel\\elite-marche\\elite-marche\\vendor\\laravel\\framework\\src\\Illuminate\\Foundation\\Application.php(836): Illuminate\\Container\\Container->make()
#19 D:\\MesProjetsLaravel\\elite-marche\\elite-marche\\vendor\\laravel\\framework\\src\\Illuminate\\Routing\\Route.php(276): Illuminate\\Foundation\\Application->make()
#20 D:\\MesProjetsLaravel\\elite-marche\\elite-marche\\vendor\\laravel\\framework\\src\\Illuminate\\Routing\\Route.php(1069): Illuminate\\Routing\\Route->getController()
#21 D:\\MesProjetsLaravel\\elite-marche\\elite-marche\\vendor\\laravel\\framework\\src\\Illuminate\\Routing\\Route.php(1012): Illuminate\\Routing\\Route->controllerMiddleware()
#22 D:\\MesProjetsLaravel\\elite-marche\\elite-marche\\vendor\\laravel\\framework\\src\\Illuminate\\Routing\\Router.php(734): Illuminate\\Routing\\Route->gatherMiddleware()
#23 D:\\MesProjetsLaravel\\elite-marche\\elite-marche\\vendor\\laravel\\framework\\src\\Illuminate\\Routing\\Router.php(714): Illuminate\\Routing\\Router->gatherRouteMiddleware()
#24 D:\\MesProjetsLaravel\\elite-marche\\elite-marche\\vendor\\laravel\\framework\\src\\Illuminate\\Routing\\Router.php(698): Illuminate\\Routing\\Router->runRouteWithinStack()
#25 D:\\MesProjetsLaravel\\elite-marche\\elite-marche\\vendor\\laravel\\framework\\src\\Illuminate\\Routing\\Router.php(662): Illuminate\\Routing\\Router->runRoute()
#26 D:\\MesProjetsLaravel\\elite-marche\\elite-marche\\vendor\\laravel\\framework\\src\\Illuminate\\Routing\\Router.php(651): Illuminate\\Routing\\Router->dispatchToRoute()
#27 D:\\MesProjetsLaravel\\elite-marche\\elite-marche\\vendor\\laravel\\framework\\src\\Illuminate\\Foundation\\Http\\Kernel.php(167): Illuminate\\Routing\\Router->dispatch()
#28 D:\\MesProjetsLaravel\\elite-marche\\elite-marche\\vendor\\laravel\\framework\\src\\Illuminate\\Pipeline\\Pipeline.php(128): Illuminate\\Foundation\\Http\\Kernel->Illuminate\\Foundation\\Http\\{closure}()
#29 D:\\MesProjetsLaravel\\elite-marche\\elite-marche\\vendor\\laravel\\framework\\src\\Illuminate\\Foundation\\Http\\Middleware\\TransformsRequest.php(21): Illuminate\\Pipeline\\Pipeline->Illuminate\\Pipeline\\{closure}()
#30 D:\\MesProjetsLaravel\\elite-marche\\elite-marche\\vendor\\laravel\\framework\\src\\Illuminate\\Foundation\\Http\\Middleware\\ConvertEmptyStringsToNull.php(31): Illuminate\\Foundation\\Http\\Middleware\\TransformsRequest->handle()
#31 D:\\MesProjetsLaravel\\elite-marche\\elite-marche\\vendor\\laravel\\framework\\src\\Illuminate\\Pipeline\\Pipeline.php(167): Illuminate\\Foundation\\Http\\Middleware\\ConvertEmptyStringsToNull->handle()
#32 D:\\MesProjetsLaravel\\elite-marche\\elite-marche\\vendor\\laravel\\framework\\src\\Illuminate\\Foundation\\Http\\Middleware\\TransformsRequest.php(21): Illuminate\\Pipeline\\Pipeline->Illuminate\\Pipeline\\{closure}()
#33 D:\\MesProjetsLaravel\\elite-marche\\elite-marche\\vendor\\laravel\\framework\\src\\Illuminate\\Foundation\\Http\\Middleware\\TrimStrings.php(40): Illuminate\\Foundation\\Http\\Middleware\\TransformsRequest->handle()
#34 D:\\MesProjetsLaravel\\elite-marche\\elite-marche\\vendor\\laravel\\framework\\src\\Illuminate\\Pipeline\\Pipeline.php(167): Illuminate\\Foundation\\Http\\Middleware\\TrimStrings->handle()
#35 D:\\MesProjetsLaravel\\elite-marche\\elite-marche\\vendor\\laravel\\framework\\src\\Illuminate\\Foundation\\Http\\Middleware\\ValidatePostSize.php(27): Illuminate\\Pipeline\\Pipeline->Illuminate\\Pipeline\\{closure}()
#36 D:\\MesProjetsLaravel\\elite-marche\\elite-marche\\vendor\\laravel\\framework\\src\\Illuminate\\Pipeline\\Pipeline.php(167): Illuminate\\Foundation\\Http\\Middleware\\ValidatePostSize->handle()
#37 D:\\MesProjetsLaravel\\elite-marche\\elite-marche\\vendor\\laravel\\framework\\src\\Illuminate\\Foundation\\Http\\Middleware\\PreventRequestsDuringMaintenance.php(86): Illuminate\\Pipeline\\Pipeline->Illuminate\\Pipeline\\{closure}()
#38 D:\\MesProjetsLaravel\\elite-marche\\elite-marche\\vendor\\laravel\\framework\\src\\Illuminate\\Pipeline\\Pipeline.php(167): Illuminate\\Foundation\\Http\\Middleware\\PreventRequestsDuringMaintenance->handle()
#39 D:\\MesProjetsLaravel\\elite-marche\\elite-marche\\vendor\\fruitcake\\laravel-cors\\src\\HandleCors.php(38): Illuminate\\Pipeline\\Pipeline->Illuminate\\Pipeline\\{closure}()
#40 D:\\MesProjetsLaravel\\elite-marche\\elite-marche\\vendor\\laravel\\framework\\src\\Illuminate\\Pipeline\\Pipeline.php(167): Fruitcake\\Cors\\HandleCors->handle()
#41 D:\\MesProjetsLaravel\\elite-marche\\elite-marche\\vendor\\fideloper\\proxy\\src\\TrustProxies.php(57): Illuminate\\Pipeline\\Pipeline->Illuminate\\Pipeline\\{closure}()
#42 D:\\MesProjetsLaravel\\elite-marche\\elite-marche\\vendor\\laravel\\framework\\src\\Illuminate\\Pipeline\\Pipeline.php(167): Fideloper\\Proxy\\TrustProxies->handle()
#43 D:\\MesProjetsLaravel\\elite-marche\\elite-marche\\vendor\\laravel\\framework\\src\\Illuminate\\Http\\Middleware\\TrustHosts.php(48): Illuminate\\Pipeline\\Pipeline->Illuminate\\Pipeline\\{closure}()
#44 D:\\MesProjetsLaravel\\elite-marche\\elite-marche\\vendor\\laravel\\framework\\src\\Illuminate\\Pipeline\\Pipeline.php(167): Illuminate\\Http\\Middleware\\TrustHosts->handle()
#45 D:\\MesProjetsLaravel\\elite-marche\\elite-marche\\vendor\\laravel\\framework\\src\\Illuminate\\Pipeline\\Pipeline.php(103): Illuminate\\Pipeline\\Pipeline->Illuminate\\Pipeline\\{closure}()
#46 D:\\MesProjetsLaravel\\elite-marche\\elite-marche\\vendor\\laravel\\framework\\src\\Illuminate\\Foundation\\Http\\Kernel.php(142): Illuminate\\Pipeline\\Pipeline->then()
#47 D:\\MesProjetsLaravel\\elite-marche\\elite-marche\\vendor\\laravel\\framework\\src\\Illuminate\\Foundation\\Http\\Kernel.php(111): Illuminate\\Foundation\\Http\\Kernel->sendRequestThroughRouter()
#48 D:\\MesProjetsLaravel\\elite-marche\\elite-marche\\public\\index.php(52): Illuminate\\Foundation\\Http\\Kernel->handle()
#49 D:\\MesProjetsLaravel\\elite-marche\\elite-marche\\server.php(21): require_once('D:\\\\MesProjetsLa...')
#50 {main}
"} 
[2023-10-08 23:57:05] local.EMERGENCY: array (
  'notifsRappelCount' => 0,
  'notifsValidationCount' => 1,
  'notifsMessageCount' => 0,
)  
[2023-10-08 23:58:48] local.EMERGENCY: array (
  'notifsRappelCount' => 0,
  'notifsValidationCount' => 1,
  'notifsMessageCount' => 0,
)  
