[2023-10-12 20:16:56] local.INFO: Transfert projet to Dossier Achat  
[2023-10-12 20:16:56] local.INFO: array (
  'projets_id' => '43',
  'nature_passation' => 'CONSULTATION',
  'organisme_financier' => 'dgsdgsdgsgs',
  'source_finance' => '1',
  'nature_finance' => 'FIXE',
)  
[2023-10-12 20:16:56] local.ERROR: A non-numeric value encountered {"userId":30011,"exception":"[object] (ErrorException(code: 0): A non-numeric value encountered at D:\\MesProjetsLaravel\\elite-marche\\elite-marche\\app\\Models\\DossiersAchat.php:128)
[stacktrace]
#0 D:\\MesProjetsLaravel\\elite-marche\\elite-marche\\app\\Models\\DossiersAchat.php(128): Illuminate\\Foundation\\Bootstrap\\HandleExceptions->handleError()
#1 D:\\MesProjetsLaravel\\elite-marche\\elite-marche\\vendor\\laravel\\framework\\src\\Illuminate\\Events\\Dispatcher.php(404): App\\Models\\DossiersAchat::App\\Models\\{closure}()
#2 D:\\MesProjetsLaravel\\elite-marche\\elite-marche\\vendor\\laravel\\framework\\src\\Illuminate\\Events\\Dispatcher.php(249): Illuminate\\Events\\Dispatcher->Illuminate\\Events\\{closure}()
#3 D:\\MesProjetsLaravel\\elite-marche\\elite-marche\\vendor\\laravel\\framework\\src\\Illuminate\\Database\\Eloquent\\Concerns\\HasEvents.php(189): Illuminate\\Events\\Dispatcher->dispatch()
#4 D:\\MesProjetsLaravel\\elite-marche\\elite-marche\\vendor\\laravel\\framework\\src\\Illuminate\\Database\\Eloquent\\Model.php(1174): Illuminate\\Database\\Eloquent\\Model->fireModelEvent()
#5 D:\\MesProjetsLaravel\\elite-marche\\elite-marche\\vendor\\laravel\\framework\\src\\Illuminate\\Database\\Eloquent\\Model.php(994): Illuminate\\Database\\Eloquent\\Model->performInsert()
#6 D:\\MesProjetsLaravel\\elite-marche\\elite-marche\\vendor\\laravel\\framework\\src\\Illuminate\\Database\\Eloquent\\Builder.php(896): Illuminate\\Database\\Eloquent\\Model->save()
#7 D:\\MesProjetsLaravel\\elite-marche\\elite-marche\\vendor\\laravel\\framework\\src\\Illuminate\\Support\\helpers.php(263): Illuminate\\Database\\Eloquent\\Builder->Illuminate\\Database\\Eloquent\\{closure}()
#8 D:\\MesProjetsLaravel\\elite-marche\\elite-marche\\vendor\\laravel\\framework\\src\\Illuminate\\Database\\Eloquent\\Builder.php(897): tap()
#9 D:\\MesProjetsLaravel\\elite-marche\\elite-marche\\vendor\\laravel\\framework\\src\\Illuminate\\Support\\Traits\\ForwardsCalls.php(23): Illuminate\\Database\\Eloquent\\Builder->create()
#10 D:\\MesProjetsLaravel\\elite-marche\\elite-marche\\vendor\\laravel\\framework\\src\\Illuminate\\Database\\Eloquent\\Model.php(2132): Illuminate\\Database\\Eloquent\\Model->forwardCallTo()
#11 D:\\MesProjetsLaravel\\elite-marche\\elite-marche\\vendor\\laravel\\framework\\src\\Illuminate\\Database\\Eloquent\\Model.php(2144): Illuminate\\Database\\Eloquent\\Model->__call()
#12 D:\\MesProjetsLaravel\\elite-marche\\elite-marche\\app\\Http\\Controllers\\ProjetController.php(288): Illuminate\\Database\\Eloquent\\Model::__callStatic()
#13 D:\\MesProjetsLaravel\\elite-marche\\elite-marche\\vendor\\laravel\\framework\\src\\Illuminate\\Routing\\Controller.php(54): App\\Http\\Controllers\\ProjetController->transfererProjet()
#14 D:\\MesProjetsLaravel\\elite-marche\\elite-marche\\vendor\\laravel\\framework\\src\\Illuminate\\Routing\\ControllerDispatcher.php(45): Illuminate\\Routing\\Controller->callAction()
#15 D:\\MesProjetsLaravel\\elite-marche\\elite-marche\\vendor\\laravel\\framework\\src\\Illuminate\\Routing\\Route.php(262): Illuminate\\Routing\\ControllerDispatcher->dispatch()
#16 D:\\MesProjetsLaravel\\elite-marche\\elite-marche\\vendor\\laravel\\framework\\src\\Illuminate\\Routing\\Route.php(205): Illuminate\\Routing\\Route->runController()
#17 D:\\MesProjetsLaravel\\elite-marche\\elite-marche\\vendor\\laravel\\framework\\src\\Illuminate\\Routing\\Router.php(721): Illuminate\\Routing\\Route->run()
#18 D:\\MesProjetsLaravel\\elite-marche\\elite-marche\\vendor\\laravel\\framework\\src\\Illuminate\\Pipeline\\Pipeline.php(128): Illuminate\\Routing\\Router->Illuminate\\Routing\\{closure}()
#19 D:\\MesProjetsLaravel\\elite-marche\\elite-marche\\app\\Http\\Middleware\\SecureHeaders.php(20): Illuminate\\Pipeline\\Pipeline->Illuminate\\Pipeline\\{closure}()
#20 D:\\MesProjetsLaravel\\elite-marche\\elite-marche\\vendor\\laravel\\framework\\src\\Illuminate\\Pipeline\\Pipeline.php(167): App\\Http\\Middleware\\SecureHeaders->handle()
#21 D:\\MesProjetsLaravel\\elite-marche\\elite-marche\\vendor\\laravel\\framework\\src\\Illuminate\\Routing\\Middleware\\SubstituteBindings.php(50): Illuminate\\Pipeline\\Pipeline->Illuminate\\Pipeline\\{closure}()
#22 D:\\MesProjetsLaravel\\elite-marche\\elite-marche\\vendor\\laravel\\framework\\src\\Illuminate\\Pipeline\\Pipeline.php(167): Illuminate\\Routing\\Middleware\\SubstituteBindings->handle()
#23 D:\\MesProjetsLaravel\\elite-marche\\elite-marche\\vendor\\laravel\\framework\\src\\Illuminate\\Auth\\Middleware\\Authenticate.php(44): Illuminate\\Pipeline\\Pipeline->Illuminate\\Pipeline\\{closure}()
#24 D:\\MesProjetsLaravel\\elite-marche\\elite-marche\\vendor\\laravel\\framework\\src\\Illuminate\\Pipeline\\Pipeline.php(167): Illuminate\\Auth\\Middleware\\Authenticate->handle()
#25 D:\\MesProjetsLaravel\\elite-marche\\elite-marche\\vendor\\laravel\\framework\\src\\Illuminate\\Foundation\\Http\\Middleware\\VerifyCsrfToken.php(78): Illuminate\\Pipeline\\Pipeline->Illuminate\\Pipeline\\{closure}()
#26 D:\\MesProjetsLaravel\\elite-marche\\elite-marche\\vendor\\laravel\\framework\\src\\Illuminate\\Pipeline\\Pipeline.php(167): Illuminate\\Foundation\\Http\\Middleware\\VerifyCsrfToken->handle()
#27 D:\\MesProjetsLaravel\\elite-marche\\elite-marche\\vendor\\laravel\\framework\\src\\Illuminate\\View\\Middleware\\ShareErrorsFromSession.php(49): Illuminate\\Pipeline\\Pipeline->Illuminate\\Pipeline\\{closure}()
#28 D:\\MesProjetsLaravel\\elite-marche\\elite-marche\\vendor\\laravel\\framework\\src\\Illuminate\\Pipeline\\Pipeline.php(167): Illuminate\\View\\Middleware\\ShareErrorsFromSession->handle()
#29 D:\\MesProjetsLaravel\\elite-marche\\elite-marche\\vendor\\laravel\\framework\\src\\Illuminate\\Session\\Middleware\\StartSession.php(121): Illuminate\\Pipeline\\Pipeline->Illuminate\\Pipeline\\{closure}()
#30 D:\\MesProjetsLaravel\\elite-marche\\elite-marche\\vendor\\laravel\\framework\\src\\Illuminate\\Session\\Middleware\\StartSession.php(64): Illuminate\\Session\\Middleware\\StartSession->handleStatefulRequest()
#31 D:\\MesProjetsLaravel\\elite-marche\\elite-marche\\vendor\\laravel\\framework\\src\\Illuminate\\Pipeline\\Pipeline.php(167): Illuminate\\Session\\Middleware\\StartSession->handle()
#32 D:\\MesProjetsLaravel\\elite-marche\\elite-marche\\vendor\\laravel\\framework\\src\\Illuminate\\Cookie\\Middleware\\AddQueuedCookiesToResponse.php(37): Illuminate\\Pipeline\\Pipeline->Illuminate\\Pipeline\\{closure}()
#33 D:\\MesProjetsLaravel\\elite-marche\\elite-marche\\vendor\\laravel\\framework\\src\\Illuminate\\Pipeline\\Pipeline.php(167): Illuminate\\Cookie\\Middleware\\AddQueuedCookiesToResponse->handle()
#34 D:\\MesProjetsLaravel\\elite-marche\\elite-marche\\vendor\\laravel\\framework\\src\\Illuminate\\Cookie\\Middleware\\EncryptCookies.php(67): Illuminate\\Pipeline\\Pipeline->Illuminate\\Pipeline\\{closure}()
#35 D:\\MesProjetsLaravel\\elite-marche\\elite-marche\\vendor\\laravel\\framework\\src\\Illuminate\\Pipeline\\Pipeline.php(167): Illuminate\\Cookie\\Middleware\\EncryptCookies->handle()
#36 D:\\MesProjetsLaravel\\elite-marche\\elite-marche\\vendor\\laravel\\framework\\src\\Illuminate\\Pipeline\\Pipeline.php(103): Illuminate\\Pipeline\\Pipeline->Illuminate\\Pipeline\\{closure}()
#37 D:\\MesProjetsLaravel\\elite-marche\\elite-marche\\vendor\\laravel\\framework\\src\\Illuminate\\Routing\\Router.php(723): Illuminate\\Pipeline\\Pipeline->then()
#38 D:\\MesProjetsLaravel\\elite-marche\\elite-marche\\vendor\\laravel\\framework\\src\\Illuminate\\Routing\\Router.php(698): Illuminate\\Routing\\Router->runRouteWithinStack()
#39 D:\\MesProjetsLaravel\\elite-marche\\elite-marche\\vendor\\laravel\\framework\\src\\Illuminate\\Routing\\Router.php(662): Illuminate\\Routing\\Router->runRoute()
#40 D:\\MesProjetsLaravel\\elite-marche\\elite-marche\\vendor\\laravel\\framework\\src\\Illuminate\\Routing\\Router.php(651): Illuminate\\Routing\\Router->dispatchToRoute()
#41 D:\\MesProjetsLaravel\\elite-marche\\elite-marche\\vendor\\laravel\\framework\\src\\Illuminate\\Foundation\\Http\\Kernel.php(167): Illuminate\\Routing\\Router->dispatch()
#42 D:\\MesProjetsLaravel\\elite-marche\\elite-marche\\vendor\\laravel\\framework\\src\\Illuminate\\Pipeline\\Pipeline.php(128): Illuminate\\Foundation\\Http\\Kernel->Illuminate\\Foundation\\Http\\{closure}()
#43 D:\\MesProjetsLaravel\\elite-marche\\elite-marche\\vendor\\laravel\\framework\\src\\Illuminate\\Foundation\\Http\\Middleware\\TransformsRequest.php(21): Illuminate\\Pipeline\\Pipeline->Illuminate\\Pipeline\\{closure}()
#44 D:\\MesProjetsLaravel\\elite-marche\\elite-marche\\vendor\\laravel\\framework\\src\\Illuminate\\Foundation\\Http\\Middleware\\ConvertEmptyStringsToNull.php(31): Illuminate\\Foundation\\Http\\Middleware\\TransformsRequest->handle()
#45 D:\\MesProjetsLaravel\\elite-marche\\elite-marche\\vendor\\laravel\\framework\\src\\Illuminate\\Pipeline\\Pipeline.php(167): Illuminate\\Foundation\\Http\\Middleware\\ConvertEmptyStringsToNull->handle()
#46 D:\\MesProjetsLaravel\\elite-marche\\elite-marche\\vendor\\laravel\\framework\\src\\Illuminate\\Foundation\\Http\\Middleware\\TransformsRequest.php(21): Illuminate\\Pipeline\\Pipeline->Illuminate\\Pipeline\\{closure}()
#47 D:\\MesProjetsLaravel\\elite-marche\\elite-marche\\vendor\\laravel\\framework\\src\\Illuminate\\Foundation\\Http\\Middleware\\TrimStrings.php(40): Illuminate\\Foundation\\Http\\Middleware\\TransformsRequest->handle()
#48 D:\\MesProjetsLaravel\\elite-marche\\elite-marche\\vendor\\laravel\\framework\\src\\Illuminate\\Pipeline\\Pipeline.php(167): Illuminate\\Foundation\\Http\\Middleware\\TrimStrings->handle()
#49 D:\\MesProjetsLaravel\\elite-marche\\elite-marche\\vendor\\laravel\\framework\\src\\Illuminate\\Foundation\\Http\\Middleware\\ValidatePostSize.php(27): Illuminate\\Pipeline\\Pipeline->Illuminate\\Pipeline\\{closure}()
#50 D:\\MesProjetsLaravel\\elite-marche\\elite-marche\\vendor\\laravel\\framework\\src\\Illuminate\\Pipeline\\Pipeline.php(167): Illuminate\\Foundation\\Http\\Middleware\\ValidatePostSize->handle()
#51 D:\\MesProjetsLaravel\\elite-marche\\elite-marche\\vendor\\laravel\\framework\\src\\Illuminate\\Foundation\\Http\\Middleware\\PreventRequestsDuringMaintenance.php(86): Illuminate\\Pipeline\\Pipeline->Illuminate\\Pipeline\\{closure}()
#52 D:\\MesProjetsLaravel\\elite-marche\\elite-marche\\vendor\\laravel\\framework\\src\\Illuminate\\Pipeline\\Pipeline.php(167): Illuminate\\Foundation\\Http\\Middleware\\PreventRequestsDuringMaintenance->handle()
#53 D:\\MesProjetsLaravel\\elite-marche\\elite-marche\\vendor\\fruitcake\\laravel-cors\\src\\HandleCors.php(38): Illuminate\\Pipeline\\Pipeline->Illuminate\\Pipeline\\{closure}()
#54 D:\\MesProjetsLaravel\\elite-marche\\elite-marche\\vendor\\laravel\\framework\\src\\Illuminate\\Pipeline\\Pipeline.php(167): Fruitcake\\Cors\\HandleCors->handle()
#55 D:\\MesProjetsLaravel\\elite-marche\\elite-marche\\vendor\\fideloper\\proxy\\src\\TrustProxies.php(57): Illuminate\\Pipeline\\Pipeline->Illuminate\\Pipeline\\{closure}()
#56 D:\\MesProjetsLaravel\\elite-marche\\elite-marche\\vendor\\laravel\\framework\\src\\Illuminate\\Pipeline\\Pipeline.php(167): Fideloper\\Proxy\\TrustProxies->handle()
#57 D:\\MesProjetsLaravel\\elite-marche\\elite-marche\\vendor\\laravel\\framework\\src\\Illuminate\\Http\\Middleware\\TrustHosts.php(48): Illuminate\\Pipeline\\Pipeline->Illuminate\\Pipeline\\{closure}()
#58 D:\\MesProjetsLaravel\\elite-marche\\elite-marche\\vendor\\laravel\\framework\\src\\Illuminate\\Pipeline\\Pipeline.php(167): Illuminate\\Http\\Middleware\\TrustHosts->handle()
#59 D:\\MesProjetsLaravel\\elite-marche\\elite-marche\\vendor\\laravel\\framework\\src\\Illuminate\\Pipeline\\Pipeline.php(103): Illuminate\\Pipeline\\Pipeline->Illuminate\\Pipeline\\{closure}()
#60 D:\\MesProjetsLaravel\\elite-marche\\elite-marche\\vendor\\laravel\\framework\\src\\Illuminate\\Foundation\\Http\\Kernel.php(142): Illuminate\\Pipeline\\Pipeline->then()
#61 D:\\MesProjetsLaravel\\elite-marche\\elite-marche\\vendor\\laravel\\framework\\src\\Illuminate\\Foundation\\Http\\Kernel.php(111): Illuminate\\Foundation\\Http\\Kernel->sendRequestThroughRouter()
#62 D:\\MesProjetsLaravel\\elite-marche\\elite-marche\\public\\index.php(52): Illuminate\\Foundation\\Http\\Kernel->handle()
#63 D:\\MesProjetsLaravel\\elite-marche\\elite-marche\\server.php(21): require_once('D:\\\\MesProjetsLa...')
#64 {main}
"} 
[2023-10-12 20:18:42] local.ERROR: syntax error, unexpected '.' {"exception":"[object] (Symfony\\Component\\ErrorHandler\\Error\\FatalError(code: 0): syntax error, unexpected '.' at D:\\MesProjetsLaravel\\elite-marche\\elite-marche\\app\\Models\\DossiersAchat.php:128)
[stacktrace]
#0 {main}
"} 
[2023-10-12 20:18:42] local.ERROR: syntax error, unexpected '.' {"exception":"[object] (Symfony\\Component\\ErrorHandler\\Error\\FatalError(code: 0): syntax error, unexpected '.' at D:\\MesProjetsLaravel\\elite-marche\\elite-marche\\app\\Models\\DossiersAchat.php:128)
[stacktrace]
#0 {main}
"} 
[2023-10-12 20:18:55] local.INFO: Transfert projet to Dossier Achat  
[2023-10-12 20:18:55] local.INFO: array (
  'projets_id' => '43',
  'nature_passation' => 'CONSULTATION',
  'organisme_financier' => 'dgsdgsdgsgs',
  'source_finance' => '1',
  'nature_finance' => 'FIXE',
)  
[2023-10-12 20:18:55] local.ALERT: code dossier cccc: model :CONSULTATION   
[2023-10-12 20:18:55] local.ALERT: code dossier :   
[2023-10-12 20:18:55] local.INFO: Ligne Projet {"id":2,"num_lot":null,"libelle":"\u0625\u0642\u062a\u0646\u0627\u0621 \u062d\u0648\u0627\u0633\u064a\u0628","qte":5,"cout_unite_ttc":1000,"cout_total_ttc":5000,"projets_id":43,"lignes_besoin_id":1,"lbsoins_ids":"1","created_at":"2023-09-22T11:13:59.000000Z","updated_at":"2023-09-22T11:13:59.000000Z","deleted_at":null,"created_by":null,"updated_by":null}  
[2023-10-12 20:18:56] local.ALERT: Pai Request Params from view  
[2023-10-12 20:18:56] local.INFO: array (
  'annee_gestion' => '2023',
  'services_id' => 'all',
  'type_demande' => 'all',
  'natures_passation' => 'all',
  'mode' => 'projet',
)  
[2023-10-12 20:18:56] local.INFO: projet mode : projet / Nature Passation : all  
[2023-10-12 20:18:56] local.INFO: Result of query projets : [{"id":43,"code_pa":"PA00001\/2023","annee_gestion":"2023","date_projet":"2023-09-22T00:00:00.000000Z","objet":"\u0627\u0642\u062a\u0646\u0627\u0621 \u062d\u0648\u0627\u0633\u064a\u0628","date_action_prevu":"2023-10-12","type_demande":"1","nature_passation":"CONSULTATION","source_finance":null,"services_id":null,"transferer":true,"created_at":"2023-09-22","updated_at":"2023-10-12T20:18:55.000000Z","deleted_at":null,"created_by":30011,"updated_by":30011,"duree_travaux_prvu":50,"date_cc_prvu":"2023-09-22","date_avis_prvu":"2023-09-22","date_op_prvu":"2023-09-22","date_trsfert_ca_prvu":"2023-09-22","date_trsfert_cao_prvu":"2023-09-22","date_repca_prvu":"2023-09-22","date_pub_reslt_prvu":"2023-09-22","date_avis_soumissionaire_prvu":"2023-09-22","date_ordre_serv_prvu":"2023-09-22","service":null}]  
[2023-10-12 20:21:07] local.EMERGENCY: array (
  'notifsRappelCount' => 0,
  'notifsValidationCount' => 0,
  'notifsMessageCount' => 1,
)  
[2023-10-12 20:24:45] local.EMERGENCY: array (
  'notifsRappelCount' => 0,
  'notifsValidationCount' => 0,
  'notifsMessageCount' => 1,
)  
[2023-10-12 20:30:33] local.EMERGENCY: array (
  'notifsRappelCount' => 0,
  'notifsValidationCount' => 0,
  'notifsMessageCount' => 1,
)  
[2023-10-12 20:31:39] local.ERROR: SQLSTATE[HY000]: General error: 1366 Incorrect integer value: '' for column 'notif_duree_session_op' at row 1 (SQL: update `etablissements` set `libelle` = , `matricule_fiscale` = , `email` = , `adresse` = , `responsable` = , `tel` = , `fax` = , `code_pa` = PA{code}/{Annee}, `code_consult` = C{code}/{annee}, `code_aon` = AON{code}/{annee}, `code_aos` = AOS{code}/{annee}, `code_gg` = AGG{code}/{annee}, `notif_cc` = 0, `notif_duree_session_op` = , `notif_duree_caution_final` = , `notif_duree_caution_provisoire` = , `notif_duree_rp` = , `notif_duree_rd` = , `etablissements`.`updated_at` = 2023-10-12 20:31:39 where `id` = 1) {"userId":30011,"exception":"[object] (Illuminate\\Database\\QueryException(code: HY000): SQLSTATE[HY000]: General error: 1366 Incorrect integer value: '' for column 'notif_duree_session_op' at row 1 (SQL: update `etablissements` set `libelle` = , `matricule_fiscale` = , `email` = , `adresse` = , `responsable` = , `tel` = , `fax` = , `code_pa` = PA{code}/{Annee}, `code_consult` = C{code}/{annee}, `code_aon` = AON{code}/{annee}, `code_aos` = AOS{code}/{annee}, `code_gg` = AGG{code}/{annee}, `notif_cc` = 0, `notif_duree_session_op` = , `notif_duree_caution_final` = , `notif_duree_caution_provisoire` = , `notif_duree_rp` = , `notif_duree_rd` = , `etablissements`.`updated_at` = 2023-10-12 20:31:39 where `id` = 1) at D:\\MesProjetsLaravel\\elite-marche\\elite-marche\\vendor\\laravel\\framework\\src\\Illuminate\\Database\\Connection.php:712)
[stacktrace]
#0 D:\\MesProjetsLaravel\\elite-marche\\elite-marche\\vendor\\laravel\\framework\\src\\Illuminate\\Database\\Connection.php(672): Illuminate\\Database\\Connection->runQueryCallback()
#1 D:\\MesProjetsLaravel\\elite-marche\\elite-marche\\vendor\\laravel\\framework\\src\\Illuminate\\Database\\Connection.php(533): Illuminate\\Database\\Connection->run()
#2 D:\\MesProjetsLaravel\\elite-marche\\elite-marche\\vendor\\laravel\\framework\\src\\Illuminate\\Database\\Connection.php(466): Illuminate\\Database\\Connection->affectingStatement()
#3 D:\\MesProjetsLaravel\\elite-marche\\elite-marche\\vendor\\laravel\\framework\\src\\Illuminate\\Database\\Query\\Builder.php(3063): Illuminate\\Database\\Connection->update()
#4 D:\\MesProjetsLaravel\\elite-marche\\elite-marche\\vendor\\laravel\\framework\\src\\Illuminate\\Database\\Eloquent\\Builder.php(921): Illuminate\\Database\\Query\\Builder->update()
#5 D:\\MesProjetsLaravel\\elite-marche\\elite-marche\\vendor\\laravel\\framework\\src\\Illuminate\\Database\\Eloquent\\Model.php(1072): Illuminate\\Database\\Eloquent\\Builder->update()
#6 D:\\MesProjetsLaravel\\elite-marche\\elite-marche\\vendor\\laravel\\framework\\src\\Illuminate\\Database\\Eloquent\\Model.php(987): Illuminate\\Database\\Eloquent\\Model->performUpdate()
#7 D:\\MesProjetsLaravel\\elite-marche\\elite-marche\\vendor\\laravel\\framework\\src\\Illuminate\\Database\\Eloquent\\Model.php(885): Illuminate\\Database\\Eloquent\\Model->save()
#8 D:\\MesProjetsLaravel\\elite-marche\\elite-marche\\app\\Http\\Controllers\\EtablissementController.php(64): Illuminate\\Database\\Eloquent\\Model->update()
#9 D:\\MesProjetsLaravel\\elite-marche\\elite-marche\\vendor\\laravel\\framework\\src\\Illuminate\\Routing\\Controller.php(54): App\\Http\\Controllers\\EtablissementController->store()
#10 D:\\MesProjetsLaravel\\elite-marche\\elite-marche\\vendor\\laravel\\framework\\src\\Illuminate\\Routing\\ControllerDispatcher.php(45): Illuminate\\Routing\\Controller->callAction()
#11 D:\\MesProjetsLaravel\\elite-marche\\elite-marche\\vendor\\laravel\\framework\\src\\Illuminate\\Routing\\Route.php(262): Illuminate\\Routing\\ControllerDispatcher->dispatch()
#12 D:\\MesProjetsLaravel\\elite-marche\\elite-marche\\vendor\\laravel\\framework\\src\\Illuminate\\Routing\\Route.php(205): Illuminate\\Routing\\Route->runController()
#13 D:\\MesProjetsLaravel\\elite-marche\\elite-marche\\vendor\\laravel\\framework\\src\\Illuminate\\Routing\\Router.php(721): Illuminate\\Routing\\Route->run()
#14 D:\\MesProjetsLaravel\\elite-marche\\elite-marche\\vendor\\laravel\\framework\\src\\Illuminate\\Pipeline\\Pipeline.php(128): Illuminate\\Routing\\Router->Illuminate\\Routing\\{closure}()
#15 D:\\MesProjetsLaravel\\elite-marche\\elite-marche\\app\\Http\\Middleware\\SecureHeaders.php(20): Illuminate\\Pipeline\\Pipeline->Illuminate\\Pipeline\\{closure}()
#16 D:\\MesProjetsLaravel\\elite-marche\\elite-marche\\vendor\\laravel\\framework\\src\\Illuminate\\Pipeline\\Pipeline.php(167): App\\Http\\Middleware\\SecureHeaders->handle()
#17 D:\\MesProjetsLaravel\\elite-marche\\elite-marche\\vendor\\laravel\\framework\\src\\Illuminate\\Routing\\Middleware\\SubstituteBindings.php(50): Illuminate\\Pipeline\\Pipeline->Illuminate\\Pipeline\\{closure}()
#18 D:\\MesProjetsLaravel\\elite-marche\\elite-marche\\vendor\\laravel\\framework\\src\\Illuminate\\Pipeline\\Pipeline.php(167): Illuminate\\Routing\\Middleware\\SubstituteBindings->handle()
#19 D:\\MesProjetsLaravel\\elite-marche\\elite-marche\\vendor\\laravel\\framework\\src\\Illuminate\\Auth\\Middleware\\Authenticate.php(44): Illuminate\\Pipeline\\Pipeline->Illuminate\\Pipeline\\{closure}()
#20 D:\\MesProjetsLaravel\\elite-marche\\elite-marche\\vendor\\laravel\\framework\\src\\Illuminate\\Pipeline\\Pipeline.php(167): Illuminate\\Auth\\Middleware\\Authenticate->handle()
#21 D:\\MesProjetsLaravel\\elite-marche\\elite-marche\\vendor\\laravel\\framework\\src\\Illuminate\\Foundation\\Http\\Middleware\\VerifyCsrfToken.php(78): Illuminate\\Pipeline\\Pipeline->Illuminate\\Pipeline\\{closure}()
#22 D:\\MesProjetsLaravel\\elite-marche\\elite-marche\\vendor\\laravel\\framework\\src\\Illuminate\\Pipeline\\Pipeline.php(167): Illuminate\\Foundation\\Http\\Middleware\\VerifyCsrfToken->handle()
#23 D:\\MesProjetsLaravel\\elite-marche\\elite-marche\\vendor\\laravel\\framework\\src\\Illuminate\\View\\Middleware\\ShareErrorsFromSession.php(49): Illuminate\\Pipeline\\Pipeline->Illuminate\\Pipeline\\{closure}()
#24 D:\\MesProjetsLaravel\\elite-marche\\elite-marche\\vendor\\laravel\\framework\\src\\Illuminate\\Pipeline\\Pipeline.php(167): Illuminate\\View\\Middleware\\ShareErrorsFromSession->handle()
#25 D:\\MesProjetsLaravel\\elite-marche\\elite-marche\\vendor\\laravel\\framework\\src\\Illuminate\\Session\\Middleware\\StartSession.php(121): Illuminate\\Pipeline\\Pipeline->Illuminate\\Pipeline\\{closure}()
#26 D:\\MesProjetsLaravel\\elite-marche\\elite-marche\\vendor\\laravel\\framework\\src\\Illuminate\\Session\\Middleware\\StartSession.php(64): Illuminate\\Session\\Middleware\\StartSession->handleStatefulRequest()
#27 D:\\MesProjetsLaravel\\elite-marche\\elite-marche\\vendor\\laravel\\framework\\src\\Illuminate\\Pipeline\\Pipeline.php(167): Illuminate\\Session\\Middleware\\StartSession->handle()
#28 D:\\MesProjetsLaravel\\elite-marche\\elite-marche\\vendor\\laravel\\framework\\src\\Illuminate\\Cookie\\Middleware\\AddQueuedCookiesToResponse.php(37): Illuminate\\Pipeline\\Pipeline->Illuminate\\Pipeline\\{closure}()
#29 D:\\MesProjetsLaravel\\elite-marche\\elite-marche\\vendor\\laravel\\framework\\src\\Illuminate\\Pipeline\\Pipeline.php(167): Illuminate\\Cookie\\Middleware\\AddQueuedCookiesToResponse->handle()
#30 D:\\MesProjetsLaravel\\elite-marche\\elite-marche\\vendor\\laravel\\framework\\src\\Illuminate\\Cookie\\Middleware\\EncryptCookies.php(67): Illuminate\\Pipeline\\Pipeline->Illuminate\\Pipeline\\{closure}()
#31 D:\\MesProjetsLaravel\\elite-marche\\elite-marche\\vendor\\laravel\\framework\\src\\Illuminate\\Pipeline\\Pipeline.php(167): Illuminate\\Cookie\\Middleware\\EncryptCookies->handle()
#32 D:\\MesProjetsLaravel\\elite-marche\\elite-marche\\vendor\\laravel\\framework\\src\\Illuminate\\Pipeline\\Pipeline.php(103): Illuminate\\Pipeline\\Pipeline->Illuminate\\Pipeline\\{closure}()
#33 D:\\MesProjetsLaravel\\elite-marche\\elite-marche\\vendor\\laravel\\framework\\src\\Illuminate\\Routing\\Router.php(723): Illuminate\\Pipeline\\Pipeline->then()
#34 D:\\MesProjetsLaravel\\elite-marche\\elite-marche\\vendor\\laravel\\framework\\src\\Illuminate\\Routing\\Router.php(698): Illuminate\\Routing\\Router->runRouteWithinStack()
#35 D:\\MesProjetsLaravel\\elite-marche\\elite-marche\\vendor\\laravel\\framework\\src\\Illuminate\\Routing\\Router.php(662): Illuminate\\Routing\\Router->runRoute()
#36 D:\\MesProjetsLaravel\\elite-marche\\elite-marche\\vendor\\laravel\\framework\\src\\Illuminate\\Routing\\Router.php(651): Illuminate\\Routing\\Router->dispatchToRoute()
#37 D:\\MesProjetsLaravel\\elite-marche\\elite-marche\\vendor\\laravel\\framework\\src\\Illuminate\\Foundation\\Http\\Kernel.php(167): Illuminate\\Routing\\Router->dispatch()
#38 D:\\MesProjetsLaravel\\elite-marche\\elite-marche\\vendor\\laravel\\framework\\src\\Illuminate\\Pipeline\\Pipeline.php(128): Illuminate\\Foundation\\Http\\Kernel->Illuminate\\Foundation\\Http\\{closure}()
#39 D:\\MesProjetsLaravel\\elite-marche\\elite-marche\\vendor\\laravel\\framework\\src\\Illuminate\\Foundation\\Http\\Middleware\\TransformsRequest.php(21): Illuminate\\Pipeline\\Pipeline->Illuminate\\Pipeline\\{closure}()
#40 D:\\MesProjetsLaravel\\elite-marche\\elite-marche\\vendor\\laravel\\framework\\src\\Illuminate\\Foundation\\Http\\Middleware\\ConvertEmptyStringsToNull.php(31): Illuminate\\Foundation\\Http\\Middleware\\TransformsRequest->handle()
#41 D:\\MesProjetsLaravel\\elite-marche\\elite-marche\\vendor\\laravel\\framework\\src\\Illuminate\\Pipeline\\Pipeline.php(167): Illuminate\\Foundation\\Http\\Middleware\\ConvertEmptyStringsToNull->handle()
#42 D:\\MesProjetsLaravel\\elite-marche\\elite-marche\\vendor\\laravel\\framework\\src\\Illuminate\\Foundation\\Http\\Middleware\\TransformsRequest.php(21): Illuminate\\Pipeline\\Pipeline->Illuminate\\Pipeline\\{closure}()
#43 D:\\MesProjetsLaravel\\elite-marche\\elite-marche\\vendor\\laravel\\framework\\src\\Illuminate\\Foundation\\Http\\Middleware\\TrimStrings.php(40): Illuminate\\Foundation\\Http\\Middleware\\TransformsRequest->handle()
#44 D:\\MesProjetsLaravel\\elite-marche\\elite-marche\\vendor\\laravel\\framework\\src\\Illuminate\\Pipeline\\Pipeline.php(167): Illuminate\\Foundation\\Http\\Middleware\\TrimStrings->handle()
#45 D:\\MesProjetsLaravel\\elite-marche\\elite-marche\\vendor\\laravel\\framework\\src\\Illuminate\\Foundation\\Http\\Middleware\\ValidatePostSize.php(27): Illuminate\\Pipeline\\Pipeline->Illuminate\\Pipeline\\{closure}()
#46 D:\\MesProjetsLaravel\\elite-marche\\elite-marche\\vendor\\laravel\\framework\\src\\Illuminate\\Pipeline\\Pipeline.php(167): Illuminate\\Foundation\\Http\\Middleware\\ValidatePostSize->handle()
#47 D:\\MesProjetsLaravel\\elite-marche\\elite-marche\\vendor\\laravel\\framework\\src\\Illuminate\\Foundation\\Http\\Middleware\\PreventRequestsDuringMaintenance.php(86): Illuminate\\Pipeline\\Pipeline->Illuminate\\Pipeline\\{closure}()
#48 D:\\MesProjetsLaravel\\elite-marche\\elite-marche\\vendor\\laravel\\framework\\src\\Illuminate\\Pipeline\\Pipeline.php(167): Illuminate\\Foundation\\Http\\Middleware\\PreventRequestsDuringMaintenance->handle()
#49 D:\\MesProjetsLaravel\\elite-marche\\elite-marche\\vendor\\fruitcake\\laravel-cors\\src\\HandleCors.php(38): Illuminate\\Pipeline\\Pipeline->Illuminate\\Pipeline\\{closure}()
#50 D:\\MesProjetsLaravel\\elite-marche\\elite-marche\\vendor\\laravel\\framework\\src\\Illuminate\\Pipeline\\Pipeline.php(167): Fruitcake\\Cors\\HandleCors->handle()
#51 D:\\MesProjetsLaravel\\elite-marche\\elite-marche\\vendor\\fideloper\\proxy\\src\\TrustProxies.php(57): Illuminate\\Pipeline\\Pipeline->Illuminate\\Pipeline\\{closure}()
#52 D:\\MesProjetsLaravel\\elite-marche\\elite-marche\\vendor\\laravel\\framework\\src\\Illuminate\\Pipeline\\Pipeline.php(167): Fideloper\\Proxy\\TrustProxies->handle()
#53 D:\\MesProjetsLaravel\\elite-marche\\elite-marche\\vendor\\laravel\\framework\\src\\Illuminate\\Http\\Middleware\\TrustHosts.php(48): Illuminate\\Pipeline\\Pipeline->Illuminate\\Pipeline\\{closure}()
#54 D:\\MesProjetsLaravel\\elite-marche\\elite-marche\\vendor\\laravel\\framework\\src\\Illuminate\\Pipeline\\Pipeline.php(167): Illuminate\\Http\\Middleware\\TrustHosts->handle()
#55 D:\\MesProjetsLaravel\\elite-marche\\elite-marche\\vendor\\laravel\\framework\\src\\Illuminate\\Pipeline\\Pipeline.php(103): Illuminate\\Pipeline\\Pipeline->Illuminate\\Pipeline\\{closure}()
#56 D:\\MesProjetsLaravel\\elite-marche\\elite-marche\\vendor\\laravel\\framework\\src\\Illuminate\\Foundation\\Http\\Kernel.php(142): Illuminate\\Pipeline\\Pipeline->then()
#57 D:\\MesProjetsLaravel\\elite-marche\\elite-marche\\vendor\\laravel\\framework\\src\\Illuminate\\Foundation\\Http\\Kernel.php(111): Illuminate\\Foundation\\Http\\Kernel->sendRequestThroughRouter()
#58 D:\\MesProjetsLaravel\\elite-marche\\elite-marche\\public\\index.php(52): Illuminate\\Foundation\\Http\\Kernel->handle()
#59 D:\\MesProjetsLaravel\\elite-marche\\elite-marche\\server.php(21): require_once('D:\\\\MesProjetsLa...')
#60 {main}

[previous exception] [object] (Doctrine\\DBAL\\Driver\\PDO\\Exception(code: HY000): SQLSTATE[HY000]: General error: 1366 Incorrect integer value: '' for column 'notif_duree_session_op' at row 1 at D:\\MesProjetsLaravel\\elite-marche\\elite-marche\\vendor\\doctrine\\dbal\\lib\\Doctrine\\DBAL\\Driver\\PDO\\Exception.php:18)
[stacktrace]
#0 D:\\MesProjetsLaravel\\elite-marche\\elite-marche\\vendor\\doctrine\\dbal\\lib\\Doctrine\\DBAL\\Driver\\PDOStatement.php(119): Doctrine\\DBAL\\Driver\\PDO\\Exception::new()
#1 D:\\MesProjetsLaravel\\elite-marche\\elite-marche\\vendor\\laravel\\framework\\src\\Illuminate\\Database\\Connection.php(526): Doctrine\\DBAL\\Driver\\PDOStatement->execute()
#2 D:\\MesProjetsLaravel\\elite-marche\\elite-marche\\vendor\\laravel\\framework\\src\\Illuminate\\Database\\Connection.php(705): Illuminate\\Database\\Connection->Illuminate\\Database\\{closure}()
#3 D:\\MesProjetsLaravel\\elite-marche\\elite-marche\\vendor\\laravel\\framework\\src\\Illuminate\\Database\\Connection.php(672): Illuminate\\Database\\Connection->runQueryCallback()
#4 D:\\MesProjetsLaravel\\elite-marche\\elite-marche\\vendor\\laravel\\framework\\src\\Illuminate\\Database\\Connection.php(533): Illuminate\\Database\\Connection->run()
#5 D:\\MesProjetsLaravel\\elite-marche\\elite-marche\\vendor\\laravel\\framework\\src\\Illuminate\\Database\\Connection.php(466): Illuminate\\Database\\Connection->affectingStatement()
#6 D:\\MesProjetsLaravel\\elite-marche\\elite-marche\\vendor\\laravel\\framework\\src\\Illuminate\\Database\\Query\\Builder.php(3063): Illuminate\\Database\\Connection->update()
#7 D:\\MesProjetsLaravel\\elite-marche\\elite-marche\\vendor\\laravel\\framework\\src\\Illuminate\\Database\\Eloquent\\Builder.php(921): Illuminate\\Database\\Query\\Builder->update()
#8 D:\\MesProjetsLaravel\\elite-marche\\elite-marche\\vendor\\laravel\\framework\\src\\Illuminate\\Database\\Eloquent\\Model.php(1072): Illuminate\\Database\\Eloquent\\Builder->update()
#9 D:\\MesProjetsLaravel\\elite-marche\\elite-marche\\vendor\\laravel\\framework\\src\\Illuminate\\Database\\Eloquent\\Model.php(987): Illuminate\\Database\\Eloquent\\Model->performUpdate()
#10 D:\\MesProjetsLaravel\\elite-marche\\elite-marche\\vendor\\laravel\\framework\\src\\Illuminate\\Database\\Eloquent\\Model.php(885): Illuminate\\Database\\Eloquent\\Model->save()
#11 D:\\MesProjetsLaravel\\elite-marche\\elite-marche\\app\\Http\\Controllers\\EtablissementController.php(64): Illuminate\\Database\\Eloquent\\Model->update()
#12 D:\\MesProjetsLaravel\\elite-marche\\elite-marche\\vendor\\laravel\\framework\\src\\Illuminate\\Routing\\Controller.php(54): App\\Http\\Controllers\\EtablissementController->store()
#13 D:\\MesProjetsLaravel\\elite-marche\\elite-marche\\vendor\\laravel\\framework\\src\\Illuminate\\Routing\\ControllerDispatcher.php(45): Illuminate\\Routing\\Controller->callAction()
#14 D:\\MesProjetsLaravel\\elite-marche\\elite-marche\\vendor\\laravel\\framework\\src\\Illuminate\\Routing\\Route.php(262): Illuminate\\Routing\\ControllerDispatcher->dispatch()
#15 D:\\MesProjetsLaravel\\elite-marche\\elite-marche\\vendor\\laravel\\framework\\src\\Illuminate\\Routing\\Route.php(205): Illuminate\\Routing\\Route->runController()
#16 D:\\MesProjetsLaravel\\elite-marche\\elite-marche\\vendor\\laravel\\framework\\src\\Illuminate\\Routing\\Router.php(721): Illuminate\\Routing\\Route->run()
#17 D:\\MesProjetsLaravel\\elite-marche\\elite-marche\\vendor\\laravel\\framework\\src\\Illuminate\\Pipeline\\Pipeline.php(128): Illuminate\\Routing\\Router->Illuminate\\Routing\\{closure}()
#18 D:\\MesProjetsLaravel\\elite-marche\\elite-marche\\app\\Http\\Middleware\\SecureHeaders.php(20): Illuminate\\Pipeline\\Pipeline->Illuminate\\Pipeline\\{closure}()
#19 D:\\MesProjetsLaravel\\elite-marche\\elite-marche\\vendor\\laravel\\framework\\src\\Illuminate\\Pipeline\\Pipeline.php(167): App\\Http\\Middleware\\SecureHeaders->handle()
#20 D:\\MesProjetsLaravel\\elite-marche\\elite-marche\\vendor\\laravel\\framework\\src\\Illuminate\\Routing\\Middleware\\SubstituteBindings.php(50): Illuminate\\Pipeline\\Pipeline->Illuminate\\Pipeline\\{closure}()
#21 D:\\MesProjetsLaravel\\elite-marche\\elite-marche\\vendor\\laravel\\framework\\src\\Illuminate\\Pipeline\\Pipeline.php(167): Illuminate\\Routing\\Middleware\\SubstituteBindings->handle()
#22 D:\\MesProjetsLaravel\\elite-marche\\elite-marche\\vendor\\laravel\\framework\\src\\Illuminate\\Auth\\Middleware\\Authenticate.php(44): Illuminate\\Pipeline\\Pipeline->Illuminate\\Pipeline\\{closure}()
#23 D:\\MesProjetsLaravel\\elite-marche\\elite-marche\\vendor\\laravel\\framework\\src\\Illuminate\\Pipeline\\Pipeline.php(167): Illuminate\\Auth\\Middleware\\Authenticate->handle()
#24 D:\\MesProjetsLaravel\\elite-marche\\elite-marche\\vendor\\laravel\\framework\\src\\Illuminate\\Foundation\\Http\\Middleware\\VerifyCsrfToken.php(78): Illuminate\\Pipeline\\Pipeline->Illuminate\\Pipeline\\{closure}()
#25 D:\\MesProjetsLaravel\\elite-marche\\elite-marche\\vendor\\laravel\\framework\\src\\Illuminate\\Pipeline\\Pipeline.php(167): Illuminate\\Foundation\\Http\\Middleware\\VerifyCsrfToken->handle()
#26 D:\\MesProjetsLaravel\\elite-marche\\elite-marche\\vendor\\laravel\\framework\\src\\Illuminate\\View\\Middleware\\ShareErrorsFromSession.php(49): Illuminate\\Pipeline\\Pipeline->Illuminate\\Pipeline\\{closure}()
#27 D:\\MesProjetsLaravel\\elite-marche\\elite-marche\\vendor\\laravel\\framework\\src\\Illuminate\\Pipeline\\Pipeline.php(167): Illuminate\\View\\Middleware\\ShareErrorsFromSession->handle()
#28 D:\\MesProjetsLaravel\\elite-marche\\elite-marche\\vendor\\laravel\\framework\\src\\Illuminate\\Session\\Middleware\\StartSession.php(121): Illuminate\\Pipeline\\Pipeline->Illuminate\\Pipeline\\{closure}()
#29 D:\\MesProjetsLaravel\\elite-marche\\elite-marche\\vendor\\laravel\\framework\\src\\Illuminate\\Session\\Middleware\\StartSession.php(64): Illuminate\\Session\\Middleware\\StartSession->handleStatefulRequest()
#30 D:\\MesProjetsLaravel\\elite-marche\\elite-marche\\vendor\\laravel\\framework\\src\\Illuminate\\Pipeline\\Pipeline.php(167): Illuminate\\Session\\Middleware\\StartSession->handle()
#31 D:\\MesProjetsLaravel\\elite-marche\\elite-marche\\vendor\\laravel\\framework\\src\\Illuminate\\Cookie\\Middleware\\AddQueuedCookiesToResponse.php(37): Illuminate\\Pipeline\\Pipeline->Illuminate\\Pipeline\\{closure}()
#32 D:\\MesProjetsLaravel\\elite-marche\\elite-marche\\vendor\\laravel\\framework\\src\\Illuminate\\Pipeline\\Pipeline.php(167): Illuminate\\Cookie\\Middleware\\AddQueuedCookiesToResponse->handle()
#33 D:\\MesProjetsLaravel\\elite-marche\\elite-marche\\vendor\\laravel\\framework\\src\\Illuminate\\Cookie\\Middleware\\EncryptCookies.php(67): Illuminate\\Pipeline\\Pipeline->Illuminate\\Pipeline\\{closure}()
#34 D:\\MesProjetsLaravel\\elite-marche\\elite-marche\\vendor\\laravel\\framework\\src\\Illuminate\\Pipeline\\Pipeline.php(167): Illuminate\\Cookie\\Middleware\\EncryptCookies->handle()
#35 D:\\MesProjetsLaravel\\elite-marche\\elite-marche\\vendor\\laravel\\framework\\src\\Illuminate\\Pipeline\\Pipeline.php(103): Illuminate\\Pipeline\\Pipeline->Illuminate\\Pipeline\\{closure}()
#36 D:\\MesProjetsLaravel\\elite-marche\\elite-marche\\vendor\\laravel\\framework\\src\\Illuminate\\Routing\\Router.php(723): Illuminate\\Pipeline\\Pipeline->then()
#37 D:\\MesProjetsLaravel\\elite-marche\\elite-marche\\vendor\\laravel\\framework\\src\\Illuminate\\Routing\\Router.php(698): Illuminate\\Routing\\Router->runRouteWithinStack()
#38 D:\\MesProjetsLaravel\\elite-marche\\elite-marche\\vendor\\laravel\\framework\\src\\Illuminate\\Routing\\Router.php(662): Illuminate\\Routing\\Router->runRoute()
#39 D:\\MesProjetsLaravel\\elite-marche\\elite-marche\\vendor\\laravel\\framework\\src\\Illuminate\\Routing\\Router.php(651): Illuminate\\Routing\\Router->dispatchToRoute()
#40 D:\\MesProjetsLaravel\\elite-marche\\elite-marche\\vendor\\laravel\\framework\\src\\Illuminate\\Foundation\\Http\\Kernel.php(167): Illuminate\\Routing\\Router->dispatch()
#41 D:\\MesProjetsLaravel\\elite-marche\\elite-marche\\vendor\\laravel\\framework\\src\\Illuminate\\Pipeline\\Pipeline.php(128): Illuminate\\Foundation\\Http\\Kernel->Illuminate\\Foundation\\Http\\{closure}()
#42 D:\\MesProjetsLaravel\\elite-marche\\elite-marche\\vendor\\laravel\\framework\\src\\Illuminate\\Foundation\\Http\\Middleware\\TransformsRequest.php(21): Illuminate\\Pipeline\\Pipeline->Illuminate\\Pipeline\\{closure}()
#43 D:\\MesProjetsLaravel\\elite-marche\\elite-marche\\vendor\\laravel\\framework\\src\\Illuminate\\Foundation\\Http\\Middleware\\ConvertEmptyStringsToNull.php(31): Illuminate\\Foundation\\Http\\Middleware\\TransformsRequest->handle()
#44 D:\\MesProjetsLaravel\\elite-marche\\elite-marche\\vendor\\laravel\\framework\\src\\Illuminate\\Pipeline\\Pipeline.php(167): Illuminate\\Foundation\\Http\\Middleware\\ConvertEmptyStringsToNull->handle()
#45 D:\\MesProjetsLaravel\\elite-marche\\elite-marche\\vendor\\laravel\\framework\\src\\Illuminate\\Foundation\\Http\\Middleware\\TransformsRequest.php(21): Illuminate\\Pipeline\\Pipeline->Illuminate\\Pipeline\\{closure}()
#46 D:\\MesProjetsLaravel\\elite-marche\\elite-marche\\vendor\\laravel\\framework\\src\\Illuminate\\Foundation\\Http\\Middleware\\TrimStrings.php(40): Illuminate\\Foundation\\Http\\Middleware\\TransformsRequest->handle()
#47 D:\\MesProjetsLaravel\\elite-marche\\elite-marche\\vendor\\laravel\\framework\\src\\Illuminate\\Pipeline\\Pipeline.php(167): Illuminate\\Foundation\\Http\\Middleware\\TrimStrings->handle()
#48 D:\\MesProjetsLaravel\\elite-marche\\elite-marche\\vendor\\laravel\\framework\\src\\Illuminate\\Foundation\\Http\\Middleware\\ValidatePostSize.php(27): Illuminate\\Pipeline\\Pipeline->Illuminate\\Pipeline\\{closure}()
#49 D:\\MesProjetsLaravel\\elite-marche\\elite-marche\\vendor\\laravel\\framework\\src\\Illuminate\\Pipeline\\Pipeline.php(167): Illuminate\\Foundation\\Http\\Middleware\\ValidatePostSize->handle()
#50 D:\\MesProjetsLaravel\\elite-marche\\elite-marche\\vendor\\laravel\\framework\\src\\Illuminate\\Foundation\\Http\\Middleware\\PreventRequestsDuringMaintenance.php(86): Illuminate\\Pipeline\\Pipeline->Illuminate\\Pipeline\\{closure}()
#51 D:\\MesProjetsLaravel\\elite-marche\\elite-marche\\vendor\\laravel\\framework\\src\\Illuminate\\Pipeline\\Pipeline.php(167): Illuminate\\Foundation\\Http\\Middleware\\PreventRequestsDuringMaintenance->handle()
#52 D:\\MesProjetsLaravel\\elite-marche\\elite-marche\\vendor\\fruitcake\\laravel-cors\\src\\HandleCors.php(38): Illuminate\\Pipeline\\Pipeline->Illuminate\\Pipeline\\{closure}()
#53 D:\\MesProjetsLaravel\\elite-marche\\elite-marche\\vendor\\laravel\\framework\\src\\Illuminate\\Pipeline\\Pipeline.php(167): Fruitcake\\Cors\\HandleCors->handle()
#54 D:\\MesProjetsLaravel\\elite-marche\\elite-marche\\vendor\\fideloper\\proxy\\src\\TrustProxies.php(57): Illuminate\\Pipeline\\Pipeline->Illuminate\\Pipeline\\{closure}()
#55 D:\\MesProjetsLaravel\\elite-marche\\elite-marche\\vendor\\laravel\\framework\\src\\Illuminate\\Pipeline\\Pipeline.php(167): Fideloper\\Proxy\\TrustProxies->handle()
#56 D:\\MesProjetsLaravel\\elite-marche\\elite-marche\\vendor\\laravel\\framework\\src\\Illuminate\\Http\\Middleware\\TrustHosts.php(48): Illuminate\\Pipeline\\Pipeline->Illuminate\\Pipeline\\{closure}()
#57 D:\\MesProjetsLaravel\\elite-marche\\elite-marche\\vendor\\laravel\\framework\\src\\Illuminate\\Pipeline\\Pipeline.php(167): Illuminate\\Http\\Middleware\\TrustHosts->handle()
#58 D:\\MesProjetsLaravel\\elite-marche\\elite-marche\\vendor\\laravel\\framework\\src\\Illuminate\\Pipeline\\Pipeline.php(103): Illuminate\\Pipeline\\Pipeline->Illuminate\\Pipeline\\{closure}()
#59 D:\\MesProjetsLaravel\\elite-marche\\elite-marche\\vendor\\laravel\\framework\\src\\Illuminate\\Foundation\\Http\\Kernel.php(142): Illuminate\\Pipeline\\Pipeline->then()
#60 D:\\MesProjetsLaravel\\elite-marche\\elite-marche\\vendor\\laravel\\framework\\src\\Illuminate\\Foundation\\Http\\Kernel.php(111): Illuminate\\Foundation\\Http\\Kernel->sendRequestThroughRouter()
#61 D:\\MesProjetsLaravel\\elite-marche\\elite-marche\\public\\index.php(52): Illuminate\\Foundation\\Http\\Kernel->handle()
#62 D:\\MesProjetsLaravel\\elite-marche\\elite-marche\\server.php(21): require_once('D:\\\\MesProjetsLa...')
#63 {main}

[previous exception] [object] (PDOException(code: HY000): SQLSTATE[HY000]: General error: 1366 Incorrect integer value: '' for column 'notif_duree_session_op' at row 1 at D:\\MesProjetsLaravel\\elite-marche\\elite-marche\\vendor\\doctrine\\dbal\\lib\\Doctrine\\DBAL\\Driver\\PDOStatement.php:117)
[stacktrace]
#0 D:\\MesProjetsLaravel\\elite-marche\\elite-marche\\vendor\\doctrine\\dbal\\lib\\Doctrine\\DBAL\\Driver\\PDOStatement.php(117): PDOStatement->execute()
#1 D:\\MesProjetsLaravel\\elite-marche\\elite-marche\\vendor\\laravel\\framework\\src\\Illuminate\\Database\\Connection.php(526): Doctrine\\DBAL\\Driver\\PDOStatement->execute()
#2 D:\\MesProjetsLaravel\\elite-marche\\elite-marche\\vendor\\laravel\\framework\\src\\Illuminate\\Database\\Connection.php(705): Illuminate\\Database\\Connection->Illuminate\\Database\\{closure}()
#3 D:\\MesProjetsLaravel\\elite-marche\\elite-marche\\vendor\\laravel\\framework\\src\\Illuminate\\Database\\Connection.php(672): Illuminate\\Database\\Connection->runQueryCallback()
#4 D:\\MesProjetsLaravel\\elite-marche\\elite-marche\\vendor\\laravel\\framework\\src\\Illuminate\\Database\\Connection.php(533): Illuminate\\Database\\Connection->run()
#5 D:\\MesProjetsLaravel\\elite-marche\\elite-marche\\vendor\\laravel\\framework\\src\\Illuminate\\Database\\Connection.php(466): Illuminate\\Database\\Connection->affectingStatement()
#6 D:\\MesProjetsLaravel\\elite-marche\\elite-marche\\vendor\\laravel\\framework\\src\\Illuminate\\Database\\Query\\Builder.php(3063): Illuminate\\Database\\Connection->update()
#7 D:\\MesProjetsLaravel\\elite-marche\\elite-marche\\vendor\\laravel\\framework\\src\\Illuminate\\Database\\Eloquent\\Builder.php(921): Illuminate\\Database\\Query\\Builder->update()
#8 D:\\MesProjetsLaravel\\elite-marche\\elite-marche\\vendor\\laravel\\framework\\src\\Illuminate\\Database\\Eloquent\\Model.php(1072): Illuminate\\Database\\Eloquent\\Builder->update()
#9 D:\\MesProjetsLaravel\\elite-marche\\elite-marche\\vendor\\laravel\\framework\\src\\Illuminate\\Database\\Eloquent\\Model.php(987): Illuminate\\Database\\Eloquent\\Model->performUpdate()
#10 D:\\MesProjetsLaravel\\elite-marche\\elite-marche\\vendor\\laravel\\framework\\src\\Illuminate\\Database\\Eloquent\\Model.php(885): Illuminate\\Database\\Eloquent\\Model->save()
#11 D:\\MesProjetsLaravel\\elite-marche\\elite-marche\\app\\Http\\Controllers\\EtablissementController.php(64): Illuminate\\Database\\Eloquent\\Model->update()
#12 D:\\MesProjetsLaravel\\elite-marche\\elite-marche\\vendor\\laravel\\framework\\src\\Illuminate\\Routing\\Controller.php(54): App\\Http\\Controllers\\EtablissementController->store()
#13 D:\\MesProjetsLaravel\\elite-marche\\elite-marche\\vendor\\laravel\\framework\\src\\Illuminate\\Routing\\ControllerDispatcher.php(45): Illuminate\\Routing\\Controller->callAction()
#14 D:\\MesProjetsLaravel\\elite-marche\\elite-marche\\vendor\\laravel\\framework\\src\\Illuminate\\Routing\\Route.php(262): Illuminate\\Routing\\ControllerDispatcher->dispatch()
#15 D:\\MesProjetsLaravel\\elite-marche\\elite-marche\\vendor\\laravel\\framework\\src\\Illuminate\\Routing\\Route.php(205): Illuminate\\Routing\\Route->runController()
#16 D:\\MesProjetsLaravel\\elite-marche\\elite-marche\\vendor\\laravel\\framework\\src\\Illuminate\\Routing\\Router.php(721): Illuminate\\Routing\\Route->run()
#17 D:\\MesProjetsLaravel\\elite-marche\\elite-marche\\vendor\\laravel\\framework\\src\\Illuminate\\Pipeline\\Pipeline.php(128): Illuminate\\Routing\\Router->Illuminate\\Routing\\{closure}()
#18 D:\\MesProjetsLaravel\\elite-marche\\elite-marche\\app\\Http\\Middleware\\SecureHeaders.php(20): Illuminate\\Pipeline\\Pipeline->Illuminate\\Pipeline\\{closure}()
#19 D:\\MesProjetsLaravel\\elite-marche\\elite-marche\\vendor\\laravel\\framework\\src\\Illuminate\\Pipeline\\Pipeline.php(167): App\\Http\\Middleware\\SecureHeaders->handle()
#20 D:\\MesProjetsLaravel\\elite-marche\\elite-marche\\vendor\\laravel\\framework\\src\\Illuminate\\Routing\\Middleware\\SubstituteBindings.php(50): Illuminate\\Pipeline\\Pipeline->Illuminate\\Pipeline\\{closure}()
#21 D:\\MesProjetsLaravel\\elite-marche\\elite-marche\\vendor\\laravel\\framework\\src\\Illuminate\\Pipeline\\Pipeline.php(167): Illuminate\\Routing\\Middleware\\SubstituteBindings->handle()
#22 D:\\MesProjetsLaravel\\elite-marche\\elite-marche\\vendor\\laravel\\framework\\src\\Illuminate\\Auth\\Middleware\\Authenticate.php(44): Illuminate\\Pipeline\\Pipeline->Illuminate\\Pipeline\\{closure}()
#23 D:\\MesProjetsLaravel\\elite-marche\\elite-marche\\vendor\\laravel\\framework\\src\\Illuminate\\Pipeline\\Pipeline.php(167): Illuminate\\Auth\\Middleware\\Authenticate->handle()
#24 D:\\MesProjetsLaravel\\elite-marche\\elite-marche\\vendor\\laravel\\framework\\src\\Illuminate\\Foundation\\Http\\Middleware\\VerifyCsrfToken.php(78): Illuminate\\Pipeline\\Pipeline->Illuminate\\Pipeline\\{closure}()
#25 D:\\MesProjetsLaravel\\elite-marche\\elite-marche\\vendor\\laravel\\framework\\src\\Illuminate\\Pipeline\\Pipeline.php(167): Illuminate\\Foundation\\Http\\Middleware\\VerifyCsrfToken->handle()
#26 D:\\MesProjetsLaravel\\elite-marche\\elite-marche\\vendor\\laravel\\framework\\src\\Illuminate\\View\\Middleware\\ShareErrorsFromSession.php(49): Illuminate\\Pipeline\\Pipeline->Illuminate\\Pipeline\\{closure}()
#27 D:\\MesProjetsLaravel\\elite-marche\\elite-marche\\vendor\\laravel\\framework\\src\\Illuminate\\Pipeline\\Pipeline.php(167): Illuminate\\View\\Middleware\\ShareErrorsFromSession->handle()
#28 D:\\MesProjetsLaravel\\elite-marche\\elite-marche\\vendor\\laravel\\framework\\src\\Illuminate\\Session\\Middleware\\StartSession.php(121): Illuminate\\Pipeline\\Pipeline->Illuminate\\Pipeline\\{closure}()
#29 D:\\MesProjetsLaravel\\elite-marche\\elite-marche\\vendor\\laravel\\framework\\src\\Illuminate\\Session\\Middleware\\StartSession.php(64): Illuminate\\Session\\Middleware\\StartSession->handleStatefulRequest()
#30 D:\\MesProjetsLaravel\\elite-marche\\elite-marche\\vendor\\laravel\\framework\\src\\Illuminate\\Pipeline\\Pipeline.php(167): Illuminate\\Session\\Middleware\\StartSession->handle()
#31 D:\\MesProjetsLaravel\\elite-marche\\elite-marche\\vendor\\laravel\\framework\\src\\Illuminate\\Cookie\\Middleware\\AddQueuedCookiesToResponse.php(37): Illuminate\\Pipeline\\Pipeline->Illuminate\\Pipeline\\{closure}()
#32 D:\\MesProjetsLaravel\\elite-marche\\elite-marche\\vendor\\laravel\\framework\\src\\Illuminate\\Pipeline\\Pipeline.php(167): Illuminate\\Cookie\\Middleware\\AddQueuedCookiesToResponse->handle()
#33 D:\\MesProjetsLaravel\\elite-marche\\elite-marche\\vendor\\laravel\\framework\\src\\Illuminate\\Cookie\\Middleware\\EncryptCookies.php(67): Illuminate\\Pipeline\\Pipeline->Illuminate\\Pipeline\\{closure}()
#34 D:\\MesProjetsLaravel\\elite-marche\\elite-marche\\vendor\\laravel\\framework\\src\\Illuminate\\Pipeline\\Pipeline.php(167): Illuminate\\Cookie\\Middleware\\EncryptCookies->handle()
#35 D:\\MesProjetsLaravel\\elite-marche\\elite-marche\\vendor\\laravel\\framework\\src\\Illuminate\\Pipeline\\Pipeline.php(103): Illuminate\\Pipeline\\Pipeline->Illuminate\\Pipeline\\{closure}()
#36 D:\\MesProjetsLaravel\\elite-marche\\elite-marche\\vendor\\laravel\\framework\\src\\Illuminate\\Routing\\Router.php(723): Illuminate\\Pipeline\\Pipeline->then()
#37 D:\\MesProjetsLaravel\\elite-marche\\elite-marche\\vendor\\laravel\\framework\\src\\Illuminate\\Routing\\Router.php(698): Illuminate\\Routing\\Router->runRouteWithinStack()
#38 D:\\MesProjetsLaravel\\elite-marche\\elite-marche\\vendor\\laravel\\framework\\src\\Illuminate\\Routing\\Router.php(662): Illuminate\\Routing\\Router->runRoute()
#39 D:\\MesProjetsLaravel\\elite-marche\\elite-marche\\vendor\\laravel\\framework\\src\\Illuminate\\Routing\\Router.php(651): Illuminate\\Routing\\Router->dispatchToRoute()
#40 D:\\MesProjetsLaravel\\elite-marche\\elite-marche\\vendor\\laravel\\framework\\src\\Illuminate\\Foundation\\Http\\Kernel.php(167): Illuminate\\Routing\\Router->dispatch()
#41 D:\\MesProjetsLaravel\\elite-marche\\elite-marche\\vendor\\laravel\\framework\\src\\Illuminate\\Pipeline\\Pipeline.php(128): Illuminate\\Foundation\\Http\\Kernel->Illuminate\\Foundation\\Http\\{closure}()
#42 D:\\MesProjetsLaravel\\elite-marche\\elite-marche\\vendor\\laravel\\framework\\src\\Illuminate\\Foundation\\Http\\Middleware\\TransformsRequest.php(21): Illuminate\\Pipeline\\Pipeline->Illuminate\\Pipeline\\{closure}()
#43 D:\\MesProjetsLaravel\\elite-marche\\elite-marche\\vendor\\laravel\\framework\\src\\Illuminate\\Foundation\\Http\\Middleware\\ConvertEmptyStringsToNull.php(31): Illuminate\\Foundation\\Http\\Middleware\\TransformsRequest->handle()
#44 D:\\MesProjetsLaravel\\elite-marche\\elite-marche\\vendor\\laravel\\framework\\src\\Illuminate\\Pipeline\\Pipeline.php(167): Illuminate\\Foundation\\Http\\Middleware\\ConvertEmptyStringsToNull->handle()
#45 D:\\MesProjetsLaravel\\elite-marche\\elite-marche\\vendor\\laravel\\framework\\src\\Illuminate\\Foundation\\Http\\Middleware\\TransformsRequest.php(21): Illuminate\\Pipeline\\Pipeline->Illuminate\\Pipeline\\{closure}()
#46 D:\\MesProjetsLaravel\\elite-marche\\elite-marche\\vendor\\laravel\\framework\\src\\Illuminate\\Foundation\\Http\\Middleware\\TrimStrings.php(40): Illuminate\\Foundation\\Http\\Middleware\\TransformsRequest->handle()
#47 D:\\MesProjetsLaravel\\elite-marche\\elite-marche\\vendor\\laravel\\framework\\src\\Illuminate\\Pipeline\\Pipeline.php(167): Illuminate\\Foundation\\Http\\Middleware\\TrimStrings->handle()
#48 D:\\MesProjetsLaravel\\elite-marche\\elite-marche\\vendor\\laravel\\framework\\src\\Illuminate\\Foundation\\Http\\Middleware\\ValidatePostSize.php(27): Illuminate\\Pipeline\\Pipeline->Illuminate\\Pipeline\\{closure}()
#49 D:\\MesProjetsLaravel\\elite-marche\\elite-marche\\vendor\\laravel\\framework\\src\\Illuminate\\Pipeline\\Pipeline.php(167): Illuminate\\Foundation\\Http\\Middleware\\ValidatePostSize->handle()
#50 D:\\MesProjetsLaravel\\elite-marche\\elite-marche\\vendor\\laravel\\framework\\src\\Illuminate\\Foundation\\Http\\Middleware\\PreventRequestsDuringMaintenance.php(86): Illuminate\\Pipeline\\Pipeline->Illuminate\\Pipeline\\{closure}()
#51 D:\\MesProjetsLaravel\\elite-marche\\elite-marche\\vendor\\laravel\\framework\\src\\Illuminate\\Pipeline\\Pipeline.php(167): Illuminate\\Foundation\\Http\\Middleware\\PreventRequestsDuringMaintenance->handle()
#52 D:\\MesProjetsLaravel\\elite-marche\\elite-marche\\vendor\\fruitcake\\laravel-cors\\src\\HandleCors.php(38): Illuminate\\Pipeline\\Pipeline->Illuminate\\Pipeline\\{closure}()
#53 D:\\MesProjetsLaravel\\elite-marche\\elite-marche\\vendor\\laravel\\framework\\src\\Illuminate\\Pipeline\\Pipeline.php(167): Fruitcake\\Cors\\HandleCors->handle()
#54 D:\\MesProjetsLaravel\\elite-marche\\elite-marche\\vendor\\fideloper\\proxy\\src\\TrustProxies.php(57): Illuminate\\Pipeline\\Pipeline->Illuminate\\Pipeline\\{closure}()
#55 D:\\MesProjetsLaravel\\elite-marche\\elite-marche\\vendor\\laravel\\framework\\src\\Illuminate\\Pipeline\\Pipeline.php(167): Fideloper\\Proxy\\TrustProxies->handle()
#56 D:\\MesProjetsLaravel\\elite-marche\\elite-marche\\vendor\\laravel\\framework\\src\\Illuminate\\Http\\Middleware\\TrustHosts.php(48): Illuminate\\Pipeline\\Pipeline->Illuminate\\Pipeline\\{closure}()
#57 D:\\MesProjetsLaravel\\elite-marche\\elite-marche\\vendor\\laravel\\framework\\src\\Illuminate\\Pipeline\\Pipeline.php(167): Illuminate\\Http\\Middleware\\TrustHosts->handle()
#58 D:\\MesProjetsLaravel\\elite-marche\\elite-marche\\vendor\\laravel\\framework\\src\\Illuminate\\Pipeline\\Pipeline.php(103): Illuminate\\Pipeline\\Pipeline->Illuminate\\Pipeline\\{closure}()
#59 D:\\MesProjetsLaravel\\elite-marche\\elite-marche\\vendor\\laravel\\framework\\src\\Illuminate\\Foundation\\Http\\Kernel.php(142): Illuminate\\Pipeline\\Pipeline->then()
#60 D:\\MesProjetsLaravel\\elite-marche\\elite-marche\\vendor\\laravel\\framework\\src\\Illuminate\\Foundation\\Http\\Kernel.php(111): Illuminate\\Foundation\\Http\\Kernel->sendRequestThroughRouter()
#61 D:\\MesProjetsLaravel\\elite-marche\\elite-marche\\public\\index.php(52): Illuminate\\Foundation\\Http\\Kernel->handle()
#62 D:\\MesProjetsLaravel\\elite-marche\\elite-marche\\server.php(21): require_once('D:\\\\MesProjetsLa...')
#63 {main}
"} 
[2023-10-12 20:34:45] local.EMERGENCY: array (
  'notifsRappelCount' => 0,
  'notifsValidationCount' => 0,
  'notifsMessageCount' => 1,
)  
[2023-10-12 20:40:15] local.EMERGENCY: array (
  'notifsRappelCount' => 0,
  'notifsValidationCount' => 0,
  'notifsMessageCount' => 1,
)  
[2023-10-12 20:42:19] local.EMERGENCY: array (
  'notifsRappelCount' => 0,
  'notifsValidationCount' => 0,
  'notifsMessageCount' => 1,
)  
[2023-10-12 20:42:26] local.ERROR: SQLSTATE[HY000]: General error: 1366 Incorrect integer value: '' for column 'notif_duree_session_op' at row 1 (SQL: update `etablissements` set `libelle` = , `matricule_fiscale` = , `email` = , `adresse` = , `responsable` = , `tel` = , `fax` = , `code_pa` = PA{code}/{Annee}, `code_consult` = C{code}/{annee}, `code_aon` = AON{code}/{annee}, `code_aos` = AOS{code}/{annee}, `code_gg` = AGG{code}/{annee}, `notif_cc` = 0, `notif_duree_session_op` = , `notif_duree_caution_final` = , `notif_duree_caution_provisoire` = , `notif_duree_rp` = , `notif_duree_rd` = , `etablissements`.`updated_at` = 2023-10-12 20:42:26 where `id` = 1) {"userId":30011,"exception":"[object] (Illuminate\\Database\\QueryException(code: HY000): SQLSTATE[HY000]: General error: 1366 Incorrect integer value: '' for column 'notif_duree_session_op' at row 1 (SQL: update `etablissements` set `libelle` = , `matricule_fiscale` = , `email` = , `adresse` = , `responsable` = , `tel` = , `fax` = , `code_pa` = PA{code}/{Annee}, `code_consult` = C{code}/{annee}, `code_aon` = AON{code}/{annee}, `code_aos` = AOS{code}/{annee}, `code_gg` = AGG{code}/{annee}, `notif_cc` = 0, `notif_duree_session_op` = , `notif_duree_caution_final` = , `notif_duree_caution_provisoire` = , `notif_duree_rp` = , `notif_duree_rd` = , `etablissements`.`updated_at` = 2023-10-12 20:42:26 where `id` = 1) at D:\\MesProjetsLaravel\\elite-marche\\elite-marche\\vendor\\laravel\\framework\\src\\Illuminate\\Database\\Connection.php:712)
[stacktrace]
#0 D:\\MesProjetsLaravel\\elite-marche\\elite-marche\\vendor\\laravel\\framework\\src\\Illuminate\\Database\\Connection.php(672): Illuminate\\Database\\Connection->runQueryCallback()
#1 D:\\MesProjetsLaravel\\elite-marche\\elite-marche\\vendor\\laravel\\framework\\src\\Illuminate\\Database\\Connection.php(533): Illuminate\\Database\\Connection->run()
#2 D:\\MesProjetsLaravel\\elite-marche\\elite-marche\\vendor\\laravel\\framework\\src\\Illuminate\\Database\\Connection.php(466): Illuminate\\Database\\Connection->affectingStatement()
#3 D:\\MesProjetsLaravel\\elite-marche\\elite-marche\\vendor\\laravel\\framework\\src\\Illuminate\\Database\\Query\\Builder.php(3063): Illuminate\\Database\\Connection->update()
#4 D:\\MesProjetsLaravel\\elite-marche\\elite-marche\\vendor\\laravel\\framework\\src\\Illuminate\\Database\\Eloquent\\Builder.php(921): Illuminate\\Database\\Query\\Builder->update()
#5 D:\\MesProjetsLaravel\\elite-marche\\elite-marche\\vendor\\laravel\\framework\\src\\Illuminate\\Database\\Eloquent\\Model.php(1072): Illuminate\\Database\\Eloquent\\Builder->update()
#6 D:\\MesProjetsLaravel\\elite-marche\\elite-marche\\vendor\\laravel\\framework\\src\\Illuminate\\Database\\Eloquent\\Model.php(987): Illuminate\\Database\\Eloquent\\Model->performUpdate()
#7 D:\\MesProjetsLaravel\\elite-marche\\elite-marche\\vendor\\laravel\\framework\\src\\Illuminate\\Database\\Eloquent\\Model.php(885): Illuminate\\Database\\Eloquent\\Model->save()
#8 D:\\MesProjetsLaravel\\elite-marche\\elite-marche\\app\\Http\\Controllers\\EtablissementController.php(67): Illuminate\\Database\\Eloquent\\Model->update()
#9 D:\\MesProjetsLaravel\\elite-marche\\elite-marche\\vendor\\laravel\\framework\\src\\Illuminate\\Routing\\Controller.php(54): App\\Http\\Controllers\\EtablissementController->store()
#10 D:\\MesProjetsLaravel\\elite-marche\\elite-marche\\vendor\\laravel\\framework\\src\\Illuminate\\Routing\\ControllerDispatcher.php(45): Illuminate\\Routing\\Controller->callAction()
#11 D:\\MesProjetsLaravel\\elite-marche\\elite-marche\\vendor\\laravel\\framework\\src\\Illuminate\\Routing\\Route.php(262): Illuminate\\Routing\\ControllerDispatcher->dispatch()
#12 D:\\MesProjetsLaravel\\elite-marche\\elite-marche\\vendor\\laravel\\framework\\src\\Illuminate\\Routing\\Route.php(205): Illuminate\\Routing\\Route->runController()
#13 D:\\MesProjetsLaravel\\elite-marche\\elite-marche\\vendor\\laravel\\framework\\src\\Illuminate\\Routing\\Router.php(721): Illuminate\\Routing\\Route->run()
#14 D:\\MesProjetsLaravel\\elite-marche\\elite-marche\\vendor\\laravel\\framework\\src\\Illuminate\\Pipeline\\Pipeline.php(128): Illuminate\\Routing\\Router->Illuminate\\Routing\\{closure}()
#15 D:\\MesProjetsLaravel\\elite-marche\\elite-marche\\app\\Http\\Middleware\\SecureHeaders.php(20): Illuminate\\Pipeline\\Pipeline->Illuminate\\Pipeline\\{closure}()
#16 D:\\MesProjetsLaravel\\elite-marche\\elite-marche\\vendor\\laravel\\framework\\src\\Illuminate\\Pipeline\\Pipeline.php(167): App\\Http\\Middleware\\SecureHeaders->handle()
#17 D:\\MesProjetsLaravel\\elite-marche\\elite-marche\\vendor\\laravel\\framework\\src\\Illuminate\\Routing\\Middleware\\SubstituteBindings.php(50): Illuminate\\Pipeline\\Pipeline->Illuminate\\Pipeline\\{closure}()
#18 D:\\MesProjetsLaravel\\elite-marche\\elite-marche\\vendor\\laravel\\framework\\src\\Illuminate\\Pipeline\\Pipeline.php(167): Illuminate\\Routing\\Middleware\\SubstituteBindings->handle()
#19 D:\\MesProjetsLaravel\\elite-marche\\elite-marche\\vendor\\laravel\\framework\\src\\Illuminate\\Auth\\Middleware\\Authenticate.php(44): Illuminate\\Pipeline\\Pipeline->Illuminate\\Pipeline\\{closure}()
#20 D:\\MesProjetsLaravel\\elite-marche\\elite-marche\\vendor\\laravel\\framework\\src\\Illuminate\\Pipeline\\Pipeline.php(167): Illuminate\\Auth\\Middleware\\Authenticate->handle()
#21 D:\\MesProjetsLaravel\\elite-marche\\elite-marche\\vendor\\laravel\\framework\\src\\Illuminate\\Foundation\\Http\\Middleware\\VerifyCsrfToken.php(78): Illuminate\\Pipeline\\Pipeline->Illuminate\\Pipeline\\{closure}()
#22 D:\\MesProjetsLaravel\\elite-marche\\elite-marche\\vendor\\laravel\\framework\\src\\Illuminate\\Pipeline\\Pipeline.php(167): Illuminate\\Foundation\\Http\\Middleware\\VerifyCsrfToken->handle()
#23 D:\\MesProjetsLaravel\\elite-marche\\elite-marche\\vendor\\laravel\\framework\\src\\Illuminate\\View\\Middleware\\ShareErrorsFromSession.php(49): Illuminate\\Pipeline\\Pipeline->Illuminate\\Pipeline\\{closure}()
#24 D:\\MesProjetsLaravel\\elite-marche\\elite-marche\\vendor\\laravel\\framework\\src\\Illuminate\\Pipeline\\Pipeline.php(167): Illuminate\\View\\Middleware\\ShareErrorsFromSession->handle()
#25 D:\\MesProjetsLaravel\\elite-marche\\elite-marche\\vendor\\laravel\\framework\\src\\Illuminate\\Session\\Middleware\\StartSession.php(121): Illuminate\\Pipeline\\Pipeline->Illuminate\\Pipeline\\{closure}()
#26 D:\\MesProjetsLaravel\\elite-marche\\elite-marche\\vendor\\laravel\\framework\\src\\Illuminate\\Session\\Middleware\\StartSession.php(64): Illuminate\\Session\\Middleware\\StartSession->handleStatefulRequest()
#27 D:\\MesProjetsLaravel\\elite-marche\\elite-marche\\vendor\\laravel\\framework\\src\\Illuminate\\Pipeline\\Pipeline.php(167): Illuminate\\Session\\Middleware\\StartSession->handle()
#28 D:\\MesProjetsLaravel\\elite-marche\\elite-marche\\vendor\\laravel\\framework\\src\\Illuminate\\Cookie\\Middleware\\AddQueuedCookiesToResponse.php(37): Illuminate\\Pipeline\\Pipeline->Illuminate\\Pipeline\\{closure}()
#29 D:\\MesProjetsLaravel\\elite-marche\\elite-marche\\vendor\\laravel\\framework\\src\\Illuminate\\Pipeline\\Pipeline.php(167): Illuminate\\Cookie\\Middleware\\AddQueuedCookiesToResponse->handle()
#30 D:\\MesProjetsLaravel\\elite-marche\\elite-marche\\vendor\\laravel\\framework\\src\\Illuminate\\Cookie\\Middleware\\EncryptCookies.php(67): Illuminate\\Pipeline\\Pipeline->Illuminate\\Pipeline\\{closure}()
#31 D:\\MesProjetsLaravel\\elite-marche\\elite-marche\\vendor\\laravel\\framework\\src\\Illuminate\\Pipeline\\Pipeline.php(167): Illuminate\\Cookie\\Middleware\\EncryptCookies->handle()
#32 D:\\MesProjetsLaravel\\elite-marche\\elite-marche\\vendor\\laravel\\framework\\src\\Illuminate\\Pipeline\\Pipeline.php(103): Illuminate\\Pipeline\\Pipeline->Illuminate\\Pipeline\\{closure}()
#33 D:\\MesProjetsLaravel\\elite-marche\\elite-marche\\vendor\\laravel\\framework\\src\\Illuminate\\Routing\\Router.php(723): Illuminate\\Pipeline\\Pipeline->then()
#34 D:\\MesProjetsLaravel\\elite-marche\\elite-marche\\vendor\\laravel\\framework\\src\\Illuminate\\Routing\\Router.php(698): Illuminate\\Routing\\Router->runRouteWithinStack()
#35 D:\\MesProjetsLaravel\\elite-marche\\elite-marche\\vendor\\laravel\\framework\\src\\Illuminate\\Routing\\Router.php(662): Illuminate\\Routing\\Router->runRoute()
#36 D:\\MesProjetsLaravel\\elite-marche\\elite-marche\\vendor\\laravel\\framework\\src\\Illuminate\\Routing\\Router.php(651): Illuminate\\Routing\\Router->dispatchToRoute()
#37 D:\\MesProjetsLaravel\\elite-marche\\elite-marche\\vendor\\laravel\\framework\\src\\Illuminate\\Foundation\\Http\\Kernel.php(167): Illuminate\\Routing\\Router->dispatch()
#38 D:\\MesProjetsLaravel\\elite-marche\\elite-marche\\vendor\\laravel\\framework\\src\\Illuminate\\Pipeline\\Pipeline.php(128): Illuminate\\Foundation\\Http\\Kernel->Illuminate\\Foundation\\Http\\{closure}()
#39 D:\\MesProjetsLaravel\\elite-marche\\elite-marche\\vendor\\laravel\\framework\\src\\Illuminate\\Foundation\\Http\\Middleware\\TransformsRequest.php(21): Illuminate\\Pipeline\\Pipeline->Illuminate\\Pipeline\\{closure}()
#40 D:\\MesProjetsLaravel\\elite-marche\\elite-marche\\vendor\\laravel\\framework\\src\\Illuminate\\Foundation\\Http\\Middleware\\ConvertEmptyStringsToNull.php(31): Illuminate\\Foundation\\Http\\Middleware\\TransformsRequest->handle()
#41 D:\\MesProjetsLaravel\\elite-marche\\elite-marche\\vendor\\laravel\\framework\\src\\Illuminate\\Pipeline\\Pipeline.php(167): Illuminate\\Foundation\\Http\\Middleware\\ConvertEmptyStringsToNull->handle()
#42 D:\\MesProjetsLaravel\\elite-marche\\elite-marche\\vendor\\laravel\\framework\\src\\Illuminate\\Foundation\\Http\\Middleware\\TransformsRequest.php(21): Illuminate\\Pipeline\\Pipeline->Illuminate\\Pipeline\\{closure}()
#43 D:\\MesProjetsLaravel\\elite-marche\\elite-marche\\vendor\\laravel\\framework\\src\\Illuminate\\Foundation\\Http\\Middleware\\TrimStrings.php(40): Illuminate\\Foundation\\Http\\Middleware\\TransformsRequest->handle()
#44 D:\\MesProjetsLaravel\\elite-marche\\elite-marche\\vendor\\laravel\\framework\\src\\Illuminate\\Pipeline\\Pipeline.php(167): Illuminate\\Foundation\\Http\\Middleware\\TrimStrings->handle()
#45 D:\\MesProjetsLaravel\\elite-marche\\elite-marche\\vendor\\laravel\\framework\\src\\Illuminate\\Foundation\\Http\\Middleware\\ValidatePostSize.php(27): Illuminate\\Pipeline\\Pipeline->Illuminate\\Pipeline\\{closure}()
#46 D:\\MesProjetsLaravel\\elite-marche\\elite-marche\\vendor\\laravel\\framework\\src\\Illuminate\\Pipeline\\Pipeline.php(167): Illuminate\\Foundation\\Http\\Middleware\\ValidatePostSize->handle()
#47 D:\\MesProjetsLaravel\\elite-marche\\elite-marche\\vendor\\laravel\\framework\\src\\Illuminate\\Foundation\\Http\\Middleware\\PreventRequestsDuringMaintenance.php(86): Illuminate\\Pipeline\\Pipeline->Illuminate\\Pipeline\\{closure}()
#48 D:\\MesProjetsLaravel\\elite-marche\\elite-marche\\vendor\\laravel\\framework\\src\\Illuminate\\Pipeline\\Pipeline.php(167): Illuminate\\Foundation\\Http\\Middleware\\PreventRequestsDuringMaintenance->handle()
#49 D:\\MesProjetsLaravel\\elite-marche\\elite-marche\\vendor\\fruitcake\\laravel-cors\\src\\HandleCors.php(38): Illuminate\\Pipeline\\Pipeline->Illuminate\\Pipeline\\{closure}()
#50 D:\\MesProjetsLaravel\\elite-marche\\elite-marche\\vendor\\laravel\\framework\\src\\Illuminate\\Pipeline\\Pipeline.php(167): Fruitcake\\Cors\\HandleCors->handle()
#51 D:\\MesProjetsLaravel\\elite-marche\\elite-marche\\vendor\\fideloper\\proxy\\src\\TrustProxies.php(57): Illuminate\\Pipeline\\Pipeline->Illuminate\\Pipeline\\{closure}()
#52 D:\\MesProjetsLaravel\\elite-marche\\elite-marche\\vendor\\laravel\\framework\\src\\Illuminate\\Pipeline\\Pipeline.php(167): Fideloper\\Proxy\\TrustProxies->handle()
#53 D:\\MesProjetsLaravel\\elite-marche\\elite-marche\\vendor\\laravel\\framework\\src\\Illuminate\\Http\\Middleware\\TrustHosts.php(48): Illuminate\\Pipeline\\Pipeline->Illuminate\\Pipeline\\{closure}()
#54 D:\\MesProjetsLaravel\\elite-marche\\elite-marche\\vendor\\laravel\\framework\\src\\Illuminate\\Pipeline\\Pipeline.php(167): Illuminate\\Http\\Middleware\\TrustHosts->handle()
#55 D:\\MesProjetsLaravel\\elite-marche\\elite-marche\\vendor\\laravel\\framework\\src\\Illuminate\\Pipeline\\Pipeline.php(103): Illuminate\\Pipeline\\Pipeline->Illuminate\\Pipeline\\{closure}()
#56 D:\\MesProjetsLaravel\\elite-marche\\elite-marche\\vendor\\laravel\\framework\\src\\Illuminate\\Foundation\\Http\\Kernel.php(142): Illuminate\\Pipeline\\Pipeline->then()
#57 D:\\MesProjetsLaravel\\elite-marche\\elite-marche\\vendor\\laravel\\framework\\src\\Illuminate\\Foundation\\Http\\Kernel.php(111): Illuminate\\Foundation\\Http\\Kernel->sendRequestThroughRouter()
#58 D:\\MesProjetsLaravel\\elite-marche\\elite-marche\\public\\index.php(52): Illuminate\\Foundation\\Http\\Kernel->handle()
#59 D:\\MesProjetsLaravel\\elite-marche\\elite-marche\\server.php(21): require_once('D:\\\\MesProjetsLa...')
#60 {main}

[previous exception] [object] (Doctrine\\DBAL\\Driver\\PDO\\Exception(code: HY000): SQLSTATE[HY000]: General error: 1366 Incorrect integer value: '' for column 'notif_duree_session_op' at row 1 at D:\\MesProjetsLaravel\\elite-marche\\elite-marche\\vendor\\doctrine\\dbal\\lib\\Doctrine\\DBAL\\Driver\\PDO\\Exception.php:18)
[stacktrace]
#0 D:\\MesProjetsLaravel\\elite-marche\\elite-marche\\vendor\\doctrine\\dbal\\lib\\Doctrine\\DBAL\\Driver\\PDOStatement.php(119): Doctrine\\DBAL\\Driver\\PDO\\Exception::new()
#1 D:\\MesProjetsLaravel\\elite-marche\\elite-marche\\vendor\\laravel\\framework\\src\\Illuminate\\Database\\Connection.php(526): Doctrine\\DBAL\\Driver\\PDOStatement->execute()
#2 D:\\MesProjetsLaravel\\elite-marche\\elite-marche\\vendor\\laravel\\framework\\src\\Illuminate\\Database\\Connection.php(705): Illuminate\\Database\\Connection->Illuminate\\Database\\{closure}()
#3 D:\\MesProjetsLaravel\\elite-marche\\elite-marche\\vendor\\laravel\\framework\\src\\Illuminate\\Database\\Connection.php(672): Illuminate\\Database\\Connection->runQueryCallback()
#4 D:\\MesProjetsLaravel\\elite-marche\\elite-marche\\vendor\\laravel\\framework\\src\\Illuminate\\Database\\Connection.php(533): Illuminate\\Database\\Connection->run()
#5 D:\\MesProjetsLaravel\\elite-marche\\elite-marche\\vendor\\laravel\\framework\\src\\Illuminate\\Database\\Connection.php(466): Illuminate\\Database\\Connection->affectingStatement()
#6 D:\\MesProjetsLaravel\\elite-marche\\elite-marche\\vendor\\laravel\\framework\\src\\Illuminate\\Database\\Query\\Builder.php(3063): Illuminate\\Database\\Connection->update()
#7 D:\\MesProjetsLaravel\\elite-marche\\elite-marche\\vendor\\laravel\\framework\\src\\Illuminate\\Database\\Eloquent\\Builder.php(921): Illuminate\\Database\\Query\\Builder->update()
#8 D:\\MesProjetsLaravel\\elite-marche\\elite-marche\\vendor\\laravel\\framework\\src\\Illuminate\\Database\\Eloquent\\Model.php(1072): Illuminate\\Database\\Eloquent\\Builder->update()
#9 D:\\MesProjetsLaravel\\elite-marche\\elite-marche\\vendor\\laravel\\framework\\src\\Illuminate\\Database\\Eloquent\\Model.php(987): Illuminate\\Database\\Eloquent\\Model->performUpdate()
#10 D:\\MesProjetsLaravel\\elite-marche\\elite-marche\\vendor\\laravel\\framework\\src\\Illuminate\\Database\\Eloquent\\Model.php(885): Illuminate\\Database\\Eloquent\\Model->save()
#11 D:\\MesProjetsLaravel\\elite-marche\\elite-marche\\app\\Http\\Controllers\\EtablissementController.php(67): Illuminate\\Database\\Eloquent\\Model->update()
#12 D:\\MesProjetsLaravel\\elite-marche\\elite-marche\\vendor\\laravel\\framework\\src\\Illuminate\\Routing\\Controller.php(54): App\\Http\\Controllers\\EtablissementController->store()
#13 D:\\MesProjetsLaravel\\elite-marche\\elite-marche\\vendor\\laravel\\framework\\src\\Illuminate\\Routing\\ControllerDispatcher.php(45): Illuminate\\Routing\\Controller->callAction()
#14 D:\\MesProjetsLaravel\\elite-marche\\elite-marche\\vendor\\laravel\\framework\\src\\Illuminate\\Routing\\Route.php(262): Illuminate\\Routing\\ControllerDispatcher->dispatch()
#15 D:\\MesProjetsLaravel\\elite-marche\\elite-marche\\vendor\\laravel\\framework\\src\\Illuminate\\Routing\\Route.php(205): Illuminate\\Routing\\Route->runController()
#16 D:\\MesProjetsLaravel\\elite-marche\\elite-marche\\vendor\\laravel\\framework\\src\\Illuminate\\Routing\\Router.php(721): Illuminate\\Routing\\Route->run()
#17 D:\\MesProjetsLaravel\\elite-marche\\elite-marche\\vendor\\laravel\\framework\\src\\Illuminate\\Pipeline\\Pipeline.php(128): Illuminate\\Routing\\Router->Illuminate\\Routing\\{closure}()
#18 D:\\MesProjetsLaravel\\elite-marche\\elite-marche\\app\\Http\\Middleware\\SecureHeaders.php(20): Illuminate\\Pipeline\\Pipeline->Illuminate\\Pipeline\\{closure}()
#19 D:\\MesProjetsLaravel\\elite-marche\\elite-marche\\vendor\\laravel\\framework\\src\\Illuminate\\Pipeline\\Pipeline.php(167): App\\Http\\Middleware\\SecureHeaders->handle()
#20 D:\\MesProjetsLaravel\\elite-marche\\elite-marche\\vendor\\laravel\\framework\\src\\Illuminate\\Routing\\Middleware\\SubstituteBindings.php(50): Illuminate\\Pipeline\\Pipeline->Illuminate\\Pipeline\\{closure}()
#21 D:\\MesProjetsLaravel\\elite-marche\\elite-marche\\vendor\\laravel\\framework\\src\\Illuminate\\Pipeline\\Pipeline.php(167): Illuminate\\Routing\\Middleware\\SubstituteBindings->handle()
#22 D:\\MesProjetsLaravel\\elite-marche\\elite-marche\\vendor\\laravel\\framework\\src\\Illuminate\\Auth\\Middleware\\Authenticate.php(44): Illuminate\\Pipeline\\Pipeline->Illuminate\\Pipeline\\{closure}()
#23 D:\\MesProjetsLaravel\\elite-marche\\elite-marche\\vendor\\laravel\\framework\\src\\Illuminate\\Pipeline\\Pipeline.php(167): Illuminate\\Auth\\Middleware\\Authenticate->handle()
#24 D:\\MesProjetsLaravel\\elite-marche\\elite-marche\\vendor\\laravel\\framework\\src\\Illuminate\\Foundation\\Http\\Middleware\\VerifyCsrfToken.php(78): Illuminate\\Pipeline\\Pipeline->Illuminate\\Pipeline\\{closure}()
#25 D:\\MesProjetsLaravel\\elite-marche\\elite-marche\\vendor\\laravel\\framework\\src\\Illuminate\\Pipeline\\Pipeline.php(167): Illuminate\\Foundation\\Http\\Middleware\\VerifyCsrfToken->handle()
#26 D:\\MesProjetsLaravel\\elite-marche\\elite-marche\\vendor\\laravel\\framework\\src\\Illuminate\\View\\Middleware\\ShareErrorsFromSession.php(49): Illuminate\\Pipeline\\Pipeline->Illuminate\\Pipeline\\{closure}()
#27 D:\\MesProjetsLaravel\\elite-marche\\elite-marche\\vendor\\laravel\\framework\\src\\Illuminate\\Pipeline\\Pipeline.php(167): Illuminate\\View\\Middleware\\ShareErrorsFromSession->handle()
#28 D:\\MesProjetsLaravel\\elite-marche\\elite-marche\\vendor\\laravel\\framework\\src\\Illuminate\\Session\\Middleware\\StartSession.php(121): Illuminate\\Pipeline\\Pipeline->Illuminate\\Pipeline\\{closure}()
#29 D:\\MesProjetsLaravel\\elite-marche\\elite-marche\\vendor\\laravel\\framework\\src\\Illuminate\\Session\\Middleware\\StartSession.php(64): Illuminate\\Session\\Middleware\\StartSession->handleStatefulRequest()
#30 D:\\MesProjetsLaravel\\elite-marche\\elite-marche\\vendor\\laravel\\framework\\src\\Illuminate\\Pipeline\\Pipeline.php(167): Illuminate\\Session\\Middleware\\StartSession->handle()
#31 D:\\MesProjetsLaravel\\elite-marche\\elite-marche\\vendor\\laravel\\framework\\src\\Illuminate\\Cookie\\Middleware\\AddQueuedCookiesToResponse.php(37): Illuminate\\Pipeline\\Pipeline->Illuminate\\Pipeline\\{closure}()
#32 D:\\MesProjetsLaravel\\elite-marche\\elite-marche\\vendor\\laravel\\framework\\src\\Illuminate\\Pipeline\\Pipeline.php(167): Illuminate\\Cookie\\Middleware\\AddQueuedCookiesToResponse->handle()
#33 D:\\MesProjetsLaravel\\elite-marche\\elite-marche\\vendor\\laravel\\framework\\src\\Illuminate\\Cookie\\Middleware\\EncryptCookies.php(67): Illuminate\\Pipeline\\Pipeline->Illuminate\\Pipeline\\{closure}()
#34 D:\\MesProjetsLaravel\\elite-marche\\elite-marche\\vendor\\laravel\\framework\\src\\Illuminate\\Pipeline\\Pipeline.php(167): Illuminate\\Cookie\\Middleware\\EncryptCookies->handle()
#35 D:\\MesProjetsLaravel\\elite-marche\\elite-marche\\vendor\\laravel\\framework\\src\\Illuminate\\Pipeline\\Pipeline.php(103): Illuminate\\Pipeline\\Pipeline->Illuminate\\Pipeline\\{closure}()
#36 D:\\MesProjetsLaravel\\elite-marche\\elite-marche\\vendor\\laravel\\framework\\src\\Illuminate\\Routing\\Router.php(723): Illuminate\\Pipeline\\Pipeline->then()
#37 D:\\MesProjetsLaravel\\elite-marche\\elite-marche\\vendor\\laravel\\framework\\src\\Illuminate\\Routing\\Router.php(698): Illuminate\\Routing\\Router->runRouteWithinStack()
#38 D:\\MesProjetsLaravel\\elite-marche\\elite-marche\\vendor\\laravel\\framework\\src\\Illuminate\\Routing\\Router.php(662): Illuminate\\Routing\\Router->runRoute()
#39 D:\\MesProjetsLaravel\\elite-marche\\elite-marche\\vendor\\laravel\\framework\\src\\Illuminate\\Routing\\Router.php(651): Illuminate\\Routing\\Router->dispatchToRoute()
#40 D:\\MesProjetsLaravel\\elite-marche\\elite-marche\\vendor\\laravel\\framework\\src\\Illuminate\\Foundation\\Http\\Kernel.php(167): Illuminate\\Routing\\Router->dispatch()
#41 D:\\MesProjetsLaravel\\elite-marche\\elite-marche\\vendor\\laravel\\framework\\src\\Illuminate\\Pipeline\\Pipeline.php(128): Illuminate\\Foundation\\Http\\Kernel->Illuminate\\Foundation\\Http\\{closure}()
#42 D:\\MesProjetsLaravel\\elite-marche\\elite-marche\\vendor\\laravel\\framework\\src\\Illuminate\\Foundation\\Http\\Middleware\\TransformsRequest.php(21): Illuminate\\Pipeline\\Pipeline->Illuminate\\Pipeline\\{closure}()
#43 D:\\MesProjetsLaravel\\elite-marche\\elite-marche\\vendor\\laravel\\framework\\src\\Illuminate\\Foundation\\Http\\Middleware\\ConvertEmptyStringsToNull.php(31): Illuminate\\Foundation\\Http\\Middleware\\TransformsRequest->handle()
#44 D:\\MesProjetsLaravel\\elite-marche\\elite-marche\\vendor\\laravel\\framework\\src\\Illuminate\\Pipeline\\Pipeline.php(167): Illuminate\\Foundation\\Http\\Middleware\\ConvertEmptyStringsToNull->handle()
#45 D:\\MesProjetsLaravel\\elite-marche\\elite-marche\\vendor\\laravel\\framework\\src\\Illuminate\\Foundation\\Http\\Middleware\\TransformsRequest.php(21): Illuminate\\Pipeline\\Pipeline->Illuminate\\Pipeline\\{closure}()
#46 D:\\MesProjetsLaravel\\elite-marche\\elite-marche\\vendor\\laravel\\framework\\src\\Illuminate\\Foundation\\Http\\Middleware\\TrimStrings.php(40): Illuminate\\Foundation\\Http\\Middleware\\TransformsRequest->handle()
#47 D:\\MesProjetsLaravel\\elite-marche\\elite-marche\\vendor\\laravel\\framework\\src\\Illuminate\\Pipeline\\Pipeline.php(167): Illuminate\\Foundation\\Http\\Middleware\\TrimStrings->handle()
#48 D:\\MesProjetsLaravel\\elite-marche\\elite-marche\\vendor\\laravel\\framework\\src\\Illuminate\\Foundation\\Http\\Middleware\\ValidatePostSize.php(27): Illuminate\\Pipeline\\Pipeline->Illuminate\\Pipeline\\{closure}()
#49 D:\\MesProjetsLaravel\\elite-marche\\elite-marche\\vendor\\laravel\\framework\\src\\Illuminate\\Pipeline\\Pipeline.php(167): Illuminate\\Foundation\\Http\\Middleware\\ValidatePostSize->handle()
#50 D:\\MesProjetsLaravel\\elite-marche\\elite-marche\\vendor\\laravel\\framework\\src\\Illuminate\\Foundation\\Http\\Middleware\\PreventRequestsDuringMaintenance.php(86): Illuminate\\Pipeline\\Pipeline->Illuminate\\Pipeline\\{closure}()
#51 D:\\MesProjetsLaravel\\elite-marche\\elite-marche\\vendor\\laravel\\framework\\src\\Illuminate\\Pipeline\\Pipeline.php(167): Illuminate\\Foundation\\Http\\Middleware\\PreventRequestsDuringMaintenance->handle()
#52 D:\\MesProjetsLaravel\\elite-marche\\elite-marche\\vendor\\fruitcake\\laravel-cors\\src\\HandleCors.php(38): Illuminate\\Pipeline\\Pipeline->Illuminate\\Pipeline\\{closure}()
#53 D:\\MesProjetsLaravel\\elite-marche\\elite-marche\\vendor\\laravel\\framework\\src\\Illuminate\\Pipeline\\Pipeline.php(167): Fruitcake\\Cors\\HandleCors->handle()
#54 D:\\MesProjetsLaravel\\elite-marche\\elite-marche\\vendor\\fideloper\\proxy\\src\\TrustProxies.php(57): Illuminate\\Pipeline\\Pipeline->Illuminate\\Pipeline\\{closure}()
#55 D:\\MesProjetsLaravel\\elite-marche\\elite-marche\\vendor\\laravel\\framework\\src\\Illuminate\\Pipeline\\Pipeline.php(167): Fideloper\\Proxy\\TrustProxies->handle()
#56 D:\\MesProjetsLaravel\\elite-marche\\elite-marche\\vendor\\laravel\\framework\\src\\Illuminate\\Http\\Middleware\\TrustHosts.php(48): Illuminate\\Pipeline\\Pipeline->Illuminate\\Pipeline\\{closure}()
#57 D:\\MesProjetsLaravel\\elite-marche\\elite-marche\\vendor\\laravel\\framework\\src\\Illuminate\\Pipeline\\Pipeline.php(167): Illuminate\\Http\\Middleware\\TrustHosts->handle()
#58 D:\\MesProjetsLaravel\\elite-marche\\elite-marche\\vendor\\laravel\\framework\\src\\Illuminate\\Pipeline\\Pipeline.php(103): Illuminate\\Pipeline\\Pipeline->Illuminate\\Pipeline\\{closure}()
#59 D:\\MesProjetsLaravel\\elite-marche\\elite-marche\\vendor\\laravel\\framework\\src\\Illuminate\\Foundation\\Http\\Kernel.php(142): Illuminate\\Pipeline\\Pipeline->then()
#60 D:\\MesProjetsLaravel\\elite-marche\\elite-marche\\vendor\\laravel\\framework\\src\\Illuminate\\Foundation\\Http\\Kernel.php(111): Illuminate\\Foundation\\Http\\Kernel->sendRequestThroughRouter()
#61 D:\\MesProjetsLaravel\\elite-marche\\elite-marche\\public\\index.php(52): Illuminate\\Foundation\\Http\\Kernel->handle()
#62 D:\\MesProjetsLaravel\\elite-marche\\elite-marche\\server.php(21): require_once('D:\\\\MesProjetsLa...')
#63 {main}

[previous exception] [object] (PDOException(code: HY000): SQLSTATE[HY000]: General error: 1366 Incorrect integer value: '' for column 'notif_duree_session_op' at row 1 at D:\\MesProjetsLaravel\\elite-marche\\elite-marche\\vendor\\doctrine\\dbal\\lib\\Doctrine\\DBAL\\Driver\\PDOStatement.php:117)
[stacktrace]
#0 D:\\MesProjetsLaravel\\elite-marche\\elite-marche\\vendor\\doctrine\\dbal\\lib\\Doctrine\\DBAL\\Driver\\PDOStatement.php(117): PDOStatement->execute()
#1 D:\\MesProjetsLaravel\\elite-marche\\elite-marche\\vendor\\laravel\\framework\\src\\Illuminate\\Database\\Connection.php(526): Doctrine\\DBAL\\Driver\\PDOStatement->execute()
#2 D:\\MesProjetsLaravel\\elite-marche\\elite-marche\\vendor\\laravel\\framework\\src\\Illuminate\\Database\\Connection.php(705): Illuminate\\Database\\Connection->Illuminate\\Database\\{closure}()
#3 D:\\MesProjetsLaravel\\elite-marche\\elite-marche\\vendor\\laravel\\framework\\src\\Illuminate\\Database\\Connection.php(672): Illuminate\\Database\\Connection->runQueryCallback()
#4 D:\\MesProjetsLaravel\\elite-marche\\elite-marche\\vendor\\laravel\\framework\\src\\Illuminate\\Database\\Connection.php(533): Illuminate\\Database\\Connection->run()
#5 D:\\MesProjetsLaravel\\elite-marche\\elite-marche\\vendor\\laravel\\framework\\src\\Illuminate\\Database\\Connection.php(466): Illuminate\\Database\\Connection->affectingStatement()
#6 D:\\MesProjetsLaravel\\elite-marche\\elite-marche\\vendor\\laravel\\framework\\src\\Illuminate\\Database\\Query\\Builder.php(3063): Illuminate\\Database\\Connection->update()
#7 D:\\MesProjetsLaravel\\elite-marche\\elite-marche\\vendor\\laravel\\framework\\src\\Illuminate\\Database\\Eloquent\\Builder.php(921): Illuminate\\Database\\Query\\Builder->update()
#8 D:\\MesProjetsLaravel\\elite-marche\\elite-marche\\vendor\\laravel\\framework\\src\\Illuminate\\Database\\Eloquent\\Model.php(1072): Illuminate\\Database\\Eloquent\\Builder->update()
#9 D:\\MesProjetsLaravel\\elite-marche\\elite-marche\\vendor\\laravel\\framework\\src\\Illuminate\\Database\\Eloquent\\Model.php(987): Illuminate\\Database\\Eloquent\\Model->performUpdate()
#10 D:\\MesProjetsLaravel\\elite-marche\\elite-marche\\vendor\\laravel\\framework\\src\\Illuminate\\Database\\Eloquent\\Model.php(885): Illuminate\\Database\\Eloquent\\Model->save()
#11 D:\\MesProjetsLaravel\\elite-marche\\elite-marche\\app\\Http\\Controllers\\EtablissementController.php(67): Illuminate\\Database\\Eloquent\\Model->update()
#12 D:\\MesProjetsLaravel\\elite-marche\\elite-marche\\vendor\\laravel\\framework\\src\\Illuminate\\Routing\\Controller.php(54): App\\Http\\Controllers\\EtablissementController->store()
#13 D:\\MesProjetsLaravel\\elite-marche\\elite-marche\\vendor\\laravel\\framework\\src\\Illuminate\\Routing\\ControllerDispatcher.php(45): Illuminate\\Routing\\Controller->callAction()
#14 D:\\MesProjetsLaravel\\elite-marche\\elite-marche\\vendor\\laravel\\framework\\src\\Illuminate\\Routing\\Route.php(262): Illuminate\\Routing\\ControllerDispatcher->dispatch()
#15 D:\\MesProjetsLaravel\\elite-marche\\elite-marche\\vendor\\laravel\\framework\\src\\Illuminate\\Routing\\Route.php(205): Illuminate\\Routing\\Route->runController()
#16 D:\\MesProjetsLaravel\\elite-marche\\elite-marche\\vendor\\laravel\\framework\\src\\Illuminate\\Routing\\Router.php(721): Illuminate\\Routing\\Route->run()
#17 D:\\MesProjetsLaravel\\elite-marche\\elite-marche\\vendor\\laravel\\framework\\src\\Illuminate\\Pipeline\\Pipeline.php(128): Illuminate\\Routing\\Router->Illuminate\\Routing\\{closure}()
#18 D:\\MesProjetsLaravel\\elite-marche\\elite-marche\\app\\Http\\Middleware\\SecureHeaders.php(20): Illuminate\\Pipeline\\Pipeline->Illuminate\\Pipeline\\{closure}()
#19 D:\\MesProjetsLaravel\\elite-marche\\elite-marche\\vendor\\laravel\\framework\\src\\Illuminate\\Pipeline\\Pipeline.php(167): App\\Http\\Middleware\\SecureHeaders->handle()
#20 D:\\MesProjetsLaravel\\elite-marche\\elite-marche\\vendor\\laravel\\framework\\src\\Illuminate\\Routing\\Middleware\\SubstituteBindings.php(50): Illuminate\\Pipeline\\Pipeline->Illuminate\\Pipeline\\{closure}()
#21 D:\\MesProjetsLaravel\\elite-marche\\elite-marche\\vendor\\laravel\\framework\\src\\Illuminate\\Pipeline\\Pipeline.php(167): Illuminate\\Routing\\Middleware\\SubstituteBindings->handle()
#22 D:\\MesProjetsLaravel\\elite-marche\\elite-marche\\vendor\\laravel\\framework\\src\\Illuminate\\Auth\\Middleware\\Authenticate.php(44): Illuminate\\Pipeline\\Pipeline->Illuminate\\Pipeline\\{closure}()
#23 D:\\MesProjetsLaravel\\elite-marche\\elite-marche\\vendor\\laravel\\framework\\src\\Illuminate\\Pipeline\\Pipeline.php(167): Illuminate\\Auth\\Middleware\\Authenticate->handle()
#24 D:\\MesProjetsLaravel\\elite-marche\\elite-marche\\vendor\\laravel\\framework\\src\\Illuminate\\Foundation\\Http\\Middleware\\VerifyCsrfToken.php(78): Illuminate\\Pipeline\\Pipeline->Illuminate\\Pipeline\\{closure}()
#25 D:\\MesProjetsLaravel\\elite-marche\\elite-marche\\vendor\\laravel\\framework\\src\\Illuminate\\Pipeline\\Pipeline.php(167): Illuminate\\Foundation\\Http\\Middleware\\VerifyCsrfToken->handle()
#26 D:\\MesProjetsLaravel\\elite-marche\\elite-marche\\vendor\\laravel\\framework\\src\\Illuminate\\View\\Middleware\\ShareErrorsFromSession.php(49): Illuminate\\Pipeline\\Pipeline->Illuminate\\Pipeline\\{closure}()
#27 D:\\MesProjetsLaravel\\elite-marche\\elite-marche\\vendor\\laravel\\framework\\src\\Illuminate\\Pipeline\\Pipeline.php(167): Illuminate\\View\\Middleware\\ShareErrorsFromSession->handle()
#28 D:\\MesProjetsLaravel\\elite-marche\\elite-marche\\vendor\\laravel\\framework\\src\\Illuminate\\Session\\Middleware\\StartSession.php(121): Illuminate\\Pipeline\\Pipeline->Illuminate\\Pipeline\\{closure}()
#29 D:\\MesProjetsLaravel\\elite-marche\\elite-marche\\vendor\\laravel\\framework\\src\\Illuminate\\Session\\Middleware\\StartSession.php(64): Illuminate\\Session\\Middleware\\StartSession->handleStatefulRequest()
#30 D:\\MesProjetsLaravel\\elite-marche\\elite-marche\\vendor\\laravel\\framework\\src\\Illuminate\\Pipeline\\Pipeline.php(167): Illuminate\\Session\\Middleware\\StartSession->handle()
#31 D:\\MesProjetsLaravel\\elite-marche\\elite-marche\\vendor\\laravel\\framework\\src\\Illuminate\\Cookie\\Middleware\\AddQueuedCookiesToResponse.php(37): Illuminate\\Pipeline\\Pipeline->Illuminate\\Pipeline\\{closure}()
#32 D:\\MesProjetsLaravel\\elite-marche\\elite-marche\\vendor\\laravel\\framework\\src\\Illuminate\\Pipeline\\Pipeline.php(167): Illuminate\\Cookie\\Middleware\\AddQueuedCookiesToResponse->handle()
#33 D:\\MesProjetsLaravel\\elite-marche\\elite-marche\\vendor\\laravel\\framework\\src\\Illuminate\\Cookie\\Middleware\\EncryptCookies.php(67): Illuminate\\Pipeline\\Pipeline->Illuminate\\Pipeline\\{closure}()
#34 D:\\MesProjetsLaravel\\elite-marche\\elite-marche\\vendor\\laravel\\framework\\src\\Illuminate\\Pipeline\\Pipeline.php(167): Illuminate\\Cookie\\Middleware\\EncryptCookies->handle()
#35 D:\\MesProjetsLaravel\\elite-marche\\elite-marche\\vendor\\laravel\\framework\\src\\Illuminate\\Pipeline\\Pipeline.php(103): Illuminate\\Pipeline\\Pipeline->Illuminate\\Pipeline\\{closure}()
#36 D:\\MesProjetsLaravel\\elite-marche\\elite-marche\\vendor\\laravel\\framework\\src\\Illuminate\\Routing\\Router.php(723): Illuminate\\Pipeline\\Pipeline->then()
#37 D:\\MesProjetsLaravel\\elite-marche\\elite-marche\\vendor\\laravel\\framework\\src\\Illuminate\\Routing\\Router.php(698): Illuminate\\Routing\\Router->runRouteWithinStack()
#38 D:\\MesProjetsLaravel\\elite-marche\\elite-marche\\vendor\\laravel\\framework\\src\\Illuminate\\Routing\\Router.php(662): Illuminate\\Routing\\Router->runRoute()
#39 D:\\MesProjetsLaravel\\elite-marche\\elite-marche\\vendor\\laravel\\framework\\src\\Illuminate\\Routing\\Router.php(651): Illuminate\\Routing\\Router->dispatchToRoute()
#40 D:\\MesProjetsLaravel\\elite-marche\\elite-marche\\vendor\\laravel\\framework\\src\\Illuminate\\Foundation\\Http\\Kernel.php(167): Illuminate\\Routing\\Router->dispatch()
#41 D:\\MesProjetsLaravel\\elite-marche\\elite-marche\\vendor\\laravel\\framework\\src\\Illuminate\\Pipeline\\Pipeline.php(128): Illuminate\\Foundation\\Http\\Kernel->Illuminate\\Foundation\\Http\\{closure}()
#42 D:\\MesProjetsLaravel\\elite-marche\\elite-marche\\vendor\\laravel\\framework\\src\\Illuminate\\Foundation\\Http\\Middleware\\TransformsRequest.php(21): Illuminate\\Pipeline\\Pipeline->Illuminate\\Pipeline\\{closure}()
#43 D:\\MesProjetsLaravel\\elite-marche\\elite-marche\\vendor\\laravel\\framework\\src\\Illuminate\\Foundation\\Http\\Middleware\\ConvertEmptyStringsToNull.php(31): Illuminate\\Foundation\\Http\\Middleware\\TransformsRequest->handle()
#44 D:\\MesProjetsLaravel\\elite-marche\\elite-marche\\vendor\\laravel\\framework\\src\\Illuminate\\Pipeline\\Pipeline.php(167): Illuminate\\Foundation\\Http\\Middleware\\ConvertEmptyStringsToNull->handle()
#45 D:\\MesProjetsLaravel\\elite-marche\\elite-marche\\vendor\\laravel\\framework\\src\\Illuminate\\Foundation\\Http\\Middleware\\TransformsRequest.php(21): Illuminate\\Pipeline\\Pipeline->Illuminate\\Pipeline\\{closure}()
#46 D:\\MesProjetsLaravel\\elite-marche\\elite-marche\\vendor\\laravel\\framework\\src\\Illuminate\\Foundation\\Http\\Middleware\\TrimStrings.php(40): Illuminate\\Foundation\\Http\\Middleware\\TransformsRequest->handle()
#47 D:\\MesProjetsLaravel\\elite-marche\\elite-marche\\vendor\\laravel\\framework\\src\\Illuminate\\Pipeline\\Pipeline.php(167): Illuminate\\Foundation\\Http\\Middleware\\TrimStrings->handle()
#48 D:\\MesProjetsLaravel\\elite-marche\\elite-marche\\vendor\\laravel\\framework\\src\\Illuminate\\Foundation\\Http\\Middleware\\ValidatePostSize.php(27): Illuminate\\Pipeline\\Pipeline->Illuminate\\Pipeline\\{closure}()
#49 D:\\MesProjetsLaravel\\elite-marche\\elite-marche\\vendor\\laravel\\framework\\src\\Illuminate\\Pipeline\\Pipeline.php(167): Illuminate\\Foundation\\Http\\Middleware\\ValidatePostSize->handle()
#50 D:\\MesProjetsLaravel\\elite-marche\\elite-marche\\vendor\\laravel\\framework\\src\\Illuminate\\Foundation\\Http\\Middleware\\PreventRequestsDuringMaintenance.php(86): Illuminate\\Pipeline\\Pipeline->Illuminate\\Pipeline\\{closure}()
#51 D:\\MesProjetsLaravel\\elite-marche\\elite-marche\\vendor\\laravel\\framework\\src\\Illuminate\\Pipeline\\Pipeline.php(167): Illuminate\\Foundation\\Http\\Middleware\\PreventRequestsDuringMaintenance->handle()
#52 D:\\MesProjetsLaravel\\elite-marche\\elite-marche\\vendor\\fruitcake\\laravel-cors\\src\\HandleCors.php(38): Illuminate\\Pipeline\\Pipeline->Illuminate\\Pipeline\\{closure}()
#53 D:\\MesProjetsLaravel\\elite-marche\\elite-marche\\vendor\\laravel\\framework\\src\\Illuminate\\Pipeline\\Pipeline.php(167): Fruitcake\\Cors\\HandleCors->handle()
#54 D:\\MesProjetsLaravel\\elite-marche\\elite-marche\\vendor\\fideloper\\proxy\\src\\TrustProxies.php(57): Illuminate\\Pipeline\\Pipeline->Illuminate\\Pipeline\\{closure}()
#55 D:\\MesProjetsLaravel\\elite-marche\\elite-marche\\vendor\\laravel\\framework\\src\\Illuminate\\Pipeline\\Pipeline.php(167): Fideloper\\Proxy\\TrustProxies->handle()
#56 D:\\MesProjetsLaravel\\elite-marche\\elite-marche\\vendor\\laravel\\framework\\src\\Illuminate\\Http\\Middleware\\TrustHosts.php(48): Illuminate\\Pipeline\\Pipeline->Illuminate\\Pipeline\\{closure}()
#57 D:\\MesProjetsLaravel\\elite-marche\\elite-marche\\vendor\\laravel\\framework\\src\\Illuminate\\Pipeline\\Pipeline.php(167): Illuminate\\Http\\Middleware\\TrustHosts->handle()
#58 D:\\MesProjetsLaravel\\elite-marche\\elite-marche\\vendor\\laravel\\framework\\src\\Illuminate\\Pipeline\\Pipeline.php(103): Illuminate\\Pipeline\\Pipeline->Illuminate\\Pipeline\\{closure}()
#59 D:\\MesProjetsLaravel\\elite-marche\\elite-marche\\vendor\\laravel\\framework\\src\\Illuminate\\Foundation\\Http\\Kernel.php(142): Illuminate\\Pipeline\\Pipeline->then()
#60 D:\\MesProjetsLaravel\\elite-marche\\elite-marche\\vendor\\laravel\\framework\\src\\Illuminate\\Foundation\\Http\\Kernel.php(111): Illuminate\\Foundation\\Http\\Kernel->sendRequestThroughRouter()
#61 D:\\MesProjetsLaravel\\elite-marche\\elite-marche\\public\\index.php(52): Illuminate\\Foundation\\Http\\Kernel->handle()
#62 D:\\MesProjetsLaravel\\elite-marche\\elite-marche\\server.php(21): require_once('D:\\\\MesProjetsLa...')
#63 {main}
"} 
[2023-10-12 20:45:49] local.EMERGENCY: array (
  'notifsRappelCount' => 0,
  'notifsValidationCount' => 0,
  'notifsMessageCount' => 1,
)  
[2023-10-12 20:45:50] local.ALERT: PPM Projets Request Params from view  
[2023-10-12 20:45:50] local.INFO: array (
  'annee_gestion' => '2023',
  'services_id' => 'all',
  'type_demande' => 'all',
  'natures_passation' => 'all',
  'mode' => 'ppm',
)  
[2023-10-12 20:45:50] local.INFO: projet mode : ppm / Nature Passation : all  
[2023-10-12 20:45:50] local.INFO: Result of query projets : [{"id":43,"code_pa":"PA00001\/2023","annee_gestion":"2023","date_projet":"2023-09-22T00:00:00.000000Z","objet":"\u0627\u0642\u062a\u0646\u0627\u0621 \u062d\u0648\u0627\u0633\u064a\u0628","date_action_prevu":"2023-10-12","type_demande":"1","nature_passation":"CONSULTATION","source_finance":null,"services_id":null,"transferer":true,"created_at":"2023-09-22","updated_at":"2023-10-12T20:18:55.000000Z","deleted_at":null,"created_by":30011,"updated_by":30011,"duree_travaux_prvu":50,"date_cc_prvu":"2023-09-22","date_avis_prvu":"2023-09-22","date_op_prvu":"2023-09-22","date_trsfert_ca_prvu":"2023-09-22","date_trsfert_cao_prvu":"2023-09-22","date_repca_prvu":"2023-09-22","date_pub_reslt_prvu":"2023-09-22","date_avis_soumissionaire_prvu":"2023-09-22","date_ordre_serv_prvu":"2023-09-22","service":null}]  
[2023-10-12 20:49:41] local.EMERGENCY: array (
  'notifsRappelCount' => 0,
  'notifsValidationCount' => 0,
  'notifsMessageCount' => 1,
)  
[2023-10-12 20:50:58] local.EMERGENCY: array (
  'notifsRappelCount' => 0,
  'notifsValidationCount' => 0,
  'notifsMessageCount' => 1,
)  
[2023-10-12 20:50:59] local.ALERT: DossierAchats Request Params from view  
[2023-10-12 20:50:59] local.INFO: array (
  'annee_gestion' => '2023',
  'situation_dossier' => 'all',
  'type_demande' => 'all',
  'type_dossier' => 'CONSULTATION',
)  
[2023-10-12 20:50:59] local.INFO: Result of query DossierAchats : [{"id":20,"annee_gestion":"2023","code_projet":"PA00001\/2023","code_dossier":"CA0001\/2023","situation_dossier":1,"objet_dossier":"\u0627\u0642\u062a\u0646\u0627\u0621 \u062d\u0648\u0627\u0633\u064a\u0628","organisme_financier":"dgsdgsdgsgs","source_finance":1,"nature_finance":"FIXE","type_dossier":"CONSULTATION","type_demande":"1","type_commission":null,"date_cloture":null,"dossiers_debut_travaux":null,"created_at":"2023-09-22T11:18:47.000000Z","updated_at":"2023-09-22T11:18:47.000000Z","deleted_at":null,"created_by":30011,"updated_by":30011,"soumissionaire_id":null},{"id":26,"annee_gestion":"2023","code_projet":"PA00001\/2023","code_dossier":null,"situation_dossier":1,"objet_dossier":"\u0627\u0642\u062a\u0646\u0627\u0621 \u062d\u0648\u0627\u0633\u064a\u0628","organisme_financier":"dgsdgsdgsgs","source_finance":1,"nature_finance":"FIXE","type_dossier":"CONSULTATION","type_demande":"1","type_commission":null,"date_cloture":null,"dossiers_debut_travaux":null,"created_at":"2023-10-12T20:18:55.000000Z","updated_at":"2023-10-12T20:18:55.000000Z","deleted_at":null,"created_by":30011,"updated_by":30011,"soumissionaire_id":null}]  
[2023-10-12 20:51:55] local.EMERGENCY: array (
  'notifsRappelCount' => 0,
  'notifsValidationCount' => 0,
  'notifsMessageCount' => 1,
)  
[2023-10-12 20:51:56] local.ALERT: Pai Request Params from view  
[2023-10-12 20:51:56] local.INFO: array (
  'annee_gestion' => '2023',
  'services_id' => 'all',
  'type_demande' => 'all',
  'natures_passation' => 'all',
  'mode' => 'projet',
)  
[2023-10-12 20:51:56] local.INFO: projet mode : projet / Nature Passation : all  
[2023-10-12 20:51:56] local.INFO: Result of query projets : [{"id":43,"code_pa":"PA00001\/2023","annee_gestion":"2023","date_projet":"2023-09-22T00:00:00.000000Z","objet":"\u0627\u0642\u062a\u0646\u0627\u0621 \u062d\u0648\u0627\u0633\u064a\u0628","date_action_prevu":"2023-10-12","type_demande":"1","nature_passation":"CONSULTATION","source_finance":null,"services_id":null,"transferer":false,"created_at":"2023-09-22","updated_at":"2023-10-12T20:18:55.000000Z","deleted_at":null,"created_by":30011,"updated_by":30011,"duree_travaux_prvu":50,"date_cc_prvu":"2023-09-22","date_avis_prvu":"2023-09-22","date_op_prvu":"2023-09-22","date_trsfert_ca_prvu":"2023-09-22","date_trsfert_cao_prvu":"2023-09-22","date_repca_prvu":"2023-09-22","date_pub_reslt_prvu":"2023-09-22","date_avis_soumissionaire_prvu":"2023-09-22","date_ordre_serv_prvu":"2023-09-22","service":null}]  
[2023-10-12 20:52:05] local.INFO: Transfert projet to Dossier Achat  
[2023-10-12 20:52:05] local.INFO: array (
  'projets_id' => '43',
  'nature_passation' => 'CONSULTATION',
  'organisme_financier' => 'ddv',
  'source_finance' => '1',
  'nature_finance' => 'FIXE',
)  
[2023-10-12 20:52:05] local.ALERT: code dossier cccc: model :CONSULTATION C{code}/{annee}  
[2023-10-12 20:52:05] local.ALERT: code dossier : C0003/2023  
[2023-10-12 20:52:05] local.INFO: Ligne Projet {"id":2,"num_lot":null,"libelle":"\u0625\u0642\u062a\u0646\u0627\u0621 \u062d\u0648\u0627\u0633\u064a\u0628","qte":5,"cout_unite_ttc":1000,"cout_total_ttc":5000,"projets_id":43,"lignes_besoin_id":1,"lbsoins_ids":"1","created_at":"2023-09-22T11:13:59.000000Z","updated_at":"2023-09-22T11:13:59.000000Z","deleted_at":null,"created_by":null,"updated_by":null}  
[2023-10-12 20:52:05] local.ALERT: Pai Request Params from view  
[2023-10-12 20:52:05] local.INFO: array (
  'annee_gestion' => '2023',
  'services_id' => 'all',
  'type_demande' => 'all',
  'natures_passation' => 'all',
  'mode' => 'projet',
)  
[2023-10-12 20:52:05] local.INFO: projet mode : projet / Nature Passation : all  
[2023-10-12 20:52:05] local.INFO: Result of query projets : [{"id":43,"code_pa":"PA00001\/2023","annee_gestion":"2023","date_projet":"2023-09-22T00:00:00.000000Z","objet":"\u0627\u0642\u062a\u0646\u0627\u0621 \u062d\u0648\u0627\u0633\u064a\u0628","date_action_prevu":"2023-10-12","type_demande":"1","nature_passation":"CONSULTATION","source_finance":null,"services_id":null,"transferer":true,"created_at":"2023-09-22","updated_at":"2023-10-12T20:52:05.000000Z","deleted_at":null,"created_by":30011,"updated_by":30011,"duree_travaux_prvu":50,"date_cc_prvu":"2023-09-22","date_avis_prvu":"2023-09-22","date_op_prvu":"2023-09-22","date_trsfert_ca_prvu":"2023-09-22","date_trsfert_cao_prvu":"2023-09-22","date_repca_prvu":"2023-09-22","date_pub_reslt_prvu":"2023-09-22","date_avis_soumissionaire_prvu":"2023-09-22","date_ordre_serv_prvu":"2023-09-22","service":null}]  
[2023-10-12 20:52:14] local.EMERGENCY: array (
  'notifsRappelCount' => 0,
  'notifsValidationCount' => 0,
  'notifsMessageCount' => 1,
)  
[2023-10-12 20:52:15] local.ALERT: DossierAchats Request Params from view  
[2023-10-12 20:52:15] local.INFO: array (
  'annee_gestion' => '2023',
  'situation_dossier' => 'all',
  'type_demande' => 'all',
  'type_dossier' => 'CONSULTATION',
)  
[2023-10-12 20:52:15] local.INFO: Result of query DossierAchats : [{"id":20,"annee_gestion":"2023","code_projet":"PA00001\/2023","code_dossier":"CA0001\/2023","situation_dossier":1,"objet_dossier":"\u0627\u0642\u062a\u0646\u0627\u0621 \u062d\u0648\u0627\u0633\u064a\u0628","organisme_financier":"dgsdgsdgsgs","source_finance":1,"nature_finance":"FIXE","type_dossier":"CONSULTATION","type_demande":"1","type_commission":null,"date_cloture":null,"dossiers_debut_travaux":null,"created_at":"2023-09-22T11:18:47.000000Z","updated_at":"2023-09-22T11:18:47.000000Z","deleted_at":null,"created_by":30011,"updated_by":30011,"soumissionaire_id":null},{"id":26,"annee_gestion":"2023","code_projet":"PA00001\/2023","code_dossier":null,"situation_dossier":1,"objet_dossier":"\u0627\u0642\u062a\u0646\u0627\u0621 \u062d\u0648\u0627\u0633\u064a\u0628","organisme_financier":"dgsdgsdgsgs","source_finance":1,"nature_finance":"FIXE","type_dossier":"CONSULTATION","type_demande":"1","type_commission":null,"date_cloture":null,"dossiers_debut_travaux":null,"created_at":"2023-10-12T20:18:55.000000Z","updated_at":"2023-10-12T20:18:55.000000Z","deleted_at":null,"created_by":30011,"updated_by":30011,"soumissionaire_id":null},{"id":27,"annee_gestion":"2023","code_projet":"PA00001\/2023","code_dossier":"C0003\/2023","situation_dossier":1,"objet_dossier":"\u0627\u0642\u062a\u0646\u0627\u0621 \u062d\u0648\u0627\u0633\u064a\u0628","organisme_financier":"ddv","source_finance":1,"nature_finance":"FIXE","type_dossier":"CONSULTATION","type_demande":"1","type_commission":null,"date_cloture":null,"dossiers_debut_travaux":null,"created_at":"2023-10-12T20:52:05.000000Z","updated_at":"2023-10-12T20:52:05.000000Z","deleted_at":null,"created_by":30011,"updated_by":30011,"soumissionaire_id":null}]  
