[2023-10-09 01:10:58] local.EMERGENCY: array (
  'notifsRappelCount' => 0,
  'notifsValidationCount' => 1,
  'notifsMessageCount' => 0,
)  
[2023-10-09 01:12:07] local.EMERGENCY: array (
  'notifsRappelCount' => 0,
  'notifsValidationCount' => 1,
  'notifsMessageCount' => 0,
)  
[2023-10-09 01:12:13] local.INFO: array (
  'services_id' => '1',
  'annee_gestion' => '2023',
  'status' => 'all',
  'mode' => 'all',
)  
[2023-10-09 01:12:13] local.INFO: status is : all  
[2023-10-09 01:12:13] local.ALERT: query besoins  
[2023-10-09 01:13:47] local.EMERGENCY: array (
  'notifsRappelCount' => 0,
  'notifsValidationCount' => 1,
  'notifsMessageCount' => 0,
)  
[2023-10-09 01:13:48] local.INFO: array (
  'services_id' => '1',
  'annee_gestion' => '2023',
  'status' => 'all',
  'mode' => 'all',
)  
[2023-10-09 01:13:48] local.INFO: status is : all  
[2023-10-09 01:13:48] local.ALERT: query besoins  
[2023-10-09 01:14:15] local.EMERGENCY: array (
  'notifsRappelCount' => 0,
  'notifsValidationCount' => 1,
  'notifsMessageCount' => 0,
)  
[2023-10-09 01:14:16] local.CRITICAL: Notif Id : 0  
[2023-10-09 01:14:16] local.INFO: []  
[2023-10-09 01:14:30] local.CRITICAL: Notif Id : 5  
[2023-10-09 01:14:30] local.INFO: [{"id":6,"users_ids":30015,"read_at":"2023-10-09 00:10","notifs_id":5,"deleted_at":null,"created_at":"2023-10-09T00:45:05.000000Z","updated_at":"2023-10-09T00:45:05.000000Z"}]  
[2023-10-09 01:21:02] local.EMERGENCY: array (
  'notifsRappelCount' => 0,
  'notifsValidationCount' => 1,
  'notifsMessageCount' => 0,
)  
[2023-10-09 01:21:03] local.CRITICAL: Notif Id : 0  
[2023-10-09 01:21:03] local.INFO: []  
[2023-10-09 01:21:03] local.EMERGENCY: array (
  'notifsRappelCount' => 0,
  'notifsValidationCount' => 1,
  'notifsMessageCount' => 0,
)  
[2023-10-09 01:21:03] local.EMERGENCY: array (
  'notifsRappelCount' => 0,
  'notifsValidationCount' => 1,
  'notifsMessageCount' => 0,
)  
[2023-10-09 01:21:03] local.EMERGENCY: array (
  'notifsRappelCount' => 0,
  'notifsValidationCount' => 1,
  'notifsMessageCount' => 0,
)  
[2023-10-09 01:21:04] local.EMERGENCY: array (
  'notifsRappelCount' => 0,
  'notifsValidationCount' => 1,
  'notifsMessageCount' => 0,
)  
[2023-10-09 01:21:05] local.EMERGENCY: array (
  'notifsRappelCount' => 0,
  'notifsValidationCount' => 1,
  'notifsMessageCount' => 0,
)  
[2023-10-09 01:21:05] local.EMERGENCY: array (
  'notifsRappelCount' => 0,
  'notifsValidationCount' => 1,
  'notifsMessageCount' => 0,
)  
[2023-10-09 01:21:06] local.EMERGENCY: array (
  'notifsRappelCount' => 0,
  'notifsValidationCount' => 1,
  'notifsMessageCount' => 0,
)  
[2023-10-09 01:21:07] local.EMERGENCY: array (
  'notifsRappelCount' => 0,
  'notifsValidationCount' => 1,
  'notifsMessageCount' => 0,
)  
[2023-10-09 01:21:07] local.EMERGENCY: array (
  'notifsRappelCount' => 0,
  'notifsValidationCount' => 1,
  'notifsMessageCount' => 0,
)  
[2023-10-09 01:21:08] local.EMERGENCY: array (
  'notifsRappelCount' => 0,
  'notifsValidationCount' => 1,
  'notifsMessageCount' => 0,
)  
[2023-10-09 01:21:08] local.EMERGENCY: array (
  'notifsRappelCount' => 0,
  'notifsValidationCount' => 1,
  'notifsMessageCount' => 0,
)  
[2023-10-09 01:21:09] local.EMERGENCY: array (
  'notifsRappelCount' => 0,
  'notifsValidationCount' => 1,
  'notifsMessageCount' => 0,
)  
[2023-10-09 01:21:09] local.EMERGENCY: array (
  'notifsRappelCount' => 0,
  'notifsValidationCount' => 1,
  'notifsMessageCount' => 0,
)  
[2023-10-09 01:21:10] local.EMERGENCY: array (
  'notifsRappelCount' => 0,
  'notifsValidationCount' => 1,
  'notifsMessageCount' => 0,
)  
[2023-10-09 01:21:11] local.EMERGENCY: array (
  'notifsRappelCount' => 0,
  'notifsValidationCount' => 1,
  'notifsMessageCount' => 0,
)  
[2023-10-09 01:21:11] local.EMERGENCY: array (
  'notifsRappelCount' => 0,
  'notifsValidationCount' => 1,
  'notifsMessageCount' => 0,
)  
[2023-10-09 01:21:12] local.EMERGENCY: array (
  'notifsRappelCount' => 0,
  'notifsValidationCount' => 1,
  'notifsMessageCount' => 0,
)  
[2023-10-09 01:21:12] local.EMERGENCY: array (
  'notifsRappelCount' => 0,
  'notifsValidationCount' => 1,
  'notifsMessageCount' => 0,
)  
[2023-10-09 01:21:13] local.EMERGENCY: array (
  'notifsRappelCount' => 0,
  'notifsValidationCount' => 1,
  'notifsMessageCount' => 0,
)  
[2023-10-09 01:21:14] local.EMERGENCY: array (
  'notifsRappelCount' => 0,
  'notifsValidationCount' => 1,
  'notifsMessageCount' => 0,
)  
[2023-10-09 01:21:14] local.EMERGENCY: array (
  'notifsRappelCount' => 0,
  'notifsValidationCount' => 1,
  'notifsMessageCount' => 0,
)  
[2023-10-09 01:21:15] local.EMERGENCY: array (
  'notifsRappelCount' => 0,
  'notifsValidationCount' => 1,
  'notifsMessageCount' => 0,
)  
[2023-10-09 01:21:16] local.EMERGENCY: array (
  'notifsRappelCount' => 0,
  'notifsValidationCount' => 1,
  'notifsMessageCount' => 0,
)  
[2023-10-09 01:21:16] local.EMERGENCY: array (
  'notifsRappelCount' => 0,
  'notifsValidationCount' => 1,
  'notifsMessageCount' => 0,
)  
[2023-10-09 01:21:17] local.EMERGENCY: array (
  'notifsRappelCount' => 0,
  'notifsValidationCount' => 1,
  'notifsMessageCount' => 0,
)  
[2023-10-09 01:21:17] local.EMERGENCY: array (
  'notifsRappelCount' => 0,
  'notifsValidationCount' => 1,
  'notifsMessageCount' => 0,
)  
[2023-10-09 01:21:18] local.EMERGENCY: array (
  'notifsRappelCount' => 0,
  'notifsValidationCount' => 1,
  'notifsMessageCount' => 0,
)  
[2023-10-09 01:21:18] local.EMERGENCY: array (
  'notifsRappelCount' => 0,
  'notifsValidationCount' => 1,
  'notifsMessageCount' => 0,
)  
[2023-10-09 01:21:19] local.EMERGENCY: array (
  'notifsRappelCount' => 0,
  'notifsValidationCount' => 1,
  'notifsMessageCount' => 0,
)  
[2023-10-09 01:21:20] local.EMERGENCY: array (
  'notifsRappelCount' => 0,
  'notifsValidationCount' => 1,
  'notifsMessageCount' => 0,
)  
[2023-10-09 01:21:20] local.EMERGENCY: array (
  'notifsRappelCount' => 0,
  'notifsValidationCount' => 1,
  'notifsMessageCount' => 0,
)  
[2023-10-09 01:21:21] local.EMERGENCY: array (
  'notifsRappelCount' => 0,
  'notifsValidationCount' => 1,
  'notifsMessageCount' => 0,
)  
[2023-10-09 01:21:22] local.EMERGENCY: array (
  'notifsRappelCount' => 0,
  'notifsValidationCount' => 1,
  'notifsMessageCount' => 0,
)  
[2023-10-09 01:21:22] local.EMERGENCY: array (
  'notifsRappelCount' => 0,
  'notifsValidationCount' => 1,
  'notifsMessageCount' => 0,
)  
[2023-10-09 01:21:23] local.EMERGENCY: array (
  'notifsRappelCount' => 0,
  'notifsValidationCount' => 1,
  'notifsMessageCount' => 0,
)  
[2023-10-09 01:21:24] local.EMERGENCY: array (
  'notifsRappelCount' => 0,
  'notifsValidationCount' => 1,
  'notifsMessageCount' => 0,
)  
[2023-10-09 01:21:24] local.EMERGENCY: array (
  'notifsRappelCount' => 0,
  'notifsValidationCount' => 1,
  'notifsMessageCount' => 0,
)  
[2023-10-09 01:21:25] local.EMERGENCY: array (
  'notifsRappelCount' => 0,
  'notifsValidationCount' => 1,
  'notifsMessageCount' => 0,
)  
[2023-10-09 01:21:25] local.EMERGENCY: array (
  'notifsRappelCount' => 0,
  'notifsValidationCount' => 1,
  'notifsMessageCount' => 0,
)  
[2023-10-09 01:21:26] local.EMERGENCY: array (
  'notifsRappelCount' => 0,
  'notifsValidationCount' => 1,
  'notifsMessageCount' => 0,
)  
[2023-10-09 01:21:27] local.EMERGENCY: array (
  'notifsRappelCount' => 0,
  'notifsValidationCount' => 1,
  'notifsMessageCount' => 0,
)  
[2023-10-09 01:21:27] local.EMERGENCY: array (
  'notifsRappelCount' => 0,
  'notifsValidationCount' => 1,
  'notifsMessageCount' => 0,
)  
[2023-10-09 01:21:28] local.EMERGENCY: array (
  'notifsRappelCount' => 0,
  'notifsValidationCount' => 1,
  'notifsMessageCount' => 0,
)  
[2023-10-09 01:21:28] local.EMERGENCY: array (
  'notifsRappelCount' => 0,
  'notifsValidationCount' => 1,
  'notifsMessageCount' => 0,
)  
[2023-10-09 01:21:29] local.EMERGENCY: array (
  'notifsRappelCount' => 0,
  'notifsValidationCount' => 1,
  'notifsMessageCount' => 0,
)  
[2023-10-09 01:21:29] local.EMERGENCY: array (
  'notifsRappelCount' => 0,
  'notifsValidationCount' => 1,
  'notifsMessageCount' => 0,
)  
[2023-10-09 01:21:30] local.EMERGENCY: array (
  'notifsRappelCount' => 0,
  'notifsValidationCount' => 1,
  'notifsMessageCount' => 0,
)  
[2023-10-09 01:21:30] local.EMERGENCY: array (
  'notifsRappelCount' => 0,
  'notifsValidationCount' => 1,
  'notifsMessageCount' => 0,
)  
[2023-10-09 01:21:31] local.EMERGENCY: array (
  'notifsRappelCount' => 0,
  'notifsValidationCount' => 1,
  'notifsMessageCount' => 0,
)  
[2023-10-09 01:21:32] local.EMERGENCY: array (
  'notifsRappelCount' => 0,
  'notifsValidationCount' => 1,
  'notifsMessageCount' => 0,
)  
[2023-10-09 01:21:33] local.EMERGENCY: array (
  'notifsRappelCount' => 0,
  'notifsValidationCount' => 1,
  'notifsMessageCount' => 0,
)  
[2023-10-09 01:21:33] local.EMERGENCY: array (
  'notifsRappelCount' => 0,
  'notifsValidationCount' => 1,
  'notifsMessageCount' => 0,
)  
[2023-10-09 01:21:34] local.EMERGENCY: array (
  'notifsRappelCount' => 0,
  'notifsValidationCount' => 1,
  'notifsMessageCount' => 0,
)  
[2023-10-09 01:21:34] local.EMERGENCY: array (
  'notifsRappelCount' => 0,
  'notifsValidationCount' => 1,
  'notifsMessageCount' => 0,
)  
[2023-10-09 01:21:35] local.EMERGENCY: array (
  'notifsRappelCount' => 0,
  'notifsValidationCount' => 1,
  'notifsMessageCount' => 0,
)  
[2023-10-09 01:21:35] local.EMERGENCY: array (
  'notifsRappelCount' => 0,
  'notifsValidationCount' => 1,
  'notifsMessageCount' => 0,
)  
[2023-10-09 01:21:36] local.EMERGENCY: array (
  'notifsRappelCount' => 0,
  'notifsValidationCount' => 1,
  'notifsMessageCount' => 0,
)  
[2023-10-09 01:21:36] local.EMERGENCY: array (
  'notifsRappelCount' => 0,
  'notifsValidationCount' => 1,
  'notifsMessageCount' => 0,
)  
[2023-10-09 01:21:37] local.EMERGENCY: array (
  'notifsRappelCount' => 0,
  'notifsValidationCount' => 1,
  'notifsMessageCount' => 0,
)  
[2023-10-09 01:21:38] local.EMERGENCY: array (
  'notifsRappelCount' => 0,
  'notifsValidationCount' => 1,
  'notifsMessageCount' => 0,
)  
[2023-10-09 01:21:39] local.EMERGENCY: array (
  'notifsRappelCount' => 0,
  'notifsValidationCount' => 1,
  'notifsMessageCount' => 0,
)  
[2023-10-09 01:21:39] local.EMERGENCY: array (
  'notifsRappelCount' => 0,
  'notifsValidationCount' => 1,
  'notifsMessageCount' => 0,
)  
[2023-10-09 01:21:40] local.EMERGENCY: array (
  'notifsRappelCount' => 0,
  'notifsValidationCount' => 1,
  'notifsMessageCount' => 0,
)  
[2023-10-09 01:21:40] local.EMERGENCY: array (
  'notifsRappelCount' => 0,
  'notifsValidationCount' => 1,
  'notifsMessageCount' => 0,
)  
[2023-10-09 01:21:41] local.EMERGENCY: array (
  'notifsRappelCount' => 0,
  'notifsValidationCount' => 1,
  'notifsMessageCount' => 0,
)  
[2023-10-09 01:21:42] local.EMERGENCY: array (
  'notifsRappelCount' => 0,
  'notifsValidationCount' => 1,
  'notifsMessageCount' => 0,
)  
[2023-10-09 01:21:42] local.EMERGENCY: array (
  'notifsRappelCount' => 0,
  'notifsValidationCount' => 1,
  'notifsMessageCount' => 0,
)  
[2023-10-09 01:21:42] local.EMERGENCY: array (
  'notifsRappelCount' => 0,
  'notifsValidationCount' => 1,
  'notifsMessageCount' => 0,
)  
[2023-10-09 01:21:43] local.EMERGENCY: array (
  'notifsRappelCount' => 0,
  'notifsValidationCount' => 1,
  'notifsMessageCount' => 0,
)  
[2023-10-09 01:21:44] local.EMERGENCY: array (
  'notifsRappelCount' => 0,
  'notifsValidationCount' => 1,
  'notifsMessageCount' => 0,
)  
[2023-10-09 01:21:44] local.EMERGENCY: array (
  'notifsRappelCount' => 0,
  'notifsValidationCount' => 1,
  'notifsMessageCount' => 0,
)  
[2023-10-09 01:21:45] local.EMERGENCY: array (
  'notifsRappelCount' => 0,
  'notifsValidationCount' => 1,
  'notifsMessageCount' => 0,
)  
[2023-10-09 01:21:46] local.EMERGENCY: array (
  'notifsRappelCount' => 0,
  'notifsValidationCount' => 1,
  'notifsMessageCount' => 0,
)  
[2023-10-09 01:21:46] local.EMERGENCY: array (
  'notifsRappelCount' => 0,
  'notifsValidationCount' => 1,
  'notifsMessageCount' => 0,
)  
[2023-10-09 01:21:47] local.EMERGENCY: array (
  'notifsRappelCount' => 0,
  'notifsValidationCount' => 1,
  'notifsMessageCount' => 0,
)  
[2023-10-09 01:21:47] local.EMERGENCY: array (
  'notifsRappelCount' => 0,
  'notifsValidationCount' => 1,
  'notifsMessageCount' => 0,
)  
[2023-10-09 01:21:48] local.EMERGENCY: array (
  'notifsRappelCount' => 0,
  'notifsValidationCount' => 1,
  'notifsMessageCount' => 0,
)  
[2023-10-09 01:21:48] local.EMERGENCY: array (
  'notifsRappelCount' => 0,
  'notifsValidationCount' => 1,
  'notifsMessageCount' => 0,
)  
[2023-10-09 01:21:49] local.EMERGENCY: array (
  'notifsRappelCount' => 0,
  'notifsValidationCount' => 1,
  'notifsMessageCount' => 0,
)  
[2023-10-09 01:21:50] local.EMERGENCY: array (
  'notifsRappelCount' => 0,
  'notifsValidationCount' => 1,
  'notifsMessageCount' => 0,
)  
[2023-10-09 01:21:50] local.EMERGENCY: array (
  'notifsRappelCount' => 0,
  'notifsValidationCount' => 1,
  'notifsMessageCount' => 0,
)  
[2023-10-09 01:21:51] local.EMERGENCY: array (
  'notifsRappelCount' => 0,
  'notifsValidationCount' => 1,
  'notifsMessageCount' => 0,
)  
[2023-10-09 01:21:52] local.EMERGENCY: array (
  'notifsRappelCount' => 0,
  'notifsValidationCount' => 1,
  'notifsMessageCount' => 0,
)  
[2023-10-09 01:21:52] local.EMERGENCY: array (
  'notifsRappelCount' => 0,
  'notifsValidationCount' => 1,
  'notifsMessageCount' => 0,
)  
[2023-10-09 01:21:53] local.EMERGENCY: array (
  'notifsRappelCount' => 0,
  'notifsValidationCount' => 1,
  'notifsMessageCount' => 0,
)  
[2023-10-09 01:21:53] local.EMERGENCY: array (
  'notifsRappelCount' => 0,
  'notifsValidationCount' => 1,
  'notifsMessageCount' => 0,
)  
[2023-10-09 01:21:54] local.EMERGENCY: array (
  'notifsRappelCount' => 0,
  'notifsValidationCount' => 1,
  'notifsMessageCount' => 0,
)  
[2023-10-09 01:21:54] local.EMERGENCY: array (
  'notifsRappelCount' => 0,
  'notifsValidationCount' => 1,
  'notifsMessageCount' => 0,
)  
[2023-10-09 01:21:55] local.EMERGENCY: array (
  'notifsRappelCount' => 0,
  'notifsValidationCount' => 1,
  'notifsMessageCount' => 0,
)  
[2023-10-09 01:21:56] local.EMERGENCY: array (
  'notifsRappelCount' => 0,
  'notifsValidationCount' => 1,
  'notifsMessageCount' => 0,
)  
[2023-10-09 01:21:57] local.EMERGENCY: array (
  'notifsRappelCount' => 0,
  'notifsValidationCount' => 1,
  'notifsMessageCount' => 0,
)  
[2023-10-09 01:21:57] local.EMERGENCY: array (
  'notifsRappelCount' => 0,
  'notifsValidationCount' => 1,
  'notifsMessageCount' => 0,
)  
[2023-10-09 01:21:58] local.EMERGENCY: array (
  'notifsRappelCount' => 0,
  'notifsValidationCount' => 1,
  'notifsMessageCount' => 0,
)  
[2023-10-09 01:21:58] local.EMERGENCY: array (
  'notifsRappelCount' => 0,
  'notifsValidationCount' => 1,
  'notifsMessageCount' => 0,
)  
[2023-10-09 01:21:59] local.EMERGENCY: array (
  'notifsRappelCount' => 0,
  'notifsValidationCount' => 1,
  'notifsMessageCount' => 0,
)  
[2023-10-09 01:21:59] local.EMERGENCY: array (
  'notifsRappelCount' => 0,
  'notifsValidationCount' => 1,
  'notifsMessageCount' => 0,
)  
[2023-10-09 01:22:00] local.EMERGENCY: array (
  'notifsRappelCount' => 0,
  'notifsValidationCount' => 1,
  'notifsMessageCount' => 0,
)  
[2023-10-09 01:22:00] local.EMERGENCY: array (
  'notifsRappelCount' => 0,
  'notifsValidationCount' => 1,
  'notifsMessageCount' => 0,
)  
[2023-10-09 01:22:01] local.EMERGENCY: array (
  'notifsRappelCount' => 0,
  'notifsValidationCount' => 1,
  'notifsMessageCount' => 0,
)  
[2023-10-09 01:22:02] local.EMERGENCY: array (
  'notifsRappelCount' => 0,
  'notifsValidationCount' => 1,
  'notifsMessageCount' => 0,
)  
[2023-10-09 01:22:02] local.EMERGENCY: array (
  'notifsRappelCount' => 0,
  'notifsValidationCount' => 1,
  'notifsMessageCount' => 0,
)  
[2023-10-09 01:22:03] local.EMERGENCY: array (
  'notifsRappelCount' => 0,
  'notifsValidationCount' => 1,
  'notifsMessageCount' => 0,
)  
[2023-10-09 01:22:04] local.EMERGENCY: array (
  'notifsRappelCount' => 0,
  'notifsValidationCount' => 1,
  'notifsMessageCount' => 0,
)  
[2023-10-09 01:22:04] local.EMERGENCY: array (
  'notifsRappelCount' => 0,
  'notifsValidationCount' => 1,
  'notifsMessageCount' => 0,
)  
[2023-10-09 01:22:05] local.EMERGENCY: array (
  'notifsRappelCount' => 0,
  'notifsValidationCount' => 1,
  'notifsMessageCount' => 0,
)  
[2023-10-09 01:22:05] local.EMERGENCY: array (
  'notifsRappelCount' => 0,
  'notifsValidationCount' => 1,
  'notifsMessageCount' => 0,
)  
[2023-10-09 01:22:06] local.EMERGENCY: array (
  'notifsRappelCount' => 0,
  'notifsValidationCount' => 1,
  'notifsMessageCount' => 0,
)  
[2023-10-09 01:22:06] local.EMERGENCY: array (
  'notifsRappelCount' => 0,
  'notifsValidationCount' => 1,
  'notifsMessageCount' => 0,
)  
[2023-10-09 01:22:07] local.EMERGENCY: array (
  'notifsRappelCount' => 0,
  'notifsValidationCount' => 1,
  'notifsMessageCount' => 0,
)  
[2023-10-09 01:22:08] local.EMERGENCY: array (
  'notifsRappelCount' => 0,
  'notifsValidationCount' => 1,
  'notifsMessageCount' => 0,
)  
[2023-10-09 01:22:08] local.EMERGENCY: array (
  'notifsRappelCount' => 0,
  'notifsValidationCount' => 1,
  'notifsMessageCount' => 0,
)  
[2023-10-09 01:22:09] local.EMERGENCY: array (
  'notifsRappelCount' => 0,
  'notifsValidationCount' => 1,
  'notifsMessageCount' => 0,
)  
[2023-10-09 01:22:09] local.EMERGENCY: array (
  'notifsRappelCount' => 0,
  'notifsValidationCount' => 1,
  'notifsMessageCount' => 0,
)  
[2023-10-09 01:22:10] local.EMERGENCY: array (
  'notifsRappelCount' => 0,
  'notifsValidationCount' => 1,
  'notifsMessageCount' => 0,
)  
[2023-10-09 01:22:11] local.EMERGENCY: array (
  'notifsRappelCount' => 0,
  'notifsValidationCount' => 1,
  'notifsMessageCount' => 0,
)  
[2023-10-09 01:22:12] local.EMERGENCY: array (
  'notifsRappelCount' => 0,
  'notifsValidationCount' => 1,
  'notifsMessageCount' => 0,
)  
[2023-10-09 01:22:12] local.EMERGENCY: array (
  'notifsRappelCount' => 0,
  'notifsValidationCount' => 1,
  'notifsMessageCount' => 0,
)  
[2023-10-09 01:22:13] local.EMERGENCY: array (
  'notifsRappelCount' => 0,
  'notifsValidationCount' => 1,
  'notifsMessageCount' => 0,
)  
[2023-10-09 01:22:13] local.EMERGENCY: array (
  'notifsRappelCount' => 0,
  'notifsValidationCount' => 1,
  'notifsMessageCount' => 0,
)  
[2023-10-09 01:22:14] local.EMERGENCY: array (
  'notifsRappelCount' => 0,
  'notifsValidationCount' => 1,
  'notifsMessageCount' => 0,
)  
[2023-10-09 01:22:17] local.EMERGENCY: array (
  'notifsRappelCount' => 0,
  'notifsValidationCount' => 1,
  'notifsMessageCount' => 0,
)  
[2023-10-09 01:22:18] local.EMERGENCY: array (
  'notifsRappelCount' => 0,
  'notifsValidationCount' => 1,
  'notifsMessageCount' => 0,
)  
[2023-10-09 01:22:18] local.EMERGENCY: array (
  'notifsRappelCount' => 0,
  'notifsValidationCount' => 1,
  'notifsMessageCount' => 0,
)  
[2023-10-09 01:22:19] local.EMERGENCY: array (
  'notifsRappelCount' => 0,
  'notifsValidationCount' => 1,
  'notifsMessageCount' => 0,
)  
[2023-10-09 01:22:19] local.EMERGENCY: array (
  'notifsRappelCount' => 0,
  'notifsValidationCount' => 1,
  'notifsMessageCount' => 0,
)  
[2023-10-09 01:22:20] local.EMERGENCY: array (
  'notifsRappelCount' => 0,
  'notifsValidationCount' => 1,
  'notifsMessageCount' => 0,
)  
[2023-10-09 01:22:20] local.CRITICAL: Notif Id : 0  
[2023-10-09 01:22:20] local.INFO: []  
[2023-10-09 01:22:21] local.EMERGENCY: array (
  'notifsRappelCount' => 0,
  'notifsValidationCount' => 1,
  'notifsMessageCount' => 0,
)  
[2023-10-09 01:22:21] local.EMERGENCY: array (
  'notifsRappelCount' => 0,
  'notifsValidationCount' => 1,
  'notifsMessageCount' => 0,
)  
[2023-10-09 01:22:22] local.EMERGENCY: array (
  'notifsRappelCount' => 0,
  'notifsValidationCount' => 1,
  'notifsMessageCount' => 0,
)  
[2023-10-09 01:22:22] local.EMERGENCY: array (
  'notifsRappelCount' => 0,
  'notifsValidationCount' => 1,
  'notifsMessageCount' => 0,
)  
[2023-10-09 01:22:23] local.EMERGENCY: array (
  'notifsRappelCount' => 0,
  'notifsValidationCount' => 1,
  'notifsMessageCount' => 0,
)  
[2023-10-09 01:22:23] local.EMERGENCY: array (
  'notifsRappelCount' => 0,
  'notifsValidationCount' => 1,
  'notifsMessageCount' => 0,
)  
[2023-10-09 01:22:24] local.EMERGENCY: array (
  'notifsRappelCount' => 0,
  'notifsValidationCount' => 1,
  'notifsMessageCount' => 0,
)  
[2023-10-09 01:22:25] local.EMERGENCY: array (
  'notifsRappelCount' => 0,
  'notifsValidationCount' => 1,
  'notifsMessageCount' => 0,
)  
[2023-10-09 01:22:25] local.EMERGENCY: array (
  'notifsRappelCount' => 0,
  'notifsValidationCount' => 1,
  'notifsMessageCount' => 0,
)  
[2023-10-09 01:22:26] local.EMERGENCY: array (
  'notifsRappelCount' => 0,
  'notifsValidationCount' => 1,
  'notifsMessageCount' => 0,
)  
[2023-10-09 01:22:26] local.EMERGENCY: array (
  'notifsRappelCount' => 0,
  'notifsValidationCount' => 1,
  'notifsMessageCount' => 0,
)  
[2023-10-09 01:22:27] local.EMERGENCY: array (
  'notifsRappelCount' => 0,
  'notifsValidationCount' => 1,
  'notifsMessageCount' => 0,
)  
[2023-10-09 01:22:27] local.EMERGENCY: array (
  'notifsRappelCount' => 0,
  'notifsValidationCount' => 1,
  'notifsMessageCount' => 0,
)  
[2023-10-09 01:22:28] local.EMERGENCY: array (
  'notifsRappelCount' => 0,
  'notifsValidationCount' => 1,
  'notifsMessageCount' => 0,
)  
[2023-10-09 01:22:29] local.EMERGENCY: array (
  'notifsRappelCount' => 0,
  'notifsValidationCount' => 1,
  'notifsMessageCount' => 0,
)  
[2023-10-09 01:22:29] local.EMERGENCY: array (
  'notifsRappelCount' => 0,
  'notifsValidationCount' => 1,
  'notifsMessageCount' => 0,
)  
[2023-10-09 01:22:30] local.EMERGENCY: array (
  'notifsRappelCount' => 0,
  'notifsValidationCount' => 1,
  'notifsMessageCount' => 0,
)  
[2023-10-09 01:22:30] local.EMERGENCY: array (
  'notifsRappelCount' => 0,
  'notifsValidationCount' => 1,
  'notifsMessageCount' => 0,
)  
[2023-10-09 01:22:31] local.EMERGENCY: array (
  'notifsRappelCount' => 0,
  'notifsValidationCount' => 1,
  'notifsMessageCount' => 0,
)  
[2023-10-09 01:22:32] local.EMERGENCY: array (
  'notifsRappelCount' => 0,
  'notifsValidationCount' => 1,
  'notifsMessageCount' => 0,
)  
[2023-10-09 01:22:32] local.EMERGENCY: array (
  'notifsRappelCount' => 0,
  'notifsValidationCount' => 1,
  'notifsMessageCount' => 0,
)  
[2023-10-09 01:22:33] local.EMERGENCY: array (
  'notifsRappelCount' => 0,
  'notifsValidationCount' => 1,
  'notifsMessageCount' => 0,
)  
[2023-10-09 01:22:33] local.EMERGENCY: array (
  'notifsRappelCount' => 0,
  'notifsValidationCount' => 1,
  'notifsMessageCount' => 0,
)  
[2023-10-09 01:22:34] local.EMERGENCY: array (
  'notifsRappelCount' => 0,
  'notifsValidationCount' => 1,
  'notifsMessageCount' => 0,
)  
[2023-10-09 01:22:35] local.EMERGENCY: array (
  'notifsRappelCount' => 0,
  'notifsValidationCount' => 1,
  'notifsMessageCount' => 0,
)  
[2023-10-09 01:22:35] local.EMERGENCY: array (
  'notifsRappelCount' => 0,
  'notifsValidationCount' => 1,
  'notifsMessageCount' => 0,
)  
[2023-10-09 01:22:36] local.EMERGENCY: array (
  'notifsRappelCount' => 0,
  'notifsValidationCount' => 1,
  'notifsMessageCount' => 0,
)  
[2023-10-09 01:22:36] local.EMERGENCY: array (
  'notifsRappelCount' => 0,
  'notifsValidationCount' => 1,
  'notifsMessageCount' => 0,
)  
[2023-10-09 01:22:37] local.EMERGENCY: array (
  'notifsRappelCount' => 0,
  'notifsValidationCount' => 1,
  'notifsMessageCount' => 0,
)  
[2023-10-09 01:22:37] local.EMERGENCY: array (
  'notifsRappelCount' => 0,
  'notifsValidationCount' => 1,
  'notifsMessageCount' => 0,
)  
[2023-10-09 01:22:38] local.EMERGENCY: array (
  'notifsRappelCount' => 0,
  'notifsValidationCount' => 1,
  'notifsMessageCount' => 0,
)  
[2023-10-09 01:22:39] local.EMERGENCY: array (
  'notifsRappelCount' => 0,
  'notifsValidationCount' => 1,
  'notifsMessageCount' => 0,
)  
[2023-10-09 01:22:39] local.EMERGENCY: array (
  'notifsRappelCount' => 0,
  'notifsValidationCount' => 1,
  'notifsMessageCount' => 0,
)  
[2023-10-09 01:22:40] local.EMERGENCY: array (
  'notifsRappelCount' => 0,
  'notifsValidationCount' => 1,
  'notifsMessageCount' => 0,
)  
[2023-10-09 01:22:40] local.EMERGENCY: array (
  'notifsRappelCount' => 0,
  'notifsValidationCount' => 1,
  'notifsMessageCount' => 0,
)  
[2023-10-09 01:22:41] local.EMERGENCY: array (
  'notifsRappelCount' => 0,
  'notifsValidationCount' => 1,
  'notifsMessageCount' => 0,
)  
[2023-10-09 01:22:42] local.EMERGENCY: array (
  'notifsRappelCount' => 0,
  'notifsValidationCount' => 1,
  'notifsMessageCount' => 0,
)  
[2023-10-09 01:22:42] local.EMERGENCY: array (
  'notifsRappelCount' => 0,
  'notifsValidationCount' => 1,
  'notifsMessageCount' => 0,
)  
[2023-10-09 01:22:43] local.EMERGENCY: array (
  'notifsRappelCount' => 0,
  'notifsValidationCount' => 1,
  'notifsMessageCount' => 0,
)  
[2023-10-09 01:22:43] local.EMERGENCY: array (
  'notifsRappelCount' => 0,
  'notifsValidationCount' => 1,
  'notifsMessageCount' => 0,
)  
[2023-10-09 01:22:44] local.EMERGENCY: array (
  'notifsRappelCount' => 0,
  'notifsValidationCount' => 1,
  'notifsMessageCount' => 0,
)  
[2023-10-09 01:22:44] local.EMERGENCY: array (
  'notifsRappelCount' => 0,
  'notifsValidationCount' => 1,
  'notifsMessageCount' => 0,
)  
[2023-10-09 01:22:45] local.EMERGENCY: array (
  'notifsRappelCount' => 0,
  'notifsValidationCount' => 1,
  'notifsMessageCount' => 0,
)  
[2023-10-09 01:22:47] local.EMERGENCY: array (
  'notifsRappelCount' => 0,
  'notifsValidationCount' => 1,
  'notifsMessageCount' => 0,
)  
[2023-10-09 01:22:47] local.EMERGENCY: array (
  'notifsRappelCount' => 0,
  'notifsValidationCount' => 1,
  'notifsMessageCount' => 0,
)  
[2023-10-09 01:22:48] local.EMERGENCY: array (
  'notifsRappelCount' => 0,
  'notifsValidationCount' => 1,
  'notifsMessageCount' => 0,
)  
[2023-10-09 01:22:48] local.EMERGENCY: array (
  'notifsRappelCount' => 0,
  'notifsValidationCount' => 1,
  'notifsMessageCount' => 0,
)  
[2023-10-09 01:22:48] local.EMERGENCY: array (
  'notifsRappelCount' => 0,
  'notifsValidationCount' => 1,
  'notifsMessageCount' => 0,
)  
[2023-10-09 01:22:49] local.EMERGENCY: array (
  'notifsRappelCount' => 0,
  'notifsValidationCount' => 1,
  'notifsMessageCount' => 0,
)  
[2023-10-09 01:22:50] local.EMERGENCY: array (
  'notifsRappelCount' => 0,
  'notifsValidationCount' => 1,
  'notifsMessageCount' => 0,
)  
[2023-10-09 01:22:50] local.EMERGENCY: array (
  'notifsRappelCount' => 0,
  'notifsValidationCount' => 1,
  'notifsMessageCount' => 0,
)  
[2023-10-09 01:22:51] local.EMERGENCY: array (
  'notifsRappelCount' => 0,
  'notifsValidationCount' => 1,
  'notifsMessageCount' => 0,
)  
[2023-10-09 01:22:52] local.EMERGENCY: array (
  'notifsRappelCount' => 0,
  'notifsValidationCount' => 1,
  'notifsMessageCount' => 0,
)  
[2023-10-09 01:22:52] local.EMERGENCY: array (
  'notifsRappelCount' => 0,
  'notifsValidationCount' => 1,
  'notifsMessageCount' => 0,
)  
[2023-10-09 01:22:54] local.EMERGENCY: array (
  'notifsRappelCount' => 0,
  'notifsValidationCount' => 1,
  'notifsMessageCount' => 0,
)  
[2023-10-09 01:22:54] local.EMERGENCY: array (
  'notifsRappelCount' => 0,
  'notifsValidationCount' => 1,
  'notifsMessageCount' => 0,
)  
[2023-10-09 01:22:56] local.EMERGENCY: array (
  'notifsRappelCount' => 0,
  'notifsValidationCount' => 1,
  'notifsMessageCount' => 0,
)  
[2023-10-09 01:22:57] local.EMERGENCY: array (
  'notifsRappelCount' => 0,
  'notifsValidationCount' => 1,
  'notifsMessageCount' => 0,
)  
[2023-10-09 01:22:57] local.EMERGENCY: array (
  'notifsRappelCount' => 0,
  'notifsValidationCount' => 1,
  'notifsMessageCount' => 0,
)  
[2023-10-09 01:22:58] local.EMERGENCY: array (
  'notifsRappelCount' => 0,
  'notifsValidationCount' => 1,
  'notifsMessageCount' => 0,
)  
[2023-10-09 01:22:58] local.EMERGENCY: array (
  'notifsRappelCount' => 0,
  'notifsValidationCount' => 1,
  'notifsMessageCount' => 0,
)  
[2023-10-09 01:22:58] local.EMERGENCY: array (
  'notifsRappelCount' => 0,
  'notifsValidationCount' => 1,
  'notifsMessageCount' => 0,
)  
[2023-10-09 01:22:59] local.EMERGENCY: array (
  'notifsRappelCount' => 0,
  'notifsValidationCount' => 1,
  'notifsMessageCount' => 0,
)  
[2023-10-09 01:23:00] local.EMERGENCY: array (
  'notifsRappelCount' => 0,
  'notifsValidationCount' => 1,
  'notifsMessageCount' => 0,
)  
[2023-10-09 01:23:02] local.EMERGENCY: array (
  'notifsRappelCount' => 0,
  'notifsValidationCount' => 1,
  'notifsMessageCount' => 0,
)  
[2023-10-09 01:23:03] local.CRITICAL: Notif Id : 0  
[2023-10-09 01:23:03] local.INFO: []  
[2023-10-09 01:24:11] local.EMERGENCY: array (
  'notifsRappelCount' => 0,
  'notifsValidationCount' => 1,
  'notifsMessageCount' => 0,
)  
[2023-10-09 01:26:25] local.EMERGENCY: array (
  'notifsRappelCount' => 0,
  'notifsValidationCount' => 0,
  'notifsMessageCount' => 0,
)  
[2023-10-09 01:26:25] local.ALERT: DossierAchats Request Params from view  
[2023-10-09 01:26:25] local.INFO: array (
  'annee_gestion' => '2023',
  'situation_dossier' => 'all',
  'type_demande' => 'all',
  'type_dossier' => 'all',
)  
[2023-10-09 01:26:25] local.INFO: Result of query DossierAchats : [{"id":20,"annee_gestion":"2023","code_projet":"PA00001\/2023","code_dossier":"CA0001\/2023","situation_dossier":1,"objet_dossier":"\u0627\u0642\u062a\u0646\u0627\u0621 \u062d\u0648\u0627\u0633\u064a\u0628","organisme_financier":"dgsdgsdgsgs","source_finance":1,"nature_finance":"FIXE","type_dossier":"CONSULTATION","type_demande":"1","type_commission":null,"date_cloture":null,"dossiers_debut_travaux":null,"created_at":"2023-09-22T11:18:47.000000Z","updated_at":"2023-09-22T11:18:47.000000Z","deleted_at":null,"created_by":30011,"updated_by":30011,"soumissionaire_id":null}]  
[2023-10-09 01:27:09] local.EMERGENCY: array (
  'notifsRappelCount' => 0,
  'notifsValidationCount' => 0,
  'notifsMessageCount' => 0,
)  
[2023-10-09 01:27:13] local.EMERGENCY: array (
  'notifsRappelCount' => 0,
  'notifsValidationCount' => 0,
  'notifsMessageCount' => 0,
)  
[2023-10-09 01:27:35] local.EMERGENCY: array (
  'notifsRappelCount' => 0,
  'notifsValidationCount' => 0,
  'notifsMessageCount' => 0,
)  
[2023-10-09 01:27:45] local.EMERGENCY: array (
  'notifsRappelCount' => 0,
  'notifsValidationCount' => 0,
  'notifsMessageCount' => 0,
)  
[2023-10-09 01:28:09] local.EMERGENCY: array (
  'notifsRappelCount' => 0,
  'notifsValidationCount' => 0,
  'notifsMessageCount' => 0,
)  
[2023-10-09 01:28:27] local.EMERGENCY: array (
  'notifsRappelCount' => 0,
  'notifsValidationCount' => 0,
  'notifsMessageCount' => 0,
)  
[2023-10-09 01:30:40] local.EMERGENCY: array (
  'notifsRappelCount' => 0,
  'notifsValidationCount' => 0,
  'notifsMessageCount' => 0,
)  
[2023-10-09 01:30:47] local.ERROR: Undefined offset: 1 {"userId":30011,"exception":"[object] (ErrorException(code: 0): Undefined offset: 1 at D:\\MesProjetsLaravel\\elite-marche\\elite-marche\\vendor\\laravel\\framework\\src\\Illuminate\\Validation\\Concerns\\ValidatesAttributes.php:980)
[stacktrace]
#0 D:\\MesProjetsLaravel\\elite-marche\\elite-marche\\vendor\\laravel\\framework\\src\\Illuminate\\Validation\\Concerns\\ValidatesAttributes.php(980): Illuminate\\Foundation\\Bootstrap\\HandleExceptions->handleError()
#1 D:\\MesProjetsLaravel\\elite-marche\\elite-marche\\vendor\\laravel\\framework\\src\\Illuminate\\Validation\\Concerns\\ValidatesAttributes.php(906): Illuminate\\Validation\\Validator->getExtraConditions()
#2 D:\\MesProjetsLaravel\\elite-marche\\elite-marche\\vendor\\laravel\\framework\\src\\Illuminate\\Validation\\Concerns\\ValidatesAttributes.php(849): Illuminate\\Validation\\Validator->getUniqueExtra()
#3 D:\\MesProjetsLaravel\\elite-marche\\elite-marche\\vendor\\laravel\\framework\\src\\Illuminate\\Validation\\Validator.php(610): Illuminate\\Validation\\Validator->validateUnique()
#4 D:\\MesProjetsLaravel\\elite-marche\\elite-marche\\vendor\\laravel\\framework\\src\\Illuminate\\Validation\\Validator.php(416): Illuminate\\Validation\\Validator->validateAttribute()
#5 D:\\MesProjetsLaravel\\elite-marche\\elite-marche\\vendor\\laravel\\framework\\src\\Illuminate\\Validation\\Validator.php(447): Illuminate\\Validation\\Validator->passes()
#6 D:\\MesProjetsLaravel\\elite-marche\\elite-marche\\vendor\\laravel\\framework\\src\\Illuminate\\Validation\\Validator.php(489): Illuminate\\Validation\\Validator->fails()
#7 D:\\MesProjetsLaravel\\elite-marche\\elite-marche\\vendor\\laravel\\framework\\src\\Illuminate\\Foundation\\Validation\\ValidatesRequests.php(47): Illuminate\\Validation\\Validator->validate()
#8 D:\\MesProjetsLaravel\\elite-marche\\elite-marche\\app\\Http\\Controllers\\UserController.php(126): App\\Http\\Controllers\\Controller->validate()
#9 D:\\MesProjetsLaravel\\elite-marche\\elite-marche\\vendor\\laravel\\framework\\src\\Illuminate\\Routing\\Controller.php(54): App\\Http\\Controllers\\UserController->update()
#10 D:\\MesProjetsLaravel\\elite-marche\\elite-marche\\vendor\\laravel\\framework\\src\\Illuminate\\Routing\\ControllerDispatcher.php(45): Illuminate\\Routing\\Controller->callAction()
#11 D:\\MesProjetsLaravel\\elite-marche\\elite-marche\\vendor\\laravel\\framework\\src\\Illuminate\\Routing\\Route.php(262): Illuminate\\Routing\\ControllerDispatcher->dispatch()
#12 D:\\MesProjetsLaravel\\elite-marche\\elite-marche\\vendor\\laravel\\framework\\src\\Illuminate\\Routing\\Route.php(205): Illuminate\\Routing\\Route->runController()
#13 D:\\MesProjetsLaravel\\elite-marche\\elite-marche\\vendor\\laravel\\framework\\src\\Illuminate\\Routing\\Router.php(721): Illuminate\\Routing\\Route->run()
#14 D:\\MesProjetsLaravel\\elite-marche\\elite-marche\\vendor\\laravel\\framework\\src\\Illuminate\\Pipeline\\Pipeline.php(128): Illuminate\\Routing\\Router->Illuminate\\Routing\\{closure}()
#15 D:\\MesProjetsLaravel\\elite-marche\\elite-marche\\app\\Http\\Middleware\\SecureHeaders.php(20): Illuminate\\Pipeline\\Pipeline->Illuminate\\Pipeline\\{closure}()
#16 D:\\MesProjetsLaravel\\elite-marche\\elite-marche\\vendor\\laravel\\framework\\src\\Illuminate\\Pipeline\\Pipeline.php(167): App\\Http\\Middleware\\SecureHeaders->handle()
#17 D:\\MesProjetsLaravel\\elite-marche\\elite-marche\\vendor\\laravel\\framework\\src\\Illuminate\\Routing\\Middleware\\SubstituteBindings.php(50): Illuminate\\Pipeline\\Pipeline->Illuminate\\Pipeline\\{closure}()
#18 D:\\MesProjetsLaravel\\elite-marche\\elite-marche\\vendor\\laravel\\framework\\src\\Illuminate\\Pipeline\\Pipeline.php(167): Illuminate\\Routing\\Middleware\\SubstituteBindings->handle()
#19 D:\\MesProjetsLaravel\\elite-marche\\elite-marche\\vendor\\laravel\\framework\\src\\Illuminate\\Auth\\Middleware\\Authenticate.php(44): Illuminate\\Pipeline\\Pipeline->Illuminate\\Pipeline\\{closure}()
#20 D:\\MesProjetsLaravel\\elite-marche\\elite-marche\\vendor\\laravel\\framework\\src\\Illuminate\\Pipeline\\Pipeline.php(167): Illuminate\\Auth\\Middleware\\Authenticate->handle()
#21 D:\\MesProjetsLaravel\\elite-marche\\elite-marche\\vendor\\laravel\\framework\\src\\Illuminate\\Foundation\\Http\\Middleware\\VerifyCsrfToken.php(78): Illuminate\\Pipeline\\Pipeline->Illuminate\\Pipeline\\{closure}()
#22 D:\\MesProjetsLaravel\\elite-marche\\elite-marche\\vendor\\laravel\\framework\\src\\Illuminate\\Pipeline\\Pipeline.php(167): Illuminate\\Foundation\\Http\\Middleware\\VerifyCsrfToken->handle()
#23 D:\\MesProjetsLaravel\\elite-marche\\elite-marche\\vendor\\laravel\\framework\\src\\Illuminate\\View\\Middleware\\ShareErrorsFromSession.php(49): Illuminate\\Pipeline\\Pipeline->Illuminate\\Pipeline\\{closure}()
#24 D:\\MesProjetsLaravel\\elite-marche\\elite-marche\\vendor\\laravel\\framework\\src\\Illuminate\\Pipeline\\Pipeline.php(167): Illuminate\\View\\Middleware\\ShareErrorsFromSession->handle()
#25 D:\\MesProjetsLaravel\\elite-marche\\elite-marche\\vendor\\laravel\\framework\\src\\Illuminate\\Session\\Middleware\\StartSession.php(121): Illuminate\\Pipeline\\Pipeline->Illuminate\\Pipeline\\{closure}()
#26 D:\\MesProjetsLaravel\\elite-marche\\elite-marche\\vendor\\laravel\\framework\\src\\Illuminate\\Session\\Middleware\\StartSession.php(64): Illuminate\\Session\\Middleware\\StartSession->handleStatefulRequest()
#27 D:\\MesProjetsLaravel\\elite-marche\\elite-marche\\vendor\\laravel\\framework\\src\\Illuminate\\Pipeline\\Pipeline.php(167): Illuminate\\Session\\Middleware\\StartSession->handle()
#28 D:\\MesProjetsLaravel\\elite-marche\\elite-marche\\vendor\\laravel\\framework\\src\\Illuminate\\Cookie\\Middleware\\AddQueuedCookiesToResponse.php(37): Illuminate\\Pipeline\\Pipeline->Illuminate\\Pipeline\\{closure}()
#29 D:\\MesProjetsLaravel\\elite-marche\\elite-marche\\vendor\\laravel\\framework\\src\\Illuminate\\Pipeline\\Pipeline.php(167): Illuminate\\Cookie\\Middleware\\AddQueuedCookiesToResponse->handle()
#30 D:\\MesProjetsLaravel\\elite-marche\\elite-marche\\vendor\\laravel\\framework\\src\\Illuminate\\Cookie\\Middleware\\EncryptCookies.php(67): Illuminate\\Pipeline\\Pipeline->Illuminate\\Pipeline\\{closure}()
#31 D:\\MesProjetsLaravel\\elite-marche\\elite-marche\\vendor\\laravel\\framework\\src\\Illuminate\\Pipeline\\Pipeline.php(167): Illuminate\\Cookie\\Middleware\\EncryptCookies->handle()
#32 D:\\MesProjetsLaravel\\elite-marche\\elite-marche\\vendor\\laravel\\framework\\src\\Illuminate\\Pipeline\\Pipeline.php(103): Illuminate\\Pipeline\\Pipeline->Illuminate\\Pipeline\\{closure}()
#33 D:\\MesProjetsLaravel\\elite-marche\\elite-marche\\vendor\\laravel\\framework\\src\\Illuminate\\Routing\\Router.php(723): Illuminate\\Pipeline\\Pipeline->then()
#34 D:\\MesProjetsLaravel\\elite-marche\\elite-marche\\vendor\\laravel\\framework\\src\\Illuminate\\Routing\\Router.php(698): Illuminate\\Routing\\Router->runRouteWithinStack()
#35 D:\\MesProjetsLaravel\\elite-marche\\elite-marche\\vendor\\laravel\\framework\\src\\Illuminate\\Routing\\Router.php(662): Illuminate\\Routing\\Router->runRoute()
#36 D:\\MesProjetsLaravel\\elite-marche\\elite-marche\\vendor\\laravel\\framework\\src\\Illuminate\\Routing\\Router.php(651): Illuminate\\Routing\\Router->dispatchToRoute()
#37 D:\\MesProjetsLaravel\\elite-marche\\elite-marche\\vendor\\laravel\\framework\\src\\Illuminate\\Foundation\\Http\\Kernel.php(167): Illuminate\\Routing\\Router->dispatch()
#38 D:\\MesProjetsLaravel\\elite-marche\\elite-marche\\vendor\\laravel\\framework\\src\\Illuminate\\Pipeline\\Pipeline.php(128): Illuminate\\Foundation\\Http\\Kernel->Illuminate\\Foundation\\Http\\{closure}()
#39 D:\\MesProjetsLaravel\\elite-marche\\elite-marche\\vendor\\laravel\\framework\\src\\Illuminate\\Foundation\\Http\\Middleware\\TransformsRequest.php(21): Illuminate\\Pipeline\\Pipeline->Illuminate\\Pipeline\\{closure}()
#40 D:\\MesProjetsLaravel\\elite-marche\\elite-marche\\vendor\\laravel\\framework\\src\\Illuminate\\Foundation\\Http\\Middleware\\ConvertEmptyStringsToNull.php(31): Illuminate\\Foundation\\Http\\Middleware\\TransformsRequest->handle()
#41 D:\\MesProjetsLaravel\\elite-marche\\elite-marche\\vendor\\laravel\\framework\\src\\Illuminate\\Pipeline\\Pipeline.php(167): Illuminate\\Foundation\\Http\\Middleware\\ConvertEmptyStringsToNull->handle()
#42 D:\\MesProjetsLaravel\\elite-marche\\elite-marche\\vendor\\laravel\\framework\\src\\Illuminate\\Foundation\\Http\\Middleware\\TransformsRequest.php(21): Illuminate\\Pipeline\\Pipeline->Illuminate\\Pipeline\\{closure}()
#43 D:\\MesProjetsLaravel\\elite-marche\\elite-marche\\vendor\\laravel\\framework\\src\\Illuminate\\Foundation\\Http\\Middleware\\TrimStrings.php(40): Illuminate\\Foundation\\Http\\Middleware\\TransformsRequest->handle()
#44 D:\\MesProjetsLaravel\\elite-marche\\elite-marche\\vendor\\laravel\\framework\\src\\Illuminate\\Pipeline\\Pipeline.php(167): Illuminate\\Foundation\\Http\\Middleware\\TrimStrings->handle()
#45 D:\\MesProjetsLaravel\\elite-marche\\elite-marche\\vendor\\laravel\\framework\\src\\Illuminate\\Foundation\\Http\\Middleware\\ValidatePostSize.php(27): Illuminate\\Pipeline\\Pipeline->Illuminate\\Pipeline\\{closure}()
#46 D:\\MesProjetsLaravel\\elite-marche\\elite-marche\\vendor\\laravel\\framework\\src\\Illuminate\\Pipeline\\Pipeline.php(167): Illuminate\\Foundation\\Http\\Middleware\\ValidatePostSize->handle()
#47 D:\\MesProjetsLaravel\\elite-marche\\elite-marche\\vendor\\laravel\\framework\\src\\Illuminate\\Foundation\\Http\\Middleware\\PreventRequestsDuringMaintenance.php(86): Illuminate\\Pipeline\\Pipeline->Illuminate\\Pipeline\\{closure}()
#48 D:\\MesProjetsLaravel\\elite-marche\\elite-marche\\vendor\\laravel\\framework\\src\\Illuminate\\Pipeline\\Pipeline.php(167): Illuminate\\Foundation\\Http\\Middleware\\PreventRequestsDuringMaintenance->handle()
#49 D:\\MesProjetsLaravel\\elite-marche\\elite-marche\\vendor\\fruitcake\\laravel-cors\\src\\HandleCors.php(38): Illuminate\\Pipeline\\Pipeline->Illuminate\\Pipeline\\{closure}()
#50 D:\\MesProjetsLaravel\\elite-marche\\elite-marche\\vendor\\laravel\\framework\\src\\Illuminate\\Pipeline\\Pipeline.php(167): Fruitcake\\Cors\\HandleCors->handle()
#51 D:\\MesProjetsLaravel\\elite-marche\\elite-marche\\vendor\\fideloper\\proxy\\src\\TrustProxies.php(57): Illuminate\\Pipeline\\Pipeline->Illuminate\\Pipeline\\{closure}()
#52 D:\\MesProjetsLaravel\\elite-marche\\elite-marche\\vendor\\laravel\\framework\\src\\Illuminate\\Pipeline\\Pipeline.php(167): Fideloper\\Proxy\\TrustProxies->handle()
#53 D:\\MesProjetsLaravel\\elite-marche\\elite-marche\\vendor\\laravel\\framework\\src\\Illuminate\\Http\\Middleware\\TrustHosts.php(48): Illuminate\\Pipeline\\Pipeline->Illuminate\\Pipeline\\{closure}()
#54 D:\\MesProjetsLaravel\\elite-marche\\elite-marche\\vendor\\laravel\\framework\\src\\Illuminate\\Pipeline\\Pipeline.php(167): Illuminate\\Http\\Middleware\\TrustHosts->handle()
#55 D:\\MesProjetsLaravel\\elite-marche\\elite-marche\\vendor\\laravel\\framework\\src\\Illuminate\\Pipeline\\Pipeline.php(103): Illuminate\\Pipeline\\Pipeline->Illuminate\\Pipeline\\{closure}()
#56 D:\\MesProjetsLaravel\\elite-marche\\elite-marche\\vendor\\laravel\\framework\\src\\Illuminate\\Foundation\\Http\\Kernel.php(142): Illuminate\\Pipeline\\Pipeline->then()
#57 D:\\MesProjetsLaravel\\elite-marche\\elite-marche\\vendor\\laravel\\framework\\src\\Illuminate\\Foundation\\Http\\Kernel.php(111): Illuminate\\Foundation\\Http\\Kernel->sendRequestThroughRouter()
#58 D:\\MesProjetsLaravel\\elite-marche\\elite-marche\\public\\index.php(52): Illuminate\\Foundation\\Http\\Kernel->handle()
#59 D:\\MesProjetsLaravel\\elite-marche\\elite-marche\\server.php(21): require_once('D:\\\\MesProjetsLa...')
#60 {main}
"} 
[2023-10-09 01:31:06] local.ERROR: Method App\Http\Controllers\UserController::show does not exist. {"userId":30011,"exception":"[object] (BadMethodCallException(code: 0): Method App\\Http\\Controllers\\UserController::show does not exist. at D:\\MesProjetsLaravel\\elite-marche\\elite-marche\\vendor\\laravel\\framework\\src\\Illuminate\\Routing\\Controller.php:68)
[stacktrace]
#0 D:\\MesProjetsLaravel\\elite-marche\\elite-marche\\vendor\\laravel\\framework\\src\\Illuminate\\Routing\\Controller.php(54): Illuminate\\Routing\\Controller->__call()
#1 D:\\MesProjetsLaravel\\elite-marche\\elite-marche\\vendor\\laravel\\framework\\src\\Illuminate\\Routing\\ControllerDispatcher.php(45): Illuminate\\Routing\\Controller->callAction()
#2 D:\\MesProjetsLaravel\\elite-marche\\elite-marche\\vendor\\laravel\\framework\\src\\Illuminate\\Routing\\Route.php(262): Illuminate\\Routing\\ControllerDispatcher->dispatch()
#3 D:\\MesProjetsLaravel\\elite-marche\\elite-marche\\vendor\\laravel\\framework\\src\\Illuminate\\Routing\\Route.php(205): Illuminate\\Routing\\Route->runController()
#4 D:\\MesProjetsLaravel\\elite-marche\\elite-marche\\vendor\\laravel\\framework\\src\\Illuminate\\Routing\\Router.php(721): Illuminate\\Routing\\Route->run()
#5 D:\\MesProjetsLaravel\\elite-marche\\elite-marche\\vendor\\laravel\\framework\\src\\Illuminate\\Pipeline\\Pipeline.php(128): Illuminate\\Routing\\Router->Illuminate\\Routing\\{closure}()
#6 D:\\MesProjetsLaravel\\elite-marche\\elite-marche\\app\\Http\\Middleware\\SecureHeaders.php(20): Illuminate\\Pipeline\\Pipeline->Illuminate\\Pipeline\\{closure}()
#7 D:\\MesProjetsLaravel\\elite-marche\\elite-marche\\vendor\\laravel\\framework\\src\\Illuminate\\Pipeline\\Pipeline.php(167): App\\Http\\Middleware\\SecureHeaders->handle()
#8 D:\\MesProjetsLaravel\\elite-marche\\elite-marche\\vendor\\laravel\\framework\\src\\Illuminate\\Routing\\Middleware\\SubstituteBindings.php(50): Illuminate\\Pipeline\\Pipeline->Illuminate\\Pipeline\\{closure}()
#9 D:\\MesProjetsLaravel\\elite-marche\\elite-marche\\vendor\\laravel\\framework\\src\\Illuminate\\Pipeline\\Pipeline.php(167): Illuminate\\Routing\\Middleware\\SubstituteBindings->handle()
#10 D:\\MesProjetsLaravel\\elite-marche\\elite-marche\\vendor\\laravel\\framework\\src\\Illuminate\\Auth\\Middleware\\Authenticate.php(44): Illuminate\\Pipeline\\Pipeline->Illuminate\\Pipeline\\{closure}()
#11 D:\\MesProjetsLaravel\\elite-marche\\elite-marche\\vendor\\laravel\\framework\\src\\Illuminate\\Pipeline\\Pipeline.php(167): Illuminate\\Auth\\Middleware\\Authenticate->handle()
#12 D:\\MesProjetsLaravel\\elite-marche\\elite-marche\\vendor\\laravel\\framework\\src\\Illuminate\\Foundation\\Http\\Middleware\\VerifyCsrfToken.php(78): Illuminate\\Pipeline\\Pipeline->Illuminate\\Pipeline\\{closure}()
#13 D:\\MesProjetsLaravel\\elite-marche\\elite-marche\\vendor\\laravel\\framework\\src\\Illuminate\\Pipeline\\Pipeline.php(167): Illuminate\\Foundation\\Http\\Middleware\\VerifyCsrfToken->handle()
#14 D:\\MesProjetsLaravel\\elite-marche\\elite-marche\\vendor\\laravel\\framework\\src\\Illuminate\\View\\Middleware\\ShareErrorsFromSession.php(49): Illuminate\\Pipeline\\Pipeline->Illuminate\\Pipeline\\{closure}()
#15 D:\\MesProjetsLaravel\\elite-marche\\elite-marche\\vendor\\laravel\\framework\\src\\Illuminate\\Pipeline\\Pipeline.php(167): Illuminate\\View\\Middleware\\ShareErrorsFromSession->handle()
#16 D:\\MesProjetsLaravel\\elite-marche\\elite-marche\\vendor\\laravel\\framework\\src\\Illuminate\\Session\\Middleware\\StartSession.php(121): Illuminate\\Pipeline\\Pipeline->Illuminate\\Pipeline\\{closure}()
#17 D:\\MesProjetsLaravel\\elite-marche\\elite-marche\\vendor\\laravel\\framework\\src\\Illuminate\\Session\\Middleware\\StartSession.php(64): Illuminate\\Session\\Middleware\\StartSession->handleStatefulRequest()
#18 D:\\MesProjetsLaravel\\elite-marche\\elite-marche\\vendor\\laravel\\framework\\src\\Illuminate\\Pipeline\\Pipeline.php(167): Illuminate\\Session\\Middleware\\StartSession->handle()
#19 D:\\MesProjetsLaravel\\elite-marche\\elite-marche\\vendor\\laravel\\framework\\src\\Illuminate\\Cookie\\Middleware\\AddQueuedCookiesToResponse.php(37): Illuminate\\Pipeline\\Pipeline->Illuminate\\Pipeline\\{closure}()
#20 D:\\MesProjetsLaravel\\elite-marche\\elite-marche\\vendor\\laravel\\framework\\src\\Illuminate\\Pipeline\\Pipeline.php(167): Illuminate\\Cookie\\Middleware\\AddQueuedCookiesToResponse->handle()
#21 D:\\MesProjetsLaravel\\elite-marche\\elite-marche\\vendor\\laravel\\framework\\src\\Illuminate\\Cookie\\Middleware\\EncryptCookies.php(67): Illuminate\\Pipeline\\Pipeline->Illuminate\\Pipeline\\{closure}()
#22 D:\\MesProjetsLaravel\\elite-marche\\elite-marche\\vendor\\laravel\\framework\\src\\Illuminate\\Pipeline\\Pipeline.php(167): Illuminate\\Cookie\\Middleware\\EncryptCookies->handle()
#23 D:\\MesProjetsLaravel\\elite-marche\\elite-marche\\vendor\\laravel\\framework\\src\\Illuminate\\Pipeline\\Pipeline.php(103): Illuminate\\Pipeline\\Pipeline->Illuminate\\Pipeline\\{closure}()
#24 D:\\MesProjetsLaravel\\elite-marche\\elite-marche\\vendor\\laravel\\framework\\src\\Illuminate\\Routing\\Router.php(723): Illuminate\\Pipeline\\Pipeline->then()
#25 D:\\MesProjetsLaravel\\elite-marche\\elite-marche\\vendor\\laravel\\framework\\src\\Illuminate\\Routing\\Router.php(698): Illuminate\\Routing\\Router->runRouteWithinStack()
#26 D:\\MesProjetsLaravel\\elite-marche\\elite-marche\\vendor\\laravel\\framework\\src\\Illuminate\\Routing\\Router.php(662): Illuminate\\Routing\\Router->runRoute()
#27 D:\\MesProjetsLaravel\\elite-marche\\elite-marche\\vendor\\laravel\\framework\\src\\Illuminate\\Routing\\Router.php(651): Illuminate\\Routing\\Router->dispatchToRoute()
#28 D:\\MesProjetsLaravel\\elite-marche\\elite-marche\\vendor\\laravel\\framework\\src\\Illuminate\\Foundation\\Http\\Kernel.php(167): Illuminate\\Routing\\Router->dispatch()
#29 D:\\MesProjetsLaravel\\elite-marche\\elite-marche\\vendor\\laravel\\framework\\src\\Illuminate\\Pipeline\\Pipeline.php(128): Illuminate\\Foundation\\Http\\Kernel->Illuminate\\Foundation\\Http\\{closure}()
#30 D:\\MesProjetsLaravel\\elite-marche\\elite-marche\\vendor\\laravel\\framework\\src\\Illuminate\\Foundation\\Http\\Middleware\\TransformsRequest.php(21): Illuminate\\Pipeline\\Pipeline->Illuminate\\Pipeline\\{closure}()
#31 D:\\MesProjetsLaravel\\elite-marche\\elite-marche\\vendor\\laravel\\framework\\src\\Illuminate\\Foundation\\Http\\Middleware\\ConvertEmptyStringsToNull.php(31): Illuminate\\Foundation\\Http\\Middleware\\TransformsRequest->handle()
#32 D:\\MesProjetsLaravel\\elite-marche\\elite-marche\\vendor\\laravel\\framework\\src\\Illuminate\\Pipeline\\Pipeline.php(167): Illuminate\\Foundation\\Http\\Middleware\\ConvertEmptyStringsToNull->handle()
#33 D:\\MesProjetsLaravel\\elite-marche\\elite-marche\\vendor\\laravel\\framework\\src\\Illuminate\\Foundation\\Http\\Middleware\\TransformsRequest.php(21): Illuminate\\Pipeline\\Pipeline->Illuminate\\Pipeline\\{closure}()
#34 D:\\MesProjetsLaravel\\elite-marche\\elite-marche\\vendor\\laravel\\framework\\src\\Illuminate\\Foundation\\Http\\Middleware\\TrimStrings.php(40): Illuminate\\Foundation\\Http\\Middleware\\TransformsRequest->handle()
#35 D:\\MesProjetsLaravel\\elite-marche\\elite-marche\\vendor\\laravel\\framework\\src\\Illuminate\\Pipeline\\Pipeline.php(167): Illuminate\\Foundation\\Http\\Middleware\\TrimStrings->handle()
#36 D:\\MesProjetsLaravel\\elite-marche\\elite-marche\\vendor\\laravel\\framework\\src\\Illuminate\\Foundation\\Http\\Middleware\\ValidatePostSize.php(27): Illuminate\\Pipeline\\Pipeline->Illuminate\\Pipeline\\{closure}()
#37 D:\\MesProjetsLaravel\\elite-marche\\elite-marche\\vendor\\laravel\\framework\\src\\Illuminate\\Pipeline\\Pipeline.php(167): Illuminate\\Foundation\\Http\\Middleware\\ValidatePostSize->handle()
#38 D:\\MesProjetsLaravel\\elite-marche\\elite-marche\\vendor\\laravel\\framework\\src\\Illuminate\\Foundation\\Http\\Middleware\\PreventRequestsDuringMaintenance.php(86): Illuminate\\Pipeline\\Pipeline->Illuminate\\Pipeline\\{closure}()
#39 D:\\MesProjetsLaravel\\elite-marche\\elite-marche\\vendor\\laravel\\framework\\src\\Illuminate\\Pipeline\\Pipeline.php(167): Illuminate\\Foundation\\Http\\Middleware\\PreventRequestsDuringMaintenance->handle()
#40 D:\\MesProjetsLaravel\\elite-marche\\elite-marche\\vendor\\fruitcake\\laravel-cors\\src\\HandleCors.php(38): Illuminate\\Pipeline\\Pipeline->Illuminate\\Pipeline\\{closure}()
#41 D:\\MesProjetsLaravel\\elite-marche\\elite-marche\\vendor\\laravel\\framework\\src\\Illuminate\\Pipeline\\Pipeline.php(167): Fruitcake\\Cors\\HandleCors->handle()
#42 D:\\MesProjetsLaravel\\elite-marche\\elite-marche\\vendor\\fideloper\\proxy\\src\\TrustProxies.php(57): Illuminate\\Pipeline\\Pipeline->Illuminate\\Pipeline\\{closure}()
#43 D:\\MesProjetsLaravel\\elite-marche\\elite-marche\\vendor\\laravel\\framework\\src\\Illuminate\\Pipeline\\Pipeline.php(167): Fideloper\\Proxy\\TrustProxies->handle()
#44 D:\\MesProjetsLaravel\\elite-marche\\elite-marche\\vendor\\laravel\\framework\\src\\Illuminate\\Http\\Middleware\\TrustHosts.php(48): Illuminate\\Pipeline\\Pipeline->Illuminate\\Pipeline\\{closure}()
#45 D:\\MesProjetsLaravel\\elite-marche\\elite-marche\\vendor\\laravel\\framework\\src\\Illuminate\\Pipeline\\Pipeline.php(167): Illuminate\\Http\\Middleware\\TrustHosts->handle()
#46 D:\\MesProjetsLaravel\\elite-marche\\elite-marche\\vendor\\laravel\\framework\\src\\Illuminate\\Pipeline\\Pipeline.php(103): Illuminate\\Pipeline\\Pipeline->Illuminate\\Pipeline\\{closure}()
#47 D:\\MesProjetsLaravel\\elite-marche\\elite-marche\\vendor\\laravel\\framework\\src\\Illuminate\\Foundation\\Http\\Kernel.php(142): Illuminate\\Pipeline\\Pipeline->then()
#48 D:\\MesProjetsLaravel\\elite-marche\\elite-marche\\vendor\\laravel\\framework\\src\\Illuminate\\Foundation\\Http\\Kernel.php(111): Illuminate\\Foundation\\Http\\Kernel->sendRequestThroughRouter()
#49 D:\\MesProjetsLaravel\\elite-marche\\elite-marche\\public\\index.php(52): Illuminate\\Foundation\\Http\\Kernel->handle()
#50 D:\\MesProjetsLaravel\\elite-marche\\elite-marche\\server.php(21): require_once('D:\\\\MesProjetsLa...')
#51 {main}
"} 
[2023-10-09 01:32:11] local.ERROR: Method App\Http\Controllers\UserController::show does not exist. {"userId":30011,"exception":"[object] (BadMethodCallException(code: 0): Method App\\Http\\Controllers\\UserController::show does not exist. at D:\\MesProjetsLaravel\\elite-marche\\elite-marche\\vendor\\laravel\\framework\\src\\Illuminate\\Routing\\Controller.php:68)
[stacktrace]
#0 D:\\MesProjetsLaravel\\elite-marche\\elite-marche\\vendor\\laravel\\framework\\src\\Illuminate\\Routing\\Controller.php(54): Illuminate\\Routing\\Controller->__call()
#1 D:\\MesProjetsLaravel\\elite-marche\\elite-marche\\vendor\\laravel\\framework\\src\\Illuminate\\Routing\\ControllerDispatcher.php(45): Illuminate\\Routing\\Controller->callAction()
#2 D:\\MesProjetsLaravel\\elite-marche\\elite-marche\\vendor\\laravel\\framework\\src\\Illuminate\\Routing\\Route.php(262): Illuminate\\Routing\\ControllerDispatcher->dispatch()
#3 D:\\MesProjetsLaravel\\elite-marche\\elite-marche\\vendor\\laravel\\framework\\src\\Illuminate\\Routing\\Route.php(205): Illuminate\\Routing\\Route->runController()
#4 D:\\MesProjetsLaravel\\elite-marche\\elite-marche\\vendor\\laravel\\framework\\src\\Illuminate\\Routing\\Router.php(721): Illuminate\\Routing\\Route->run()
#5 D:\\MesProjetsLaravel\\elite-marche\\elite-marche\\vendor\\laravel\\framework\\src\\Illuminate\\Pipeline\\Pipeline.php(128): Illuminate\\Routing\\Router->Illuminate\\Routing\\{closure}()
#6 D:\\MesProjetsLaravel\\elite-marche\\elite-marche\\app\\Http\\Middleware\\SecureHeaders.php(20): Illuminate\\Pipeline\\Pipeline->Illuminate\\Pipeline\\{closure}()
#7 D:\\MesProjetsLaravel\\elite-marche\\elite-marche\\vendor\\laravel\\framework\\src\\Illuminate\\Pipeline\\Pipeline.php(167): App\\Http\\Middleware\\SecureHeaders->handle()
#8 D:\\MesProjetsLaravel\\elite-marche\\elite-marche\\vendor\\laravel\\framework\\src\\Illuminate\\Routing\\Middleware\\SubstituteBindings.php(50): Illuminate\\Pipeline\\Pipeline->Illuminate\\Pipeline\\{closure}()
#9 D:\\MesProjetsLaravel\\elite-marche\\elite-marche\\vendor\\laravel\\framework\\src\\Illuminate\\Pipeline\\Pipeline.php(167): Illuminate\\Routing\\Middleware\\SubstituteBindings->handle()
#10 D:\\MesProjetsLaravel\\elite-marche\\elite-marche\\vendor\\laravel\\framework\\src\\Illuminate\\Auth\\Middleware\\Authenticate.php(44): Illuminate\\Pipeline\\Pipeline->Illuminate\\Pipeline\\{closure}()
#11 D:\\MesProjetsLaravel\\elite-marche\\elite-marche\\vendor\\laravel\\framework\\src\\Illuminate\\Pipeline\\Pipeline.php(167): Illuminate\\Auth\\Middleware\\Authenticate->handle()
#12 D:\\MesProjetsLaravel\\elite-marche\\elite-marche\\vendor\\laravel\\framework\\src\\Illuminate\\Foundation\\Http\\Middleware\\VerifyCsrfToken.php(78): Illuminate\\Pipeline\\Pipeline->Illuminate\\Pipeline\\{closure}()
#13 D:\\MesProjetsLaravel\\elite-marche\\elite-marche\\vendor\\laravel\\framework\\src\\Illuminate\\Pipeline\\Pipeline.php(167): Illuminate\\Foundation\\Http\\Middleware\\VerifyCsrfToken->handle()
#14 D:\\MesProjetsLaravel\\elite-marche\\elite-marche\\vendor\\laravel\\framework\\src\\Illuminate\\View\\Middleware\\ShareErrorsFromSession.php(49): Illuminate\\Pipeline\\Pipeline->Illuminate\\Pipeline\\{closure}()
#15 D:\\MesProjetsLaravel\\elite-marche\\elite-marche\\vendor\\laravel\\framework\\src\\Illuminate\\Pipeline\\Pipeline.php(167): Illuminate\\View\\Middleware\\ShareErrorsFromSession->handle()
#16 D:\\MesProjetsLaravel\\elite-marche\\elite-marche\\vendor\\laravel\\framework\\src\\Illuminate\\Session\\Middleware\\StartSession.php(121): Illuminate\\Pipeline\\Pipeline->Illuminate\\Pipeline\\{closure}()
#17 D:\\MesProjetsLaravel\\elite-marche\\elite-marche\\vendor\\laravel\\framework\\src\\Illuminate\\Session\\Middleware\\StartSession.php(64): Illuminate\\Session\\Middleware\\StartSession->handleStatefulRequest()
#18 D:\\MesProjetsLaravel\\elite-marche\\elite-marche\\vendor\\laravel\\framework\\src\\Illuminate\\Pipeline\\Pipeline.php(167): Illuminate\\Session\\Middleware\\StartSession->handle()
#19 D:\\MesProjetsLaravel\\elite-marche\\elite-marche\\vendor\\laravel\\framework\\src\\Illuminate\\Cookie\\Middleware\\AddQueuedCookiesToResponse.php(37): Illuminate\\Pipeline\\Pipeline->Illuminate\\Pipeline\\{closure}()
#20 D:\\MesProjetsLaravel\\elite-marche\\elite-marche\\vendor\\laravel\\framework\\src\\Illuminate\\Pipeline\\Pipeline.php(167): Illuminate\\Cookie\\Middleware\\AddQueuedCookiesToResponse->handle()
#21 D:\\MesProjetsLaravel\\elite-marche\\elite-marche\\vendor\\laravel\\framework\\src\\Illuminate\\Cookie\\Middleware\\EncryptCookies.php(67): Illuminate\\Pipeline\\Pipeline->Illuminate\\Pipeline\\{closure}()
#22 D:\\MesProjetsLaravel\\elite-marche\\elite-marche\\vendor\\laravel\\framework\\src\\Illuminate\\Pipeline\\Pipeline.php(167): Illuminate\\Cookie\\Middleware\\EncryptCookies->handle()
#23 D:\\MesProjetsLaravel\\elite-marche\\elite-marche\\vendor\\laravel\\framework\\src\\Illuminate\\Pipeline\\Pipeline.php(103): Illuminate\\Pipeline\\Pipeline->Illuminate\\Pipeline\\{closure}()
#24 D:\\MesProjetsLaravel\\elite-marche\\elite-marche\\vendor\\laravel\\framework\\src\\Illuminate\\Routing\\Router.php(723): Illuminate\\Pipeline\\Pipeline->then()
#25 D:\\MesProjetsLaravel\\elite-marche\\elite-marche\\vendor\\laravel\\framework\\src\\Illuminate\\Routing\\Router.php(698): Illuminate\\Routing\\Router->runRouteWithinStack()
#26 D:\\MesProjetsLaravel\\elite-marche\\elite-marche\\vendor\\laravel\\framework\\src\\Illuminate\\Routing\\Router.php(662): Illuminate\\Routing\\Router->runRoute()
#27 D:\\MesProjetsLaravel\\elite-marche\\elite-marche\\vendor\\laravel\\framework\\src\\Illuminate\\Routing\\Router.php(651): Illuminate\\Routing\\Router->dispatchToRoute()
#28 D:\\MesProjetsLaravel\\elite-marche\\elite-marche\\vendor\\laravel\\framework\\src\\Illuminate\\Foundation\\Http\\Kernel.php(167): Illuminate\\Routing\\Router->dispatch()
#29 D:\\MesProjetsLaravel\\elite-marche\\elite-marche\\vendor\\laravel\\framework\\src\\Illuminate\\Pipeline\\Pipeline.php(128): Illuminate\\Foundation\\Http\\Kernel->Illuminate\\Foundation\\Http\\{closure}()
#30 D:\\MesProjetsLaravel\\elite-marche\\elite-marche\\vendor\\laravel\\framework\\src\\Illuminate\\Foundation\\Http\\Middleware\\TransformsRequest.php(21): Illuminate\\Pipeline\\Pipeline->Illuminate\\Pipeline\\{closure}()
#31 D:\\MesProjetsLaravel\\elite-marche\\elite-marche\\vendor\\laravel\\framework\\src\\Illuminate\\Foundation\\Http\\Middleware\\ConvertEmptyStringsToNull.php(31): Illuminate\\Foundation\\Http\\Middleware\\TransformsRequest->handle()
#32 D:\\MesProjetsLaravel\\elite-marche\\elite-marche\\vendor\\laravel\\framework\\src\\Illuminate\\Pipeline\\Pipeline.php(167): Illuminate\\Foundation\\Http\\Middleware\\ConvertEmptyStringsToNull->handle()
#33 D:\\MesProjetsLaravel\\elite-marche\\elite-marche\\vendor\\laravel\\framework\\src\\Illuminate\\Foundation\\Http\\Middleware\\TransformsRequest.php(21): Illuminate\\Pipeline\\Pipeline->Illuminate\\Pipeline\\{closure}()
#34 D:\\MesProjetsLaravel\\elite-marche\\elite-marche\\vendor\\laravel\\framework\\src\\Illuminate\\Foundation\\Http\\Middleware\\TrimStrings.php(40): Illuminate\\Foundation\\Http\\Middleware\\TransformsRequest->handle()
#35 D:\\MesProjetsLaravel\\elite-marche\\elite-marche\\vendor\\laravel\\framework\\src\\Illuminate\\Pipeline\\Pipeline.php(167): Illuminate\\Foundation\\Http\\Middleware\\TrimStrings->handle()
#36 D:\\MesProjetsLaravel\\elite-marche\\elite-marche\\vendor\\laravel\\framework\\src\\Illuminate\\Foundation\\Http\\Middleware\\ValidatePostSize.php(27): Illuminate\\Pipeline\\Pipeline->Illuminate\\Pipeline\\{closure}()
#37 D:\\MesProjetsLaravel\\elite-marche\\elite-marche\\vendor\\laravel\\framework\\src\\Illuminate\\Pipeline\\Pipeline.php(167): Illuminate\\Foundation\\Http\\Middleware\\ValidatePostSize->handle()
#38 D:\\MesProjetsLaravel\\elite-marche\\elite-marche\\vendor\\laravel\\framework\\src\\Illuminate\\Foundation\\Http\\Middleware\\PreventRequestsDuringMaintenance.php(86): Illuminate\\Pipeline\\Pipeline->Illuminate\\Pipeline\\{closure}()
#39 D:\\MesProjetsLaravel\\elite-marche\\elite-marche\\vendor\\laravel\\framework\\src\\Illuminate\\Pipeline\\Pipeline.php(167): Illuminate\\Foundation\\Http\\Middleware\\PreventRequestsDuringMaintenance->handle()
#40 D:\\MesProjetsLaravel\\elite-marche\\elite-marche\\vendor\\fruitcake\\laravel-cors\\src\\HandleCors.php(38): Illuminate\\Pipeline\\Pipeline->Illuminate\\Pipeline\\{closure}()
#41 D:\\MesProjetsLaravel\\elite-marche\\elite-marche\\vendor\\laravel\\framework\\src\\Illuminate\\Pipeline\\Pipeline.php(167): Fruitcake\\Cors\\HandleCors->handle()
#42 D:\\MesProjetsLaravel\\elite-marche\\elite-marche\\vendor\\fideloper\\proxy\\src\\TrustProxies.php(57): Illuminate\\Pipeline\\Pipeline->Illuminate\\Pipeline\\{closure}()
#43 D:\\MesProjetsLaravel\\elite-marche\\elite-marche\\vendor\\laravel\\framework\\src\\Illuminate\\Pipeline\\Pipeline.php(167): Fideloper\\Proxy\\TrustProxies->handle()
#44 D:\\MesProjetsLaravel\\elite-marche\\elite-marche\\vendor\\laravel\\framework\\src\\Illuminate\\Http\\Middleware\\TrustHosts.php(48): Illuminate\\Pipeline\\Pipeline->Illuminate\\Pipeline\\{closure}()
#45 D:\\MesProjetsLaravel\\elite-marche\\elite-marche\\vendor\\laravel\\framework\\src\\Illuminate\\Pipeline\\Pipeline.php(167): Illuminate\\Http\\Middleware\\TrustHosts->handle()
#46 D:\\MesProjetsLaravel\\elite-marche\\elite-marche\\vendor\\laravel\\framework\\src\\Illuminate\\Pipeline\\Pipeline.php(103): Illuminate\\Pipeline\\Pipeline->Illuminate\\Pipeline\\{closure}()
#47 D:\\MesProjetsLaravel\\elite-marche\\elite-marche\\vendor\\laravel\\framework\\src\\Illuminate\\Foundation\\Http\\Kernel.php(142): Illuminate\\Pipeline\\Pipeline->then()
#48 D:\\MesProjetsLaravel\\elite-marche\\elite-marche\\vendor\\laravel\\framework\\src\\Illuminate\\Foundation\\Http\\Kernel.php(111): Illuminate\\Foundation\\Http\\Kernel->sendRequestThroughRouter()
#49 D:\\MesProjetsLaravel\\elite-marche\\elite-marche\\public\\index.php(52): Illuminate\\Foundation\\Http\\Kernel->handle()
#50 D:\\MesProjetsLaravel\\elite-marche\\elite-marche\\server.php(21): require_once('D:\\\\MesProjetsLa...')
#51 {main}
"} 
[2023-10-09 01:32:17] local.EMERGENCY: array (
  'notifsRappelCount' => 0,
  'notifsValidationCount' => 0,
  'notifsMessageCount' => 0,
)  
[2023-10-09 01:32:22] local.EMERGENCY: array (
  'notifsRappelCount' => 0,
  'notifsValidationCount' => 0,
  'notifsMessageCount' => 0,
)  
[2023-10-09 01:32:31] local.EMERGENCY: array (
  'notifsRappelCount' => 0,
  'notifsValidationCount' => 0,
  'notifsMessageCount' => 0,
)  
[2023-10-09 01:32:44] local.EMERGENCY: array (
  'notifsRappelCount' => 0,
  'notifsValidationCount' => 0,
  'notifsMessageCount' => 0,
)  
[2023-10-09 01:32:54] local.EMERGENCY: array (
  'notifsRappelCount' => 0,
  'notifsValidationCount' => 0,
  'notifsMessageCount' => 0,
)  
[2023-10-09 01:36:10] local.EMERGENCY: array (
  'notifsRappelCount' => 0,
  'notifsValidationCount' => 0,
  'notifsMessageCount' => 0,
)  
[2023-10-09 01:36:19] local.EMERGENCY: array (
  'notifsRappelCount' => 0,
  'notifsValidationCount' => 0,
  'notifsMessageCount' => 0,
)  
[2023-10-09 01:38:04] local.EMERGENCY: array (
  'notifsRappelCount' => 0,
  'notifsValidationCount' => 0,
  'notifsMessageCount' => 0,
)  
[2023-10-09 01:38:48] local.EMERGENCY: array (
  'notifsRappelCount' => 0,
  'notifsValidationCount' => 0,
  'notifsMessageCount' => 0,
)  
[2023-10-09 01:41:23] local.EMERGENCY: array (
  'notifsRappelCount' => 0,
  'notifsValidationCount' => 0,
  'notifsMessageCount' => 0,
)  
[2023-10-09 01:41:24] local.CRITICAL: Notif Id : 0  
[2023-10-09 01:41:24] local.INFO: []  
[2023-10-09 01:41:31] local.CRITICAL: Notif Id : 4  
[2023-10-09 01:41:31] local.INFO: []  
[2023-10-09 01:41:39] local.CRITICAL: Notif Id : 0  
[2023-10-09 01:41:39] local.INFO: []  
[2023-10-09 01:41:39] local.CRITICAL: Notif Id : 5  
[2023-10-09 01:41:39] local.INFO: []  
